TN:
SF:backend\src\server.js
FN:1,(empty-report)
FNF:1
FNH:0
FNDA:0,(empty-report)
DA:1,0
DA:2,0
DA:3,0
DA:4,0
DA:5,0
DA:6,0
DA:7,0
DA:8,0
DA:9,0
DA:10,0
DA:11,0
DA:12,0
DA:13,0
DA:14,0
DA:15,0
DA:16,0
DA:17,0
DA:18,0
DA:19,0
DA:20,0
DA:21,0
DA:22,0
DA:23,0
DA:24,0
DA:25,0
DA:26,0
DA:27,0
DA:28,0
DA:29,0
DA:30,0
DA:31,0
DA:32,0
DA:33,0
DA:34,0
DA:35,0
DA:36,0
DA:37,0
DA:38,0
DA:39,0
DA:40,0
DA:41,0
DA:42,0
DA:43,0
DA:44,0
DA:45,0
DA:46,0
DA:47,0
DA:48,0
DA:49,0
DA:50,0
DA:51,0
DA:52,0
DA:53,0
DA:54,0
DA:55,0
DA:56,0
DA:57,0
DA:58,0
DA:59,0
DA:60,0
DA:61,0
DA:62,0
DA:63,0
DA:64,0
DA:65,0
DA:66,0
DA:67,0
DA:68,0
DA:69,0
DA:70,0
DA:71,0
DA:72,0
DA:73,0
DA:74,0
DA:75,0
DA:76,0
DA:77,0
DA:78,0
DA:79,0
DA:80,0
DA:81,0
DA:82,0
DA:83,0
DA:84,0
DA:85,0
DA:86,0
DA:87,0
DA:88,0
DA:89,0
DA:90,0
DA:91,0
DA:92,0
DA:93,0
DA:94,0
DA:95,0
DA:96,0
DA:97,0
DA:98,0
DA:99,0
DA:100,0
DA:101,0
DA:102,0
DA:103,0
DA:104,0
DA:105,0
DA:106,0
DA:107,0
DA:108,0
DA:109,0
DA:110,0
DA:111,0
DA:112,0
DA:113,0
DA:114,0
DA:115,0
DA:116,0
DA:117,0
DA:118,0
DA:119,0
DA:120,0
DA:121,0
DA:122,0
DA:123,0
DA:124,0
DA:125,0
DA:126,0
DA:127,0
DA:128,0
DA:129,0
DA:130,0
DA:131,0
DA:132,0
DA:133,0
DA:134,0
DA:135,0
DA:136,0
DA:137,0
DA:138,0
DA:139,0
DA:140,0
DA:141,0
DA:142,0
DA:143,0
DA:144,0
DA:145,0
DA:146,0
DA:147,0
DA:148,0
DA:149,0
DA:150,0
DA:151,0
DA:152,0
DA:153,0
DA:154,0
DA:155,0
DA:156,0
DA:157,0
DA:158,0
DA:159,0
DA:160,0
DA:161,0
DA:162,0
DA:163,0
DA:164,0
DA:165,0
DA:166,0
DA:167,0
DA:168,0
DA:169,0
DA:170,0
DA:171,0
DA:172,0
DA:173,0
DA:174,0
DA:175,0
DA:176,0
DA:177,0
DA:178,0
DA:179,0
DA:180,0
DA:181,0
DA:182,0
DA:183,0
DA:184,0
DA:185,0
DA:186,0
DA:187,0
DA:188,0
DA:189,0
DA:190,0
DA:191,0
DA:192,0
DA:193,0
DA:194,0
DA:195,0
DA:196,0
DA:197,0
DA:198,0
DA:199,0
DA:200,0
DA:201,0
DA:202,0
DA:203,0
DA:204,0
DA:205,0
DA:206,0
DA:207,0
DA:208,0
DA:209,0
DA:210,0
DA:211,0
DA:212,0
DA:213,0
DA:214,0
DA:215,0
DA:216,0
DA:217,0
DA:218,0
DA:219,0
DA:220,0
DA:221,0
DA:222,0
DA:223,0
DA:224,0
DA:225,0
DA:226,0
DA:227,0
DA:228,0
DA:229,0
DA:230,0
DA:231,0
DA:232,0
DA:233,0
DA:234,0
DA:235,0
DA:236,0
DA:237,0
DA:238,0
DA:239,0
DA:240,0
DA:241,0
DA:242,0
DA:243,0
DA:244,0
DA:245,0
DA:246,0
DA:247,0
DA:248,0
DA:249,0
DA:250,0
DA:251,0
DA:252,0
DA:253,0
DA:254,0
DA:255,0
DA:256,0
DA:257,0
DA:258,0
DA:259,0
DA:260,0
DA:261,0
DA:262,0
DA:263,0
DA:264,0
DA:265,0
DA:266,0
DA:267,0
DA:268,0
DA:269,0
DA:270,0
DA:271,0
DA:272,0
DA:273,0
DA:274,0
DA:275,0
DA:276,0
DA:277,0
DA:278,0
DA:279,0
DA:280,0
DA:281,0
DA:282,0
DA:283,0
DA:284,0
DA:285,0
DA:286,0
DA:287,0
DA:288,0
DA:289,0
DA:290,0
DA:291,0
DA:292,0
DA:293,0
DA:294,0
DA:295,0
DA:296,0
DA:297,0
DA:298,0
DA:299,0
DA:300,0
DA:301,0
DA:302,0
DA:303,0
DA:304,0
DA:305,0
DA:306,0
DA:307,0
DA:308,0
DA:309,0
DA:310,0
DA:311,0
DA:312,0
DA:313,0
DA:314,0
DA:315,0
DA:316,0
DA:317,0
DA:318,0
DA:319,0
DA:320,0
DA:321,0
DA:322,0
DA:323,0
DA:324,0
DA:325,0
DA:326,0
DA:327,0
DA:328,0
DA:329,0
DA:330,0
DA:331,0
DA:332,0
DA:333,0
DA:334,0
DA:335,0
DA:336,0
DA:337,0
DA:338,0
DA:339,0
DA:340,0
DA:341,0
DA:342,0
DA:343,0
DA:344,0
DA:345,0
DA:346,0
DA:347,0
DA:348,0
DA:349,0
DA:350,0
DA:351,0
DA:352,0
DA:353,0
DA:354,0
DA:355,0
DA:356,0
DA:357,0
DA:358,0
DA:359,0
DA:360,0
DA:361,0
DA:362,0
DA:363,0
DA:364,0
DA:365,0
DA:366,0
DA:367,0
DA:368,0
DA:369,0
DA:370,0
DA:371,0
DA:372,0
DA:373,0
DA:374,0
DA:375,0
DA:376,0
DA:377,0
DA:378,0
DA:379,0
DA:380,0
DA:381,0
DA:382,0
DA:383,0
DA:384,0
DA:385,0
DA:386,0
DA:387,0
DA:388,0
DA:389,0
DA:390,0
DA:391,0
DA:392,0
DA:393,0
DA:394,0
DA:395,0
DA:396,0
DA:397,0
DA:398,0
DA:399,0
DA:400,0
DA:401,0
DA:402,0
DA:403,0
DA:404,0
DA:405,0
DA:406,0
DA:407,0
DA:408,0
DA:409,0
DA:410,0
DA:411,0
DA:412,0
DA:413,0
DA:414,0
DA:415,0
DA:416,0
DA:417,0
DA:418,0
DA:419,0
DA:420,0
DA:421,0
DA:422,0
DA:423,0
DA:424,0
DA:425,0
DA:426,0
DA:427,0
DA:428,0
DA:429,0
DA:430,0
DA:431,0
DA:432,0
DA:433,0
DA:434,0
DA:435,0
DA:436,0
DA:437,0
DA:438,0
DA:439,0
DA:440,0
DA:441,0
DA:442,0
DA:443,0
DA:444,0
DA:445,0
DA:446,0
DA:447,0
DA:448,0
DA:449,0
DA:450,0
DA:451,0
DA:452,0
DA:453,0
DA:454,0
DA:455,0
DA:456,0
DA:457,0
DA:458,0
DA:459,0
DA:460,0
DA:461,0
DA:462,0
DA:463,0
DA:464,0
DA:465,0
DA:466,0
DA:467,0
DA:468,0
DA:469,0
DA:470,0
DA:471,0
DA:472,0
DA:473,0
DA:474,0
DA:475,0
DA:476,0
DA:477,0
DA:478,0
DA:479,0
DA:480,0
DA:481,0
DA:482,0
DA:483,0
DA:484,0
DA:485,0
DA:486,0
DA:487,0
DA:488,0
DA:489,0
DA:490,0
DA:491,0
DA:492,0
DA:493,0
DA:494,0
DA:495,0
DA:496,0
DA:497,0
DA:498,0
DA:499,0
DA:500,0
DA:501,0
DA:502,0
DA:503,0
DA:504,0
DA:505,0
DA:506,0
DA:507,0
DA:508,0
DA:509,0
DA:510,0
DA:511,0
DA:512,0
DA:513,0
DA:514,0
DA:515,0
DA:516,0
DA:517,0
DA:518,0
DA:519,0
DA:520,0
DA:521,0
DA:522,0
DA:523,0
DA:524,0
DA:525,0
DA:526,0
DA:527,0
DA:528,0
DA:529,0
DA:530,0
DA:531,0
DA:532,0
DA:533,0
DA:534,0
DA:535,0
DA:536,0
DA:537,0
DA:538,0
DA:539,0
DA:540,0
DA:541,0
DA:542,0
DA:543,0
DA:544,0
DA:545,0
DA:546,0
DA:547,0
DA:548,0
DA:549,0
DA:550,0
DA:551,0
DA:552,0
DA:553,0
DA:554,0
DA:555,0
DA:556,0
DA:557,0
DA:558,0
DA:559,0
DA:560,0
DA:561,0
DA:562,0
DA:563,0
DA:564,0
DA:565,0
DA:566,0
DA:567,0
DA:568,0
DA:569,0
DA:570,0
DA:571,0
DA:572,0
DA:573,0
DA:574,0
DA:575,0
DA:576,0
DA:577,0
DA:578,0
DA:579,0
DA:580,0
DA:581,0
DA:582,0
DA:583,0
DA:584,0
DA:585,0
DA:586,0
DA:587,0
DA:588,0
DA:589,0
DA:590,0
DA:591,0
DA:592,0
DA:593,0
DA:594,0
DA:595,0
DA:596,0
DA:597,0
DA:598,0
DA:599,0
DA:600,0
DA:601,0
DA:602,0
DA:603,0
DA:604,0
DA:605,0
DA:606,0
DA:607,0
DA:608,0
DA:609,0
DA:610,0
DA:611,0
DA:612,0
DA:613,0
DA:614,0
DA:615,0
DA:616,0
DA:617,0
DA:618,0
DA:619,0
DA:620,0
DA:621,0
DA:622,0
DA:623,0
DA:624,0
DA:625,0
DA:626,0
DA:627,0
DA:628,0
DA:629,0
DA:630,0
DA:631,0
DA:632,0
DA:633,0
DA:634,0
DA:635,0
DA:636,0
DA:637,0
DA:638,0
DA:639,0
DA:640,0
LF:640
LH:0
BRDA:1,0,0,0
BRF:1
BRH:0
end_of_record
TN:
SF:backend\src\api\auth_controller.js
FN:3,createAuthController
FN:5,login
FNF:2
FNH:2
FNDA:528,createAuthController
FNDA:45,login
DA:1,272
DA:2,272
DA:3,272
DA:4,528
DA:5,528
DA:6,528
DA:7,528
LF:7
LH:7
BRDA:1,0,0,272
BRDA:3,1,0,528
BRDA:5,2,0,45
BRF:3
BRH:3
end_of_record
TN:
SF:backend\src\api\login_controller.js
FN:4,createLoginController
FNF:1
FNH:1
FNDA:264,createLoginController
DA:1,272
DA:2,272
DA:3,272
DA:4,272
DA:5,264
DA:6,264
DA:7,264
DA:8,264
DA:9,264
DA:10,264
DA:11,264
LF:11
LH:11
BRDA:1,0,0,272
BRDA:4,1,0,264
BRF:2
BRH:2
end_of_record
TN:
SF:backend\src\api\login_error_mapper.js
FN:1,missingFields
FN:12,invalidCredentials
FN:22,lockout
FN:33,credentialStoreUnavailable
FNF:4
FNH:4
FNDA:3,missingFields
FNDA:14,invalidCredentials
FNDA:4,lockout
FNDA:2,credentialStoreUnavailable
DA:1,272
DA:2,3
DA:3,3
DA:4,3
DA:5,3
DA:6,3
DA:7,3
DA:8,3
DA:9,3
DA:10,3
DA:11,272
DA:12,272
DA:13,14
DA:14,14
DA:15,14
DA:16,14
DA:17,14
DA:18,14
DA:19,14
DA:20,14
DA:21,272
DA:22,272
DA:23,4
DA:24,4
DA:25,4
DA:26,4
DA:27,4
DA:28,4
DA:29,4
DA:30,4
DA:31,4
DA:32,272
DA:33,272
DA:34,2
DA:35,2
DA:36,2
DA:37,2
DA:38,2
DA:39,2
DA:40,2
DA:41,2
LF:41
LH:41
BRDA:1,0,0,272
BRDA:1,1,0,3
BRDA:12,2,0,14
BRDA:22,3,0,4
BRDA:33,4,0,2
BRF:5
BRH:5
end_of_record
TN:
SF:backend\src\api\login_routes.js
FN:3,createLoginRoutes
FNF:1
FNH:1
FNDA:264,createLoginRoutes
DA:1,272
DA:2,272
DA:3,272
DA:4,264
DA:5,264
DA:6,264
DA:7,264
DA:8,264
DA:9,264
LF:9
LH:9
BRDA:1,0,0,272
BRDA:3,1,0,264
BRF:2
BRH:2
end_of_record
TN:
SF:backend\src\api\password_change_controller.js
FN:3,createPasswordChangeController
FN:5,changePassword
FNF:2
FNH:2
FNDA:264,createPasswordChangeController
FNDA:17,changePassword
DA:1,272
DA:2,272
DA:3,272
DA:4,264
DA:5,264
DA:6,264
DA:7,264
LF:7
LH:7
BRDA:1,0,0,272
BRDA:3,1,0,264
BRDA:5,2,0,17
BRF:3
BRH:3
end_of_record
TN:
SF:backend\src\api\password_change_error_mapper.js
FN:1,requiredFieldErrors
FN:12,mismatchError
FN:22,incorrectCurrentPassword
FN:32,policyViolation
FN:43,systemFailure
FNF:5
FNH:5
FNDA:2,requiredFieldErrors
FNDA:2,mismatchError
FNDA:1,incorrectCurrentPassword
FNDA:3,policyViolation
FNDA:2,systemFailure
DA:1,272
DA:2,2
DA:3,2
DA:4,2
DA:5,2
DA:6,2
DA:7,2
DA:8,2
DA:9,2
DA:10,2
DA:11,272
DA:12,272
DA:13,2
DA:14,2
DA:15,2
DA:16,2
DA:17,2
DA:18,2
DA:19,2
DA:20,2
DA:21,272
DA:22,272
DA:23,1
DA:24,1
DA:25,1
DA:26,1
DA:27,1
DA:28,1
DA:29,1
DA:30,1
DA:31,272
DA:32,272
DA:33,3
DA:34,3
DA:35,3
DA:36,3
DA:37,3
DA:38,3
DA:39,3
DA:40,3
DA:41,3
DA:42,272
DA:43,272
DA:44,2
DA:45,2
DA:46,2
DA:47,2
DA:48,2
DA:49,2
DA:50,2
DA:51,2
LF:51
LH:51
BRDA:1,0,0,272
BRDA:1,1,0,2
BRDA:12,2,0,2
BRDA:22,3,0,1
BRDA:32,4,0,3
BRDA:43,5,0,2
BRF:6
BRH:6
end_of_record
TN:
SF:backend\src\api\password_change_routes.js
FN:3,createPasswordChangeRoutes
FNF:1
FNH:1
FNDA:264,createPasswordChangeRoutes
DA:1,272
DA:2,272
DA:3,272
DA:4,264
DA:5,264
DA:6,264
DA:7,264
DA:8,264
LF:8
LH:8
BRDA:1,0,0,272
BRDA:3,1,0,264
BRF:2
BRH:2
end_of_record
TN:
SF:backend\src\api\registration_controller.js
FN:5,createRegistrationController
FN:7,submitRegistration
FN:8,verifyRegistration
FN:9,resendConfirmation
FNF:4
FNH:4
FNDA:264,createRegistrationController
FNDA:10,submitRegistration
FNDA:5,verifyRegistration
FNDA:2,resendConfirmation
DA:1,272
DA:2,272
DA:3,272
DA:4,272
DA:5,272
DA:6,264
DA:7,264
DA:8,264
DA:9,264
DA:10,264
DA:11,264
LF:11
LH:11
BRDA:1,0,0,272
BRDA:5,1,0,264
BRDA:7,2,0,10
BRDA:8,3,0,5
BRDA:9,4,0,2
BRF:5
BRH:5
end_of_record
TN:
SF:backend\src\api\registration_error_mapper.js
FN:1,mapValidationErrors
FN:9,mapError
FNF:2
FNH:2
FNDA:3,mapValidationErrors
FNDA:9,mapError
DA:1,273
DA:2,3
DA:3,3
DA:4,3
DA:5,3
DA:6,3
DA:7,3
DA:8,273
DA:9,273
DA:10,9
DA:11,9
LF:11
LH:11
BRDA:1,0,0,273
BRDA:1,1,0,3
BRDA:9,2,0,9
BRF:3
BRH:3
end_of_record
TN:
SF:backend\src\api\registration_routes.js
FN:78,createRegistrationRoutes
FNF:1
FNH:1
FNDA:264,createRegistrationRoutes
DA:1,272
DA:2,272
DA:3,272
DA:4,272
DA:5,272
DA:6,272
DA:7,272
DA:8,272
DA:9,272
DA:10,272
DA:11,272
DA:12,272
DA:13,272
DA:14,272
DA:15,272
DA:16,272
DA:17,272
DA:18,272
DA:19,272
DA:20,272
DA:21,272
DA:22,272
DA:23,272
DA:24,272
DA:25,272
DA:26,272
DA:27,272
DA:28,272
DA:29,272
DA:30,272
DA:31,272
DA:32,272
DA:33,272
DA:34,272
DA:35,272
DA:36,272
DA:37,272
DA:38,272
DA:39,272
DA:40,272
DA:41,272
DA:42,272
DA:43,272
DA:44,272
DA:45,272
DA:46,272
DA:47,272
DA:48,272
DA:49,272
DA:50,272
DA:51,272
DA:52,272
DA:53,272
DA:54,272
DA:55,272
DA:56,272
DA:57,272
DA:58,272
DA:59,272
DA:60,272
DA:61,272
DA:62,272
DA:63,272
DA:64,272
DA:65,272
DA:66,272
DA:67,272
DA:68,272
DA:69,272
DA:70,272
DA:71,272
DA:72,272
DA:73,272
DA:74,272
DA:75,272
DA:76,272
DA:77,272
DA:78,272
DA:79,264
DA:80,250
DA:81,250
DA:82,264
DA:83,250
DA:84,250
DA:85,264
DA:86,250
DA:87,250
DA:88,264
DA:89,250
DA:90,250
DA:91,264
DA:92,250
DA:93,250
DA:94,264
DA:95,263
DA:96,263
DA:97,264
DA:98,263
DA:99,263
DA:100,264
DA:101,263
DA:102,263
DA:103,264
DA:104,263
DA:105,263
DA:106,264
DA:107,263
DA:108,263
DA:109,264
DA:110,263
DA:111,263
DA:112,264
DA:113,263
DA:114,263
DA:115,264
DA:116,263
DA:117,263
DA:118,264
DA:119,263
DA:120,263
DA:121,264
DA:122,263
DA:123,263
DA:124,264
DA:125,263
DA:126,263
DA:127,264
DA:128,263
DA:129,263
DA:130,264
DA:131,263
DA:132,263
DA:133,264
DA:134,263
DA:135,263
DA:136,264
DA:137,263
DA:138,263
DA:139,264
DA:140,263
DA:141,263
DA:142,264
DA:143,263
DA:144,263
DA:145,264
DA:146,263
DA:147,263
DA:148,264
DA:149,263
DA:150,263
DA:151,264
DA:152,263
DA:153,263
DA:154,264
DA:155,263
DA:156,263
DA:157,264
DA:158,263
DA:159,263
DA:160,264
DA:161,263
DA:162,263
DA:163,264
DA:164,263
DA:165,263
DA:166,264
DA:167,263
DA:168,263
DA:169,264
DA:170,263
DA:171,263
DA:172,264
DA:173,263
DA:174,263
DA:175,264
DA:176,263
DA:177,263
DA:178,263
DA:179,263
DA:180,263
DA:181,263
DA:182,264
DA:183,263
DA:184,263
DA:185,264
DA:186,263
DA:187,263
DA:188,264
DA:189,263
DA:190,263
DA:191,264
DA:192,263
DA:193,263
DA:194,264
DA:195,263
DA:196,263
DA:197,264
DA:198,263
DA:199,263
DA:200,264
DA:201,263
DA:202,263
DA:203,264
DA:204,263
DA:205,263
DA:206,264
DA:207,263
DA:208,263
DA:209,264
DA:210,263
DA:211,263
DA:212,264
DA:213,263
DA:214,263
DA:215,264
DA:216,263
DA:217,263
DA:218,264
DA:219,263
DA:220,263
DA:221,264
DA:222,263
DA:223,263
DA:224,264
DA:225,263
DA:226,263
DA:227,264
DA:228,263
DA:229,263
DA:230,264
DA:231,263
DA:232,263
DA:233,264
DA:234,263
DA:235,263
DA:236,264
DA:237,263
DA:238,263
DA:239,264
DA:240,263
DA:241,263
DA:242,264
DA:243,263
DA:244,263
DA:245,264
DA:246,263
DA:247,263
DA:248,264
DA:249,264
DA:250,264
DA:251,264
DA:252,264
DA:253,264
DA:254,264
DA:255,264
DA:256,264
DA:257,264
DA:258,264
DA:259,264
DA:260,264
DA:261,264
DA:262,264
DA:263,264
DA:264,264
DA:265,264
DA:266,264
DA:267,264
DA:268,264
DA:269,264
DA:270,264
DA:271,264
DA:272,264
DA:273,264
DA:274,264
DA:275,264
DA:276,264
DA:277,264
DA:278,264
DA:279,264
DA:280,264
DA:281,264
DA:282,264
DA:283,264
DA:284,264
DA:285,264
DA:286,264
DA:287,264
DA:288,264
DA:289,264
DA:290,264
DA:291,264
DA:292,264
DA:293,264
DA:294,264
DA:295,264
DA:296,264
DA:297,264
DA:298,264
LF:298
LH:298
BRDA:1,0,0,272
BRDA:78,1,0,264
BRDA:79,2,0,250
BRDA:82,3,0,250
BRDA:85,4,0,250
BRDA:88,5,0,250
BRDA:91,6,0,250
BRDA:94,7,0,263
BRDA:97,8,0,263
BRDA:100,9,0,263
BRDA:103,10,0,263
BRDA:106,11,0,263
BRDA:109,12,0,263
BRDA:112,13,0,263
BRDA:115,14,0,263
BRDA:118,15,0,263
BRDA:121,16,0,263
BRDA:124,17,0,263
BRDA:127,18,0,263
BRDA:130,19,0,263
BRDA:133,20,0,263
BRDA:136,21,0,263
BRDA:139,22,0,263
BRDA:142,23,0,263
BRDA:145,24,0,263
BRDA:148,25,0,263
BRDA:151,26,0,263
BRDA:154,27,0,263
BRDA:157,28,0,263
BRDA:160,29,0,263
BRDA:163,30,0,263
BRDA:166,31,0,263
BRDA:169,32,0,263
BRDA:172,33,0,263
BRDA:175,34,0,263
BRDA:182,35,0,263
BRDA:185,36,0,263
BRDA:188,37,0,263
BRDA:191,38,0,263
BRDA:194,39,0,263
BRDA:197,40,0,263
BRDA:200,41,0,263
BRDA:203,42,0,263
BRDA:206,43,0,263
BRDA:209,44,0,263
BRDA:212,45,0,263
BRDA:215,46,0,263
BRDA:218,47,0,263
BRDA:221,48,0,263
BRDA:224,49,0,263
BRDA:227,50,0,263
BRDA:230,51,0,263
BRDA:233,52,0,263
BRDA:236,53,0,263
BRDA:239,54,0,263
BRDA:242,55,0,263
BRDA:245,56,0,263
BRF:57
BRH:57
end_of_record
TN:
SF:backend\src\api\session_controller.js
FN:3,createSessionController
FN:5,getSession
FNF:2
FNH:2
FNDA:264,createSessionController
FNDA:3,getSession
DA:1,272
DA:2,272
DA:3,272
DA:4,264
DA:5,264
DA:6,3
DA:7,3
DA:8,1
DA:9,1
DA:10,2
DA:11,2
DA:12,2
DA:13,2
DA:14,2
DA:15,2
DA:16,3
DA:17,264
DA:18,264
LF:18
LH:18
BRDA:1,0,0,272
BRDA:3,1,0,264
BRDA:5,2,0,3
BRDA:7,3,0,1
BRDA:10,4,0,2
BRF:5
BRH:5
end_of_record
TN:
SF:backend\src\api\validation_controller.js
FN:5,createValidationController
FN:7,submit
FNF:2
FNH:2
FNDA:10,createValidationController
FNDA:14,submit
DA:1,8
DA:2,8
DA:3,8
DA:4,8
DA:5,8
DA:6,10
DA:7,10
DA:8,14
DA:9,14
DA:10,1
DA:11,1
DA:12,13
DA:13,13
DA:14,14
DA:15,2
DA:16,2
DA:17,14
DA:18,10
DA:19,10
LF:19
LH:19
BRDA:1,0,0,8
BRDA:5,1,0,10
BRDA:7,2,0,14
BRDA:9,3,0,1
BRDA:12,4,0,13
BRDA:14,5,0,2
BRF:6
BRH:6
end_of_record
TN:
SF:backend\src\api\validation_error_handler.js
FN:1,handleValidationError
FNF:1
FNH:1
FNDA:2,handleValidationError
DA:1,8
DA:2,2
DA:3,2
DA:4,2
DA:5,2
DA:6,2
DA:7,2
DA:8,2
DA:9,2
LF:9
LH:9
BRDA:1,0,0,8
BRDA:1,1,0,2
BRF:2
BRH:2
end_of_record
TN:
SF:backend\src\api\validation_routes.js
FN:3,createValidationRoutes
FNF:1
FNH:1
FNDA:7,createValidationRoutes
DA:1,7
DA:2,7
DA:3,7
DA:4,7
DA:5,7
DA:6,7
DA:7,7
DA:8,7
LF:8
LH:8
BRDA:1,0,0,7
BRDA:3,1,0,7
BRF:2
BRH:2
end_of_record
TN:
SF:backend\src\api\assigned-access\assigned-access-error-mapper.js
FN:1,mapForbiddenAccess
FNF:1
FNH:1
FNDA:3,mapForbiddenAccess
DA:1,272
DA:2,3
DA:3,3
DA:4,3
DA:5,3
DA:6,3
DA:7,3
DA:8,3
DA:9,3
LF:9
LH:9
BRDA:1,0,0,272
BRDA:1,1,0,3
BRF:2
BRH:2
end_of_record
TN:
SF:backend\src\api\assigned-access\assigned-access-failure-mapper.js
FN:1,mapAssignedAccessFailure
FNF:1
FNH:1
FNDA:3,mapAssignedAccessFailure
DA:1,272
DA:2,3
DA:3,3
DA:4,3
DA:5,3
DA:6,3
DA:7,3
DA:8,3
DA:9,3
DA:10,3
LF:10
LH:10
BRDA:1,0,0,272
BRDA:1,1,0,3
BRF:2
BRH:2
end_of_record
TN:
SF:backend\src\api\assigned-access\get-assigned-papers-controller.js
FN:4,createGetAssignedPapersController
FN:6,get
FNF:2
FNH:2
FNDA:264,createGetAssignedPapersController
FNDA:4,get
DA:1,272
DA:2,272
DA:3,272
DA:4,272
DA:5,264
DA:6,264
DA:7,4
DA:8,0
DA:9,0
DA:10,4
DA:11,4
DA:12,0
DA:13,0
DA:14,4
DA:15,4
DA:16,4
DA:17,2
DA:18,2
DA:19,1
DA:20,4
DA:21,1
DA:22,1
DA:23,4
DA:24,264
DA:25,264
LF:25
LH:21
BRDA:1,0,0,272
BRDA:4,1,0,264
BRDA:6,2,0,4
BRDA:7,3,0,0
BRDA:11,4,0,0
BRDA:16,5,0,2
BRDA:19,6,0,1
BRDA:20,7,0,1
BRF:8
BRH:6
end_of_record
TN:
SF:backend\src\api\assigned-access\get-manuscript-view-controller.js
FN:7,createGetManuscriptViewController
FN:9,get
FNF:2
FNH:2
FNDA:264,createGetManuscriptViewController
FNDA:6,get
DA:1,272
DA:2,272
DA:3,272
DA:4,272
DA:5,272
DA:6,272
DA:7,272
DA:8,264
DA:9,264
DA:10,6
DA:11,0
DA:12,0
DA:13,6
DA:14,6
DA:15,2
DA:16,2
DA:17,4
DA:18,4
DA:19,2
DA:20,2
DA:21,2
DA:22,6
DA:23,264
DA:24,264
LF:24
LH:22
BRDA:1,0,0,272
BRDA:7,1,0,264
BRDA:9,2,0,6
BRDA:10,3,0,0
BRDA:14,4,0,2
BRDA:17,5,0,4
BRDA:18,6,0,2
BRF:7
BRH:6
end_of_record
TN:
SF:backend\src\api\assigned-access\get-review-form-controller.js
FN:7,createGetReviewFormController
FN:9,get
FNF:2
FNH:2
FNDA:264,createGetReviewFormController
FNDA:3,get
DA:1,272
DA:2,272
DA:3,272
DA:4,272
DA:5,272
DA:6,272
DA:7,272
DA:8,264
DA:9,264
DA:10,3
DA:11,0
DA:12,0
DA:13,3
DA:14,3
DA:15,1
DA:16,1
DA:17,2
DA:18,2
DA:19,1
DA:20,1
DA:21,1
DA:22,3
DA:23,264
DA:24,264
LF:24
LH:22
BRDA:1,0,0,272
BRDA:7,1,0,264
BRDA:9,2,0,3
BRDA:10,3,0,0
BRDA:14,4,0,1
BRDA:17,5,0,2
BRDA:18,6,0,1
BRF:7
BRH:6
end_of_record
TN:
SF:backend\src\api\assigned-access\routes.js
FN:5,createAssignedAccessRoutes
FNF:1
FNH:1
FNDA:264,createAssignedAccessRoutes
DA:1,272
DA:2,272
DA:3,272
DA:4,272
DA:5,272
DA:6,264
DA:7,264
DA:8,264
DA:9,264
DA:10,264
DA:11,264
DA:12,264
DA:13,264
DA:14,264
LF:14
LH:14
BRDA:1,0,0,272
BRDA:5,1,0,264
BRF:2
BRH:2
end_of_record
TN:
SF:backend\src\api\assignments\assignment-error-mapper.js
FN:1,(empty-report)
FNF:1
FNH:0
FNDA:0,(empty-report)
DA:1,0
DA:2,0
DA:3,0
DA:4,0
DA:5,0
DA:6,0
DA:7,0
DA:8,0
DA:9,0
DA:10,0
LF:10
LH:0
BRDA:1,0,0,0
BRF:1
BRH:0
end_of_record
TN:
SF:backend\src\api\assignments\assignment-failure-response-mapper.js
FN:1,(empty-report)
FNF:1
FNH:0
FNDA:0,(empty-report)
DA:1,0
DA:2,0
DA:3,0
DA:4,0
DA:5,0
DA:6,0
DA:7,0
DA:8,0
DA:9,0
LF:9
LH:0
BRDA:1,0,0,0
BRF:1
BRH:0
end_of_record
TN:
SF:backend\src\api\assignments\confirm-assignment-controller.js
FN:3,createConfirmAssignmentController
FN:5,confirm
FNF:2
FNH:2
FNDA:264,createConfirmAssignmentController
FNDA:40,confirm
DA:1,272
DA:2,272
DA:3,272
DA:4,264
DA:5,264
DA:6,40
DA:7,0
DA:8,0
DA:9,0
DA:10,0
DA:11,0
DA:12,40
DA:13,40
DA:14,40
DA:15,40
DA:16,40
DA:17,40
DA:18,264
DA:19,264
LF:19
LH:14
BRDA:1,0,0,272
BRDA:3,1,0,264
BRDA:5,2,0,40
BRDA:6,3,0,0
BRDA:14,4,0,0
BRF:5
BRH:3
end_of_record
TN:
SF:backend\src\api\assignments\get-assignment-details-controller.js
FN:1,createGetAssignmentDetailsController
FN:3,get
FNF:2
FNH:2
FNDA:265,createGetAssignmentDetailsController
FNDA:4,get
DA:1,273
DA:2,265
DA:3,265
DA:4,4
DA:5,1
DA:6,1
DA:7,1
DA:8,1
DA:9,1
DA:10,4
DA:11,4
DA:12,4
DA:13,4
DA:14,4
DA:15,4
DA:16,4
DA:17,4
DA:18,4
DA:19,4
DA:20,265
DA:21,265
LF:21
LH:21
BRDA:1,0,0,273
BRDA:1,1,0,265
BRDA:3,2,0,4
BRDA:4,3,0,3
BRDA:4,4,0,3
BRDA:4,5,0,3
BRDA:4,6,0,1
BRDA:16,7,0,3
BRF:8
BRH:8
end_of_record
TN:
SF:backend\src\api\assignments\routes.js
FN:4,createAssignmentRoutes
FNF:1
FNH:1
FNDA:264,createAssignmentRoutes
DA:1,272
DA:2,272
DA:3,272
DA:4,272
DA:5,264
DA:6,264
DA:7,264
DA:8,264
DA:9,264
DA:10,264
DA:11,264
DA:12,264
LF:12
LH:12
BRDA:1,0,0,272
BRDA:4,1,0,264
BRF:2
BRH:2
end_of_record
TN:
SF:backend\src\api\decision-notification\error-response-mapper.js
FN:1,mapDecisionNotificationError
FNF:1
FNH:1
FNDA:3,mapDecisionNotificationError
DA:1,272
DA:2,3
DA:3,2
DA:4,2
DA:5,2
DA:6,1
DA:7,3
LF:7
LH:7
BRDA:1,0,0,272
BRDA:1,1,0,3
BRDA:2,2,0,1
BRDA:3,3,0,2
BRDA:3,4,0,0
BRDA:4,5,0,0
BRDA:5,6,0,1
BRF:7
BRH:5
end_of_record
TN:
SF:backend\src\api\decision-notification\get-decision-notification.js
FN:7,createGetDecisionNotificationController
FN:11,get
FNF:2
FNH:2
FNDA:264,createGetDecisionNotificationController
FNDA:29,get
DA:1,272
DA:2,272
DA:3,272
DA:4,272
DA:5,272
DA:6,272
DA:7,272
DA:8,264
DA:9,264
DA:10,264
DA:11,264
DA:12,29
DA:13,0
DA:14,0
DA:15,29
DA:16,29
DA:17,29
DA:18,29
DA:19,29
DA:20,29
DA:21,29
DA:22,29
DA:23,0
DA:24,0
DA:25,0
DA:26,0
DA:27,29
DA:28,1
DA:29,1
DA:30,1
DA:31,1
DA:32,28
DA:33,28
DA:34,28
DA:35,28
DA:36,28
DA:37,28
DA:38,28
DA:39,28
DA:40,29
DA:41,29
DA:42,29
DA:43,1
DA:44,1
DA:45,29
DA:46,264
DA:47,264
LF:47
LH:41
BRDA:1,0,0,272
BRDA:7,1,0,264
BRDA:11,2,0,29
BRDA:12,3,0,0
BRDA:22,4,0,0
BRDA:27,5,0,1
BRDA:32,6,0,28
BRDA:39,7,0,0
BRDA:42,8,0,1
BRF:9
BRH:6
end_of_record
TN:
SF:backend\src\api\decision-notification\get-paper-decision.js
FN:6,createGetPaperDecisionController
FN:10,get
FNF:2
FNH:2
FNDA:264,createGetPaperDecisionController
FNDA:34,get
DA:1,272
DA:2,272
DA:3,272
DA:4,272
DA:5,272
DA:6,272
DA:7,264
DA:8,264
DA:9,264
DA:10,264
DA:11,34
DA:12,0
DA:13,0
DA:14,34
DA:15,34
DA:16,34
DA:17,34
DA:18,34
DA:19,34
DA:20,34
DA:21,34
DA:22,1
DA:23,1
DA:24,1
DA:25,1
DA:26,1
DA:27,1
DA:28,1
DA:29,1
DA:30,1
DA:31,1
DA:32,31
DA:33,31
DA:34,31
DA:35,31
DA:36,31
DA:37,34
DA:38,34
DA:39,34
DA:40,34
DA:41,34
DA:42,34
DA:43,2
DA:44,2
DA:45,34
DA:46,264
DA:47,264
LF:47
LH:45
BRDA:1,0,0,272
BRDA:6,1,0,264
BRDA:10,2,0,34
BRDA:11,3,0,0
BRDA:21,4,0,32
BRDA:21,5,0,1
BRDA:32,6,0,31
BRDA:37,7,0,0
BRDA:39,8,0,0
BRDA:42,9,0,2
BRF:10
BRH:7
end_of_record
TN:
SF:backend\src\api\decision-notification\ownership-guard.js
FN:3,enforceOwnershipOrThrow
FNF:1
FNH:1
FNDA:63,enforceOwnershipOrThrow
DA:1,272
DA:2,272
DA:3,272
DA:4,63
DA:5,63
DA:6,63
DA:7,1
DA:8,1
DA:9,1
DA:10,1
DA:11,61
DA:12,63
LF:12
LH:12
BRDA:1,0,0,272
BRDA:3,1,0,63
BRDA:6,2,0,62
BRDA:6,3,0,1
BRDA:11,4,0,61
BRF:5
BRH:5
end_of_record
TN:
SF:backend\src\api\decision-notification\routes.js
FN:4,createDecisionNotificationRoutes
FNF:1
FNH:1
FNDA:264,createDecisionNotificationRoutes
DA:1,272
DA:2,272
DA:3,272
DA:4,272
DA:5,264
DA:6,264
DA:7,264
DA:8,264
DA:9,264
DA:10,264
DA:11,264
DA:12,264
LF:12
LH:12
BRDA:1,0,0,272
BRDA:4,1,0,264
BRF:2
BRH:2
end_of_record
TN:
SF:backend\src\api\decisions\get-decision-context-controller.js
FN:3,createGetDecisionContextController
FN:5,get
FNF:2
FNH:2
FNDA:264,createGetDecisionContextController
FNDA:2,get
DA:1,272
DA:2,272
DA:3,272
DA:4,264
DA:5,264
DA:6,2
DA:7,0
DA:8,0
DA:9,2
DA:10,2
DA:11,2
DA:12,2
DA:13,2
DA:14,2
DA:15,2
DA:16,2
DA:17,0
DA:18,0
DA:19,2
DA:20,0
DA:21,0
DA:22,2
DA:23,2
DA:24,2
DA:25,2
DA:26,2
DA:27,2
DA:28,2
DA:29,2
DA:30,2
DA:31,2
DA:32,2
DA:33,2
DA:34,264
DA:35,264
LF:35
LH:29
BRDA:1,0,0,272
BRDA:3,1,0,264
BRDA:5,2,0,2
BRDA:6,3,0,0
BRDA:16,4,0,0
BRDA:19,5,0,0
BRF:6
BRH:3
end_of_record
TN:
SF:backend\src\api\decisions\paper-decision-error-mapper.js
FN:1,(empty-report)
FNF:1
FNH:0
FNDA:0,(empty-report)
DA:1,0
DA:2,0
DA:3,0
LF:3
LH:0
BRDA:1,0,0,0
BRF:1
BRH:0
end_of_record
TN:
SF:backend\src\api\decisions\paper-decision-notification-failure-mapper.js
FN:1,mapPaperDecisionNotificationFailure
FNF:1
FNH:1
FNDA:2,mapPaperDecisionNotificationFailure
DA:1,272
DA:2,2
DA:3,2
DA:4,2
DA:5,2
DA:6,2
LF:6
LH:6
BRDA:1,0,0,272
BRDA:1,1,0,2
BRF:2
BRH:2
end_of_record
TN:
SF:backend\src\api\decisions\post-paper-decision-controller.js
FN:4,createPostPaperDecisionController
FN:6,post
FNF:2
FNH:2
FNDA:264,createPostPaperDecisionController
FNDA:13,post
DA:1,272
DA:2,272
DA:3,272
DA:4,272
DA:5,264
DA:6,264
DA:7,13
DA:8,0
DA:9,0
DA:10,13
DA:11,13
DA:12,13
DA:13,13
DA:14,13
DA:15,13
DA:16,13
DA:17,13
DA:18,0
DA:19,0
DA:20,13
DA:21,13
DA:22,13
DA:23,13
DA:24,13
DA:25,13
DA:26,13
DA:27,13
DA:28,13
DA:29,13
DA:30,13
DA:31,2
DA:32,2
DA:33,11
DA:34,13
DA:35,264
DA:36,264
LF:36
LH:32
BRDA:1,0,0,272
BRDA:4,1,0,264
BRDA:6,2,0,13
BRDA:7,3,0,0
BRDA:13,4,0,11
BRDA:17,5,0,0
BRDA:30,6,0,8
BRDA:30,7,0,2
BRDA:33,8,0,11
BRF:9
BRH:7
end_of_record
TN:
SF:backend\src\api\decisions\routes.js
FN:4,createDecisionRoutes
FNF:1
FNH:1
FNDA:264,createDecisionRoutes
DA:1,272
DA:2,272
DA:3,272
DA:4,272
DA:5,264
DA:6,264
DA:7,264
DA:8,264
DA:9,264
DA:10,264
DA:11,264
DA:12,264
LF:12
LH:12
BRDA:1,0,0,272
BRDA:4,1,0,264
BRF:2
BRH:2
end_of_record
TN:
SF:backend\src\api\drafts\finalize-draft-controller.js
FN:3,createFinalizeDraftController
FN:5,finalize
FNF:2
FNH:2
FNDA:264,createFinalizeDraftController
FNDA:2,finalize
DA:1,272
DA:2,272
DA:3,272
DA:4,264
DA:5,264
DA:6,264
DA:7,264
LF:7
LH:7
BRDA:1,0,0,272
BRDA:3,1,0,264
BRDA:5,2,0,2
BRF:3
BRH:3
end_of_record
TN:
SF:backend\src\api\drafts\get-draft-controller.js
FN:1,createGetDraftController
FN:3,get
FNF:2
FNH:2
FNDA:264,createGetDraftController
FNDA:3,get
DA:1,272
DA:2,264
DA:3,264
DA:4,3
DA:5,3
DA:6,0
DA:7,0
DA:8,3
DA:9,3
DA:10,0
DA:11,0
DA:12,3
DA:13,3
DA:14,3
DA:15,3
DA:16,3
DA:17,3
DA:18,3
DA:19,3
DA:20,3
DA:21,3
DA:22,264
DA:23,264
LF:23
LH:19
BRDA:1,0,0,272
BRDA:1,1,0,264
BRDA:3,2,0,3
BRDA:5,3,0,0
BRDA:9,4,0,0
BRF:5
BRH:3
end_of_record
TN:
SF:backend\src\api\drafts\routes.js
FN:5,createDraftRoutes
FNF:1
FNH:1
FNDA:264,createDraftRoutes
DA:1,272
DA:2,272
DA:3,272
DA:4,272
DA:5,272
DA:6,264
DA:7,264
DA:8,264
DA:9,264
DA:10,264
DA:11,264
DA:12,264
DA:13,264
DA:14,264
LF:14
LH:14
BRDA:1,0,0,272
BRDA:5,1,0,264
BRF:2
BRH:2
end_of_record
TN:
SF:backend\src\api\drafts\save-draft-controller.js
FN:3,createSaveDraftController
FN:5,save
FNF:2
FNH:2
FNDA:264,createSaveDraftController
FNDA:14,save
DA:1,272
DA:2,272
DA:3,272
DA:4,264
DA:5,264
DA:6,264
DA:7,264
LF:7
LH:7
BRDA:1,0,0,272
BRDA:3,1,0,264
BRDA:5,2,0,14
BRF:3
BRH:3
end_of_record
TN:
SF:backend\src\api\drafts\save-error-mapper.js
FN:1,mapSaveSystemFailure
FNF:1
FNH:1
FNDA:4,mapSaveSystemFailure
DA:1,273
DA:2,4
DA:3,2
DA:4,2
DA:5,2
DA:6,2
DA:7,2
DA:8,2
DA:9,2
DA:10,2
DA:11,2
DA:12,2
DA:13,2
DA:14,2
DA:15,2
DA:16,2
DA:17,2
DA:18,4
LF:18
LH:18
BRDA:1,0,0,273
BRDA:1,1,0,4
BRDA:2,2,0,2
BRF:3
BRH:3
end_of_record
TN:
SF:backend\src\api\invitations\get-pending-invitations-controller.js
FN:3,createGetPendingInvitationsController
FN:5,get
FNF:2
FNH:2
FNDA:264,createGetPendingInvitationsController
FNDA:3,get
DA:1,272
DA:2,272
DA:3,272
DA:4,264
DA:5,264
DA:6,3
DA:7,0
DA:8,0
DA:9,0
DA:10,0
DA:11,0
DA:12,3
DA:13,3
DA:14,0
DA:15,0
DA:16,0
DA:17,0
DA:18,0
DA:19,3
DA:20,3
DA:21,3
DA:22,3
DA:23,3
DA:24,3
DA:25,3
DA:26,264
DA:27,264
LF:27
LH:17
BRDA:1,0,0,272
BRDA:3,1,0,264
BRDA:5,2,0,3
BRDA:6,3,0,0
BRDA:13,4,0,0
BRDA:19,5,0,0
BRF:6
BRH:3
end_of_record
TN:
SF:backend\src\api\invitations\invitation-notification-failure-mapper.js
FN:1,mapNotificationFailureMessage
FNF:1
FNH:1
FNDA:38,mapNotificationFailureMessage
DA:1,272
DA:2,38
DA:3,2
DA:4,2
DA:5,2
DA:6,2
DA:7,2
DA:8,36
DA:9,38
LF:9
LH:9
BRDA:1,0,0,272
BRDA:1,1,0,38
BRDA:2,2,0,2
BRDA:8,3,0,36
BRF:4
BRH:4
end_of_record
TN:
SF:backend\src\api\invitations\invitation-response-error-mapper.js
FN:1,mapInvitationResponseError
FNF:1
FNH:1
FNDA:43,mapInvitationResponseError
DA:1,272
DA:2,43
DA:3,1
DA:4,1
DA:5,1
DA:6,1
DA:7,1
DA:8,1
DA:9,1
DA:10,1
DA:11,42
DA:12,43
LF:12
LH:12
BRDA:1,0,0,272
BRDA:1,1,0,43
BRDA:2,2,0,42
BRDA:2,3,0,1
BRF:4
BRH:4
end_of_record
TN:
SF:backend\src\api\invitations\post-invitation-response-controller.js
FN:5,createPostInvitationResponseController
FN:7,post
FNF:2
FNH:2
FNDA:264,createPostInvitationResponseController
FNDA:43,post
DA:1,272
DA:2,272
DA:3,272
DA:4,272
DA:5,272
DA:6,264
DA:7,264
DA:8,43
DA:9,0
DA:10,0
DA:11,0
DA:12,0
DA:13,0
DA:14,43
DA:15,43
DA:16,43
DA:17,0
DA:18,0
DA:19,0
DA:20,0
DA:21,0
DA:22,43
DA:23,43
DA:24,43
DA:25,43
DA:26,43
DA:27,43
DA:28,43
DA:29,43
DA:30,43
DA:31,38
DA:32,38
DA:33,38
DA:34,38
DA:35,38
DA:36,5
DA:37,43
DA:38,264
DA:39,264
LF:39
LH:29
BRDA:1,0,0,272
BRDA:5,1,0,264
BRDA:7,2,0,43
BRDA:8,3,0,0
BRDA:16,4,0,4
BRDA:16,5,0,0
BRDA:30,6,0,41
BRDA:30,7,0,38
BRDA:36,8,0,5
BRF:9
BRH:7
end_of_record
TN:
SF:backend\src\api\invitations\routes.js
FN:4,createInvitationRoutes
FNF:1
FNH:1
FNDA:264,createInvitationRoutes
DA:1,272
DA:2,272
DA:3,272
DA:4,272
DA:5,264
DA:6,264
DA:7,264
DA:8,264
DA:9,264
DA:10,264
DA:11,264
LF:11
LH:11
BRDA:1,0,0,272
BRDA:4,1,0,264
BRF:2
BRH:2
end_of_record
TN:
SF:backend\src\api\middleware\form_auth_guard.js
FN:1,requireAuthenticatedUser
FNF:1
FNH:1
FNDA:16,requireAuthenticatedUser
DA:1,8
DA:2,16
DA:3,2
DA:4,2
DA:5,2
DA:6,2
DA:7,2
DA:8,2
DA:9,2
DA:10,2
DA:11,2
DA:12,2
DA:13,2
DA:14,14
DA:15,16
LF:15
LH:15
BRDA:1,0,0,8
BRDA:1,1,0,16
BRDA:2,2,0,14
BRDA:2,3,0,2
BRDA:14,4,0,14
BRF:5
BRH:5
end_of_record
TN:
SF:backend\src\api\middleware\schedule-edit-role-guard.js
FN:3,scheduleEditRoleGuard
FNF:1
FNH:1
FNDA:74,scheduleEditRoleGuard
DA:1,273
DA:2,273
DA:3,273
DA:4,74
DA:5,74
LF:5
LH:5
BRDA:1,0,0,273
BRDA:3,1,0,74
BRF:2
BRH:2
end_of_record
TN:
SF:backend\src\api\middleware\schedule-role-guard.js
FN:1,scheduleRoleGuard
FNF:1
FNH:1
FNDA:128,scheduleRoleGuard
DA:1,273
DA:2,128
DA:3,2
DA:4,2
DA:5,128
DA:6,1
DA:7,1
DA:8,125
DA:9,128
LF:9
LH:9
BRDA:1,0,0,273
BRDA:1,1,0,128
BRDA:2,2,0,126
BRDA:2,3,0,2
BRDA:5,4,0,126
BRDA:5,5,0,1
BRDA:8,6,0,125
BRF:7
BRH:7
end_of_record
TN:
SF:backend\src\api\middleware\session_guard.js
FN:1,requireSession
FNF:1
FNH:1
FNDA:3,requireSession
DA:1,272
DA:2,3
DA:3,3
DA:4,1
DA:5,1
DA:6,1
DA:7,1
DA:8,1
DA:9,1
DA:10,1
DA:11,1
DA:12,2
DA:13,3
LF:13
LH:13
BRDA:1,0,0,272
BRDA:1,1,0,3
BRDA:3,2,0,1
BRDA:12,3,0,2
BRF:4
BRH:4
end_of_record
TN:
SF:backend\src\api\payments\get-payment-status-controller.js
FN:3,createGetPaymentStatusController
FN:5,get
FNF:2
FNH:2
FNDA:264,createGetPaymentStatusController
FNDA:7,get
DA:1,272
DA:2,272
DA:3,272
DA:4,264
DA:5,264
DA:6,7
DA:7,7
DA:8,0
DA:9,0
DA:10,7
DA:11,7
DA:12,7
DA:13,0
DA:14,0
DA:15,7
DA:16,7
DA:17,7
DA:18,7
DA:19,7
DA:20,7
DA:21,7
DA:22,7
DA:23,7
DA:24,7
DA:25,264
DA:26,264
LF:26
LH:22
BRDA:1,0,0,272
BRDA:3,1,0,264
BRDA:5,2,0,7
BRDA:7,3,0,0
BRDA:12,4,0,0
BRDA:20,5,0,4
BRDA:21,6,0,0
BRF:7
BRH:4
end_of_record
TN:
SF:backend\src\api\payments\payment-error-mapper.js
FN:1,mapPaymentError
FNF:1
FNH:1
FNDA:3,mapPaymentError
DA:1,272
DA:2,3
DA:3,3
DA:4,3
DA:5,3
DA:6,3
DA:7,3
DA:8,3
DA:9,3
DA:10,3
LF:10
LH:10
BRDA:1,0,0,272
BRDA:1,1,0,3
BRF:2
BRH:2
end_of_record
TN:
SF:backend\src\api\payments\payment-outcome-feedback-mapper.js
FN:1,mapGatewayOutcome
FNF:1
FNH:1
FNDA:8,mapGatewayOutcome
DA:1,272
DA:2,8
DA:3,7
DA:4,7
DA:5,4
DA:6,2
DA:7,8
LF:7
LH:7
BRDA:1,0,0,272
BRDA:1,1,0,8
BRDA:2,2,0,2
BRDA:3,3,0,7
BRDA:3,4,0,6
BRDA:3,5,0,5
BRDA:3,6,0,2
BRDA:4,7,0,4
BRDA:4,8,0,6
BRDA:4,9,0,2
BRDA:5,10,0,4
BRDA:5,11,0,2
BRDA:5,12,0,0
BRDA:6,13,0,2
BRF:14
BRH:13
end_of_record
TN:
SF:backend\src\api\payments\post-gateway-confirm-controller.js
FN:11,createPostGatewayConfirmController
FN:13,post
FNF:2
FNH:2
FNDA:264,createPostGatewayConfirmController
FNDA:34,post
DA:1,272
DA:2,272
DA:3,272
DA:4,272
DA:5,272
DA:6,272
DA:7,272
DA:8,272
DA:9,272
DA:10,272
DA:11,272
DA:12,264
DA:13,264
DA:14,34
DA:15,34
DA:16,0
DA:17,0
DA:18,34
DA:19,34
DA:20,34
DA:21,0
DA:22,0
DA:23,34
DA:24,34
DA:25,34
DA:26,34
DA:27,34
DA:28,34
DA:29,34
DA:30,34
DA:31,0
DA:32,0
DA:33,34
DA:34,34
DA:35,0
DA:36,0
DA:37,34
DA:38,34
DA:39,34
DA:40,0
DA:41,0
DA:42,34
DA:43,34
DA:44,26
DA:45,0
DA:46,0
DA:47,26
DA:48,26
DA:49,26
DA:50,26
DA:51,26
DA:52,26
DA:53,26
DA:54,26
DA:55,26
DA:56,26
DA:57,26
DA:58,26
DA:59,26
DA:60,26
DA:61,26
DA:62,26
DA:63,26
DA:64,26
DA:65,26
DA:66,26
DA:67,26
DA:68,26
DA:69,26
DA:70,26
DA:71,26
DA:72,26
DA:73,26
DA:74,26
DA:75,26
DA:76,26
DA:77,26
DA:78,2
DA:79,2
DA:80,2
DA:81,2
DA:82,2
DA:83,2
DA:84,2
DA:85,2
DA:86,2
DA:87,26
DA:88,8
DA:89,8
DA:90,2
DA:91,2
DA:92,2
DA:93,2
DA:94,2
DA:95,2
DA:96,2
DA:97,2
DA:98,2
DA:99,2
DA:100,2
DA:101,2
DA:102,6
DA:103,6
DA:104,6
DA:105,6
DA:106,6
DA:107,6
DA:108,34
DA:109,34
DA:110,34
DA:111,34
DA:112,34
DA:113,34
DA:114,34
DA:115,34
DA:116,34
DA:117,34
DA:118,34
DA:119,264
DA:120,264
LF:120
LH:108
BRDA:1,0,0,272
BRDA:11,1,0,264
BRDA:13,2,0,34
BRDA:14,3,0,0
BRDA:15,4,0,0
BRDA:20,5,0,0
BRDA:30,6,0,0
BRDA:34,7,0,0
BRDA:39,8,0,0
BRDA:43,9,0,26
BRDA:44,10,0,0
BRDA:66,11,0,24
BRDA:77,12,0,2
BRDA:88,13,0,8
BRDA:89,14,0,2
BRDA:102,15,0,6
BRF:16
BRH:9
end_of_record
TN:
SF:backend\src\api\payments\post-payment-initiate-controller.js
FN:4,createPostPaymentInitiateController
FN:6,post
FNF:2
FNH:2
FNDA:264,createPostPaymentInitiateController
FNDA:36,post
DA:1,272
DA:2,272
DA:3,272
DA:4,272
DA:5,264
DA:6,264
DA:7,36
DA:8,36
DA:9,0
DA:10,0
DA:11,36
DA:12,36
DA:13,36
DA:14,36
DA:15,36
DA:16,1
DA:17,1
DA:18,35
DA:19,35
DA:20,35
DA:21,35
DA:22,35
DA:23,35
DA:24,35
DA:25,35
DA:26,35
DA:27,35
DA:28,36
DA:29,36
DA:30,36
DA:31,36
DA:32,36
DA:33,36
DA:34,36
DA:35,36
DA:36,36
DA:37,36
DA:38,36
DA:39,36
DA:40,36
DA:41,264
DA:42,264
LF:42
LH:40
BRDA:1,0,0,272
BRDA:4,1,0,264
BRDA:6,2,0,36
BRDA:8,3,0,0
BRDA:15,4,0,35
BRDA:15,5,0,1
BRF:6
BRH:5
end_of_record
TN:
SF:backend\src\api\payments\routes.js
FN:5,createPaymentRoutes
FNF:1
FNH:1
FNDA:264,createPaymentRoutes
DA:1,272
DA:2,272
DA:3,272
DA:4,272
DA:5,272
DA:6,264
DA:7,264
DA:8,264
DA:9,264
DA:10,264
DA:11,264
DA:12,264
DA:13,264
DA:14,264
DA:15,264
LF:15
LH:15
BRDA:1,0,0,272
BRDA:5,1,0,264
BRF:2
BRH:2
end_of_record
TN:
SF:backend\src\api\public-announcements\get-public-announcement-detail-controller.js
FN:8,createGetPublicAnnouncementDetailController
FN:10,get
FNF:2
FNH:2
FNDA:264,createGetPublicAnnouncementDetailController
FNDA:25,get
DA:1,272
DA:2,272
DA:3,272
DA:4,272
DA:5,272
DA:6,272
DA:7,272
DA:8,272
DA:9,264
DA:10,264
DA:11,25
DA:12,25
DA:13,25
DA:14,25
DA:15,2
DA:16,2
DA:17,2
DA:18,25
DA:19,25
DA:20,25
DA:21,25
DA:22,25
DA:23,25
DA:24,0
DA:25,0
DA:26,0
DA:27,25
DA:28,264
DA:29,264
LF:29
LH:26
BRDA:1,0,0,272
BRDA:8,1,0,264
BRDA:10,2,0,25
BRDA:14,3,0,2
BRDA:18,4,0,23
BRDA:23,5,0,0
BRF:6
BRH:5
end_of_record
TN:
SF:backend\src\api\public-announcements\get-public-announcements-list-controller.js
FN:10,createGetPublicAnnouncementsListController
FN:12,get
FNF:2
FNH:2
FNDA:264,createGetPublicAnnouncementsListController
FNDA:32,get
DA:1,272
DA:2,272
DA:3,272
DA:4,272
DA:5,272
DA:6,272
DA:7,272
DA:8,272
DA:9,272
DA:10,272
DA:11,264
DA:12,264
DA:13,32
DA:14,32
DA:15,32
DA:16,32
DA:17,2
DA:18,2
DA:19,2
DA:20,28
DA:21,32
DA:22,32
DA:23,32
DA:24,32
DA:25,32
DA:26,32
DA:27,2
DA:28,2
DA:29,2
DA:30,32
DA:31,264
DA:32,264
LF:32
LH:32
BRDA:1,0,0,272
BRDA:10,1,0,264
BRDA:12,2,0,32
BRDA:16,3,0,31
BRDA:16,4,0,2
BRDA:20,5,0,28
BRDA:26,6,0,2
BRF:7
BRH:7
end_of_record
TN:
SF:backend\src\api\public-announcements\public-announcements-error-mapper.js
FN:1,mapPublicAnnouncementsError
FNF:1
FNH:1
FNDA:4,mapPublicAnnouncementsError
DA:1,272
DA:2,4
DA:3,4
LF:3
LH:3
BRDA:1,0,0,272
BRDA:1,1,0,4
BRF:2
BRH:2
end_of_record
TN:
SF:backend\src\api\public-announcements\routes.js
FN:4,createPublicAnnouncementRoutes
FNF:1
FNH:1
FNDA:264,createPublicAnnouncementRoutes
DA:1,272
DA:2,272
DA:3,272
DA:4,272
DA:5,264
DA:6,264
DA:7,264
DA:8,264
DA:9,264
DA:10,264
DA:11,264
LF:11
LH:11
BRDA:1,0,0,272
BRDA:4,1,0,264
BRF:2
BRH:2
end_of_record
TN:
SF:backend\src\api\public-pricing\get-registration-prices-controller.js
FN:6,createGetRegistrationPricesController
FN:8,get
FNF:2
FNH:2
FNDA:264,createGetRegistrationPricesController
FNDA:44,get
DA:1,272
DA:2,272
DA:3,272
DA:4,272
DA:5,272
DA:6,272
DA:7,264
DA:8,264
DA:9,44
DA:10,44
DA:11,4
DA:12,4
DA:13,4
DA:14,40
DA:15,40
DA:16,44
DA:17,44
DA:18,44
DA:19,264
DA:20,264
LF:20
LH:20
BRDA:1,0,0,272
BRDA:6,1,0,264
BRDA:8,2,0,44
BRDA:10,3,0,43
BRDA:10,4,0,4
BRDA:14,5,0,40
BRF:6
BRH:6
end_of_record
TN:
SF:backend\src\api\public-pricing\public-pricing-error-mapper.js
FN:1,(empty-report)
FNF:1
FNH:0
FNDA:0,(empty-report)
DA:1,0
DA:2,0
DA:3,0
LF:3
LH:0
BRDA:1,0,0,0
BRF:1
BRH:0
end_of_record
TN:
SF:backend\src\api\public-pricing\public-pricing-response-mapper.js
FN:1,mapPublicPricingResponse
FNF:1
FNH:1
FNDA:40,mapPublicPricingResponse
DA:1,272
DA:2,40
DA:3,40
DA:4,40
DA:5,40
DA:6,40
DA:7,612
DA:8,612
DA:9,612
DA:10,612
DA:11,612
DA:12,40
DA:13,40
DA:14,40
LF:14
LH:14
BRDA:1,0,0,272
BRDA:1,1,0,40
BRDA:6,2,0,612
BRF:3
BRH:3
end_of_record
TN:
SF:backend\src\api\public-pricing\routes.js
FN:3,createPublicPricingRoutes
FNF:1
FNH:1
FNDA:264,createPublicPricingRoutes
DA:1,272
DA:2,272
DA:3,272
DA:4,264
DA:5,264
DA:6,264
DA:7,264
DA:8,264
LF:8
LH:8
BRDA:1,0,0,272
BRDA:3,1,0,264
BRF:2
BRH:2
end_of_record
TN:
SF:backend\src\api\public-schedule\get-public-schedule-controller.js
FN:3,createGetPublicScheduleController
FN:5,get
FNF:2
FNH:2
FNDA:264,createGetPublicScheduleController
FNDA:7,get
DA:1,272
DA:2,272
DA:3,272
DA:4,264
DA:5,264
DA:6,264
DA:7,264
LF:7
LH:7
BRDA:1,0,0,272
BRDA:3,1,0,264
BRDA:5,2,0,7
BRF:3
BRH:3
end_of_record
TN:
SF:backend\src\api\public-schedule\get-public-schedule-entry-controller.js
FN:5,createGetPublicScheduleEntryController
FN:7,get
FNF:2
FNH:2
FNDA:264,createGetPublicScheduleEntryController
FNDA:5,get
DA:1,272
DA:2,272
DA:3,272
DA:4,272
DA:5,272
DA:6,264
DA:7,264
DA:8,5
DA:9,5
DA:10,5
DA:11,5
DA:12,5
DA:13,5
DA:14,3
DA:15,3
DA:16,2
DA:17,5
DA:18,264
DA:19,264
LF:19
LH:19
BRDA:1,0,0,272
BRDA:5,1,0,264
BRDA:7,2,0,5
BRDA:13,3,0,3
BRDA:16,4,0,2
BRF:5
BRH:5
end_of_record
TN:
SF:backend\src\api\public-schedule\get-public-schedule-pdf-controller.js
FN:3,createGetPublicSchedulePdfController
FN:5,get
FNF:2
FNH:2
FNDA:264,createGetPublicSchedulePdfController
FNDA:34,get
DA:1,272
DA:2,272
DA:3,272
DA:4,264
DA:5,264
DA:6,34
DA:7,34
DA:8,34
DA:9,264
DA:10,264
LF:10
LH:10
BRDA:1,0,0,272
BRDA:3,1,0,264
BRDA:5,2,0,34
BRDA:6,3,0,32
BRDA:6,4,0,16
BRDA:6,5,0,18
BRF:6
BRH:6
end_of_record
TN:
SF:backend\src\api\public-schedule\public-schedule-detail-response-mapper.js
FN:1,mapPublicScheduleDetailResponse
FNF:1
FNH:1
FNDA:3,mapPublicScheduleDetailResponse
DA:1,272
DA:2,3
DA:3,3
LF:3
LH:3
BRDA:1,0,0,272
BRDA:1,1,0,3
BRF:2
BRH:2
end_of_record
TN:
SF:backend\src\api\public-schedule\public-schedule-error-mapper.js
FN:1,(empty-report)
FNF:1
FNH:0
FNDA:0,(empty-report)
DA:1,0
DA:2,0
DA:3,0
LF:3
LH:0
BRDA:1,0,0,0
BRF:1
BRH:0
end_of_record
TN:
SF:backend\src\api\public-schedule\routes.js
FN:5,createPublicScheduleRoutes
FNF:1
FNH:1
FNDA:264,createPublicScheduleRoutes
DA:1,272
DA:2,272
DA:3,272
DA:4,272
DA:5,272
DA:6,264
DA:7,264
DA:8,264
DA:9,264
DA:10,264
DA:11,264
DA:12,264
DA:13,264
DA:14,264
DA:15,264
LF:15
LH:15
BRDA:1,0,0,272
BRDA:5,1,0,264
BRF:2
BRH:2
end_of_record
TN:
SF:backend\src\api\review-view\get-completed-review-detail-controller.js
FN:4,createGetCompletedReviewDetailController
FN:6,get
FNF:2
FNH:2
FNDA:267,createGetCompletedReviewDetailController
FNDA:9,get
DA:1,273
DA:2,273
DA:3,273
DA:4,273
DA:5,267
DA:6,267
DA:7,9
DA:8,1
DA:9,1
DA:10,8
DA:11,8
DA:12,9
DA:13,9
DA:14,9
DA:15,9
DA:16,4
DA:17,4
DA:18,4
DA:19,9
DA:20,267
DA:21,267
LF:21
LH:21
BRDA:1,0,0,273
BRDA:4,1,0,267
BRDA:6,2,0,9
BRDA:7,3,0,8
BRDA:7,4,0,8
BRDA:7,5,0,1
BRDA:10,6,0,8
BRDA:13,7,0,8
BRDA:15,8,0,4
BRF:9
BRH:9
end_of_record
TN:
SF:backend\src\api\review-view\get-completed-reviews-controller.js
FN:4,createGetCompletedReviewsController
FN:6,get
FNF:2
FNH:2
FNDA:264,createGetCompletedReviewsController
FNDA:35,get
DA:1,272
DA:2,272
DA:3,272
DA:4,272
DA:5,264
DA:6,264
DA:7,35
DA:8,0
DA:9,0
DA:10,35
DA:11,35
DA:12,35
DA:13,35
DA:14,35
DA:15,6
DA:16,6
DA:17,29
DA:18,35
DA:19,264
DA:20,264
LF:20
LH:18
BRDA:1,0,0,272
BRDA:4,1,0,264
BRDA:6,2,0,35
BRDA:7,3,0,0
BRDA:14,4,0,6
BRDA:17,5,0,29
BRF:6
BRH:5
end_of_record
TN:
SF:backend\src\api\review-view\review-view-authorization-error-mapper.js
FN:1,(empty-report)
FNF:1
FNH:0
FNDA:0,(empty-report)
DA:1,0
DA:2,0
DA:3,0
LF:3
LH:0
BRDA:1,0,0,0
BRF:1
BRH:0
end_of_record
TN:
SF:backend\src\api\review-view\review-view-failure-mapper.js
FN:1,(empty-report)
FNF:1
FNH:0
FNDA:0,(empty-report)
DA:1,0
DA:2,0
DA:3,0
LF:3
LH:0
BRDA:1,0,0,0
BRF:1
BRH:0
end_of_record
TN:
SF:backend\src\api\review-view\routes.js
FN:4,createReviewViewRoutes
FNF:1
FNH:1
FNDA:264,createReviewViewRoutes
DA:1,272
DA:2,272
DA:3,272
DA:4,272
DA:5,264
DA:6,264
DA:7,264
DA:8,264
DA:9,264
DA:10,264
DA:11,264
LF:11
LH:11
BRDA:1,0,0,272
BRDA:4,1,0,264
BRF:2
BRH:2
end_of_record
TN:
SF:backend\src\api\reviews\get-review-draft-controller.js
FN:1,createGetReviewDraftController
FN:3,get
FNF:2
FNH:2
FNDA:264,createGetReviewDraftController
FNDA:1,get
DA:1,272
DA:2,264
DA:3,264
DA:4,1
DA:5,0
DA:6,0
DA:7,1
DA:8,1
DA:9,1
DA:10,0
DA:11,0
DA:12,1
DA:13,0
DA:14,0
DA:15,0
DA:16,0
DA:17,0
DA:18,1
DA:19,1
DA:20,1
DA:21,1
DA:22,1
DA:23,1
DA:24,1
DA:25,1
DA:26,1
DA:27,1
DA:28,1
DA:29,264
DA:30,264
LF:30
LH:21
BRDA:1,0,0,272
BRDA:1,1,0,264
BRDA:3,2,0,1
BRDA:4,3,0,0
BRDA:9,4,0,0
BRDA:12,5,0,0
BRF:6
BRH:3
end_of_record
TN:
SF:backend\src\api\reviews\get-submitted-review-controller.js
FN:4,createGetSubmittedReviewController
FN:6,get
FNF:2
FNH:2
FNDA:264,createGetSubmittedReviewController
FNDA:2,get
DA:1,272
DA:2,272
DA:3,272
DA:4,272
DA:5,264
DA:6,264
DA:7,2
DA:8,0
DA:9,0
DA:10,2
DA:11,2
DA:12,2
DA:13,0
DA:14,0
DA:15,2
DA:16,1
DA:17,1
DA:18,0
DA:19,0
DA:20,1
DA:21,2
DA:22,1
DA:23,1
DA:24,0
DA:25,0
DA:26,1
DA:27,2
DA:28,2
DA:29,2
DA:30,2
DA:31,2
DA:32,264
DA:33,264
LF:33
LH:25
BRDA:1,0,0,272
BRDA:4,1,0,264
BRDA:6,2,0,2
BRDA:7,3,0,0
BRDA:12,4,0,0
BRDA:15,5,0,1
BRDA:17,6,0,0
BRDA:21,7,0,1
BRDA:23,8,0,0
BRF:9
BRH:5
end_of_record
TN:
SF:backend\src\api\reviews\post-submit-review-controller.js
FN:4,createPostSubmitReviewController
FN:6,post
FNF:2
FNH:2
FNDA:264,createPostSubmitReviewController
FNDA:14,post
DA:1,272
DA:2,272
DA:3,272
DA:4,272
DA:5,264
DA:6,264
DA:7,14
DA:8,0
DA:9,0
DA:10,14
DA:11,14
DA:12,14
DA:13,0
DA:14,0
DA:15,14
DA:16,14
DA:17,14
DA:18,14
DA:19,14
DA:20,14
DA:21,14
DA:22,14
DA:23,14
DA:24,14
DA:25,1
DA:26,1
DA:27,1
DA:28,1
DA:29,1
DA:30,1
DA:31,1
DA:32,13
DA:33,14
DA:34,264
DA:35,264
LF:35
LH:31
BRDA:1,0,0,272
BRDA:4,1,0,264
BRDA:6,2,0,14
BRDA:7,3,0,0
BRDA:12,4,0,0
BRDA:19,5,0,0
BRDA:20,6,0,0
BRDA:21,7,0,13
BRDA:24,8,0,1
BRDA:32,9,0,13
BRF:10
BRH:6
end_of_record
TN:
SF:backend\src\api\reviews\review-validation-error-mapper.js
FN:1,mapReviewValidationErrors
FNF:1
FNH:1
FNDA:1,mapReviewValidationErrors
DA:1,272
DA:2,1
DA:3,1
DA:4,1
DA:5,1
DA:6,1
DA:7,1
DA:8,1
DA:9,1
DA:10,1
LF:10
LH:10
BRDA:1,0,0,272
BRDA:1,1,0,1
BRF:2
BRH:2
end_of_record
TN:
SF:backend\src\api\reviews\routes.js
FN:5,createReviewRoutes
FNF:1
FNH:1
FNDA:264,createReviewRoutes
DA:1,272
DA:2,272
DA:3,272
DA:4,272
DA:5,272
DA:6,264
DA:7,264
DA:8,264
DA:9,264
DA:10,264
DA:11,264
DA:12,264
DA:13,264
DA:14,264
LF:14
LH:14
BRDA:1,0,0,272
BRDA:5,1,0,264
BRF:2
BRH:2
end_of_record
TN:
SF:backend\src\api\schedule\conflict-highlight-mapper.js
FN:1,mapConflictHighlight
FNF:1
FNH:1
FNDA:5,mapConflictHighlight
DA:1,272
DA:2,5
DA:3,5
DA:4,5
DA:5,5
DA:6,5
DA:7,5
LF:7
LH:7
BRDA:1,0,0,272
BRDA:1,1,0,5
BRDA:2,2,0,2
BRF:3
BRH:3
end_of_record
TN:
SF:backend\src\api\schedule\get-published-schedule-controller.js
FN:3,createGetPublishedScheduleController
FN:5,get
FNF:2
FNH:2
FNDA:264,createGetPublishedScheduleController
FNDA:5,get
DA:1,272
DA:2,272
DA:3,272
DA:4,264
DA:5,264
DA:6,5
DA:7,5
DA:8,5
DA:9,5
DA:10,5
DA:11,5
DA:12,2
DA:13,2
DA:14,3
DA:15,3
DA:16,3
DA:17,3
DA:18,3
DA:19,3
DA:20,3
DA:21,3
DA:22,3
DA:23,3
DA:24,5
DA:25,264
DA:26,264
LF:26
LH:26
BRDA:1,0,0,272
BRDA:3,1,0,264
BRDA:5,2,0,5
BRDA:7,3,0,0
BRDA:11,4,0,2
BRDA:14,5,0,3
BRF:6
BRH:5
end_of_record
TN:
SF:backend\src\api\schedule\post-generate-schedule-controller.js
FN:7,createPostGenerateScheduleController
FN:9,post
FNF:2
FNH:2
FNDA:264,createPostGenerateScheduleController
FNDA:40,post
DA:1,272
DA:2,272
DA:3,272
DA:4,272
DA:5,272
DA:6,272
DA:7,272
DA:8,264
DA:9,264
DA:10,40
DA:11,40
DA:12,40
DA:13,40
DA:14,40
DA:15,40
DA:16,40
DA:17,2
DA:18,2
DA:19,2
DA:20,38
DA:21,40
DA:22,40
DA:23,40
DA:24,40
DA:25,40
DA:26,40
DA:27,40
DA:28,40
DA:29,40
DA:30,40
DA:31,40
DA:32,40
DA:33,40
DA:34,40
DA:35,40
DA:36,1
DA:37,1
DA:38,1
DA:39,40
DA:40,40
DA:41,40
DA:42,40
DA:43,40
DA:44,40
DA:45,40
DA:46,40
DA:47,40
DA:48,40
DA:49,40
DA:50,40
DA:51,264
DA:52,264
LF:52
LH:52
BRDA:1,0,0,272
BRDA:7,1,0,264
BRDA:9,2,0,40
BRDA:11,3,0,0
BRDA:16,4,0,2
BRDA:20,5,0,38
BRDA:21,6,0,0
BRDA:26,7,0,33
BRDA:35,8,0,38
BRDA:35,9,0,1
BRDA:39,10,0,37
BRF:11
BRH:9
end_of_record
TN:
SF:backend\src\api\schedule\post-publish-schedule-controller.js
FN:4,createPostPublishScheduleController
FN:6,post
FNF:2
FNH:2
FNDA:264,createPostPublishScheduleController
FNDA:6,post
DA:1,272
DA:2,272
DA:3,272
DA:4,272
DA:5,264
DA:6,264
DA:7,6
DA:8,6
DA:9,6
DA:10,6
DA:11,1
DA:12,1
DA:13,5
DA:14,6
DA:15,6
DA:16,6
DA:17,6
DA:18,0
DA:19,0
DA:20,5
DA:21,5
DA:22,5
DA:23,2
DA:24,2
DA:25,3
DA:26,3
DA:27,3
DA:28,3
DA:29,3
DA:30,3
DA:31,6
DA:32,264
DA:33,264
LF:33
LH:31
BRDA:1,0,0,272
BRDA:4,1,0,264
BRDA:6,2,0,6
BRDA:8,3,0,0
BRDA:10,4,0,1
BRDA:13,5,0,5
BRDA:15,6,0,5
BRDA:17,7,0,5
BRDA:17,8,0,5
BRDA:17,9,0,0
BRDA:22,10,0,2
BRDA:25,11,0,3
BRF:12
BRH:10
end_of_record
TN:
SF:backend\src\api\schedule\routes.js
FN:5,createScheduleRoutes
FNF:1
FNH:1
FNDA:264,createScheduleRoutes
DA:1,272
DA:2,272
DA:3,272
DA:4,272
DA:5,272
DA:6,264
DA:7,264
DA:8,264
DA:9,264
DA:10,264
DA:11,264
DA:12,264
DA:13,264
DA:14,264
DA:15,264
LF:15
LH:15
BRDA:1,0,0,272
BRDA:5,1,0,264
BRF:2
BRH:2
end_of_record
TN:
SF:backend\src\api\schedule\schedule-error-mapper.js
FN:1,(empty-report)
FNF:1
FNH:0
FNDA:0,(empty-report)
DA:1,0
DA:2,0
DA:3,0
DA:4,0
LF:4
LH:0
BRDA:1,0,0,0
BRF:1
BRH:0
end_of_record
TN:
SF:backend\src\api\schedule-edit\get-editable-schedule-controller.js
FN:4,createGetEditableScheduleController
FN:6,get
FNF:2
FNH:2
FNDA:264,createGetEditableScheduleController
FNDA:29,get
DA:1,272
DA:2,272
DA:3,272
DA:4,272
DA:5,264
DA:6,264
DA:7,29
DA:8,29
DA:9,29
DA:10,29
DA:11,29
DA:12,29
DA:13,0
DA:14,0
DA:15,29
DA:16,29
DA:17,29
DA:18,29
DA:19,264
DA:20,264
LF:20
LH:18
BRDA:1,0,0,272
BRDA:4,1,0,264
BRDA:6,2,0,29
BRDA:8,3,0,0
BRDA:12,4,0,0
BRDA:16,5,0,0
BRF:6
BRH:3
end_of_record
TN:
SF:backend\src\api\schedule-edit\post-cancel-schedule-edit-controller.js
FN:3,createPostCancelScheduleEditController
FN:5,post
FNF:2
FNH:2
FNDA:265,createPostCancelScheduleEditController
FNDA:3,post
DA:1,273
DA:2,273
DA:3,273
DA:4,265
DA:5,265
DA:6,3
DA:7,3
DA:8,2
DA:9,3
DA:10,265
DA:11,265
LF:11
LH:11
BRDA:1,0,0,273
BRDA:3,1,0,265
BRDA:5,2,0,3
BRDA:7,3,0,2
BRDA:7,4,0,1
BRF:5
BRH:5
end_of_record
TN:
SF:backend\src\api\schedule-edit\post-save-schedule-controller.js
FN:11,createPostSaveScheduleController
FN:13,post
FNF:2
FNH:2
FNDA:264,createPostSaveScheduleController
FNDA:42,post
DA:1,272
DA:2,272
DA:3,272
DA:4,272
DA:5,272
DA:6,272
DA:7,272
DA:8,272
DA:9,272
DA:10,272
DA:11,272
DA:12,264
DA:13,264
DA:14,42
DA:15,42
DA:16,42
DA:17,42
DA:18,42
DA:19,42
DA:20,42
DA:21,40
DA:22,42
DA:23,42
DA:24,42
DA:25,42
DA:26,38
DA:27,38
DA:28,41
DA:29,38
DA:30,42
DA:31,42
DA:32,3
DA:33,3
DA:34,3
DA:35,35
DA:36,35
DA:37,36
DA:38,34
DA:39,34
DA:40,34
DA:41,34
DA:42,42
DA:43,42
DA:44,42
DA:45,264
DA:46,264
LF:46
LH:46
BRDA:1,0,0,272
BRDA:11,1,0,264
BRDA:13,2,0,42
BRDA:15,3,0,0
BRDA:20,4,0,2
BRDA:21,5,0,41
BRDA:21,6,0,40
BRDA:22,7,0,0
BRDA:23,8,0,40
BRDA:25,9,0,41
BRDA:25,10,0,38
BRDA:25,11,0,2
BRDA:28,12,0,0
BRDA:29,13,0,38
BRDA:31,14,0,41
BRDA:31,15,0,3
BRDA:35,16,0,36
BRDA:35,17,0,35
BRDA:37,18,0,1
BRDA:38,19,0,34
BRF:20
BRH:17
end_of_record
TN:
SF:backend\src\api\schedule-edit\routes.js
FN:5,createScheduleEditRoutes
FNF:1
FNH:1
FNDA:264,createScheduleEditRoutes
DA:1,272
DA:2,272
DA:3,272
DA:4,272
DA:5,272
DA:6,264
DA:7,264
DA:8,264
DA:9,264
DA:10,264
DA:11,264
DA:12,264
DA:13,264
DA:14,264
DA:15,264
LF:15
LH:15
BRDA:1,0,0,272
BRDA:5,1,0,264
BRF:2
BRH:2
end_of_record
TN:
SF:backend\src\api\schedule-edit\schedule-edit-error-mapper.js
FN:1,mapScheduleEditError
FNF:1
FNH:1
FNDA:1,mapScheduleEditError
DA:1,272
DA:2,1
DA:3,1
LF:3
LH:3
BRDA:1,0,0,272
BRDA:1,1,0,1
BRF:2
BRH:2
end_of_record
TN:
SF:backend\src\api\schedule-edit\schedule-edit-response-mapper.js
FN:1,mapScheduleEditResponse
FNF:1
FNH:1
FNDA:63,mapScheduleEditResponse
DA:1,272
DA:2,63
DA:3,63
DA:4,63
DA:5,63
DA:6,63
DA:7,63
DA:8,63
DA:9,63
DA:10,63
DA:11,63
LF:11
LH:11
BRDA:1,0,0,272
BRDA:1,1,0,63
BRDA:6,2,0,3
BRF:3
BRH:3
end_of_record
TN:
SF:backend\src\api\schedule-edit\schedule-lock-feedback-mapper.js
FN:1,mapScheduleLockFeedback
FNF:1
FNH:1
FNDA:2,mapScheduleLockFeedback
DA:1,272
DA:2,2
DA:3,2
LF:3
LH:3
BRDA:1,0,0,272
BRDA:1,1,0,2
BRF:2
BRH:2
end_of_record
TN:
SF:backend\src\api\submissions\list-author-submissions-controller.js
FN:3,createListAuthorSubmissionsController
FN:5,listMine
FNF:2
FNH:2
FNDA:265,createListAuthorSubmissionsController
FNDA:6,listMine
DA:1,273
DA:2,273
DA:3,273
DA:4,265
DA:5,265
DA:6,6
DA:7,1
DA:8,1
DA:9,5
DA:10,5
DA:11,6
DA:12,265
DA:13,265
LF:13
LH:13
BRDA:1,0,0,273
BRDA:3,1,0,265
BRDA:5,2,0,6
BRDA:6,3,0,5
BRDA:6,4,0,5
BRDA:6,5,0,1
BRF:6
BRH:6
end_of_record
TN:
SF:backend\src\api\submissions\routes.js
FN:5,createSubmissionRoutes
FNF:1
FNH:1
FNDA:264,createSubmissionRoutes
DA:1,272
DA:2,272
DA:3,272
DA:4,272
DA:5,272
DA:6,264
DA:7,264
DA:8,264
DA:9,264
DA:10,264
DA:11,264
DA:12,264
DA:13,264
DA:14,264
DA:15,264
LF:15
LH:15
BRDA:1,0,0,272
BRDA:5,1,0,264
BRF:2
BRH:2
end_of_record
TN:
SF:backend\src\api\submissions\submission-controller.js
FN:3,createSubmissionController
FN:5,submit
FNF:2
FNH:2
FNDA:264,createSubmissionController
FNDA:10,submit
DA:1,272
DA:2,272
DA:3,272
DA:4,264
DA:5,264
DA:6,264
DA:7,264
LF:7
LH:7
BRDA:1,0,0,272
BRDA:3,1,0,264
BRDA:5,2,0,10
BRF:3
BRH:3
end_of_record
TN:
SF:backend\src\api\submissions\submission-error-mapper.js
FN:1,(empty-report)
FNF:1
FNH:0
FNDA:0,(empty-report)
DA:1,0
DA:2,0
DA:3,0
DA:4,0
DA:5,0
LF:5
LH:0
BRDA:1,0,0,0
BRF:1
BRH:0
end_of_record
TN:
SF:backend\src\api\submissions\submission-response-mapper.js
FN:1,(empty-report)
FNF:1
FNH:0
FNDA:0,(empty-report)
DA:1,0
LF:1
LH:0
BRDA:1,0,0,0
BRF:1
BRH:0
end_of_record
TN:
SF:backend\src\api\submissions\upload-status-controller.js
FN:4,createUploadStatusController
FN:6,reportStatus
FNF:2
FNH:2
FNDA:264,createUploadStatusController
FNDA:2,reportStatus
DA:1,272
DA:2,272
DA:3,272
DA:4,272
DA:5,264
DA:6,264
DA:7,2
DA:8,2
DA:9,2
DA:10,2
DA:11,0
DA:12,0
DA:13,2
DA:14,2
DA:15,2
DA:16,2
DA:17,264
DA:18,264
LF:18
LH:16
BRDA:1,0,0,272
BRDA:4,1,0,264
BRDA:6,2,0,2
BRDA:7,3,0,0
BRDA:10,4,0,0
BRF:5
BRH:3
end_of_record
TN:
SF:backend\src\api\tickets\get-ticket-metadata-controller.js
FN:3,createGetTicketMetadataController
FN:5,get
FNF:2
FNH:2
FNDA:264,createGetTicketMetadataController
FNDA:3,get
DA:1,272
DA:2,272
DA:3,272
DA:4,264
DA:5,264
DA:6,3
DA:7,3
DA:8,0
DA:9,0
DA:10,3
DA:11,3
DA:12,3
DA:13,0
DA:14,0
DA:15,3
DA:16,3
DA:17,1
DA:18,1
DA:19,2
DA:20,2
DA:21,2
DA:22,2
DA:23,2
DA:24,2
DA:25,2
DA:26,2
DA:27,2
DA:28,3
DA:29,3
DA:30,3
DA:31,3
DA:32,264
DA:33,264
LF:33
LH:29
BRDA:1,0,0,272
BRDA:3,1,0,264
BRDA:5,2,0,3
BRDA:7,3,0,0
BRDA:12,4,0,0
BRDA:16,5,0,1
BRDA:19,6,0,2
BRF:7
BRH:5
end_of_record
TN:
SF:backend\src\api\tickets\get-ticket-pdf-controller.js
FN:4,createGetTicketPdfController
FN:6,get
FNF:2
FNH:2
FNDA:264,createGetTicketPdfController
FNDA:26,get
DA:1,272
DA:2,272
DA:3,272
DA:4,272
DA:5,264
DA:6,264
DA:7,26
DA:8,26
DA:9,0
DA:10,0
DA:11,26
DA:12,26
DA:13,26
DA:14,0
DA:15,0
DA:16,26
DA:17,26
DA:18,26
DA:19,0
DA:20,0
DA:21,25
DA:22,25
DA:23,25
DA:24,25
DA:25,25
DA:26,25
DA:27,25
DA:28,25
DA:29,26
DA:30,1
DA:31,1
DA:32,1
DA:33,1
DA:34,1
DA:35,1
DA:36,1
DA:37,0
DA:38,0
DA:39,26
DA:40,264
DA:41,264
LF:41
LH:33
BRDA:1,0,0,272
BRDA:4,1,0,264
BRDA:6,2,0,26
BRDA:8,3,0,0
BRDA:13,4,0,0
BRDA:18,5,0,25
BRDA:18,6,0,0
BRDA:29,7,0,1
BRDA:37,8,0,0
BRF:9
BRH:5
end_of_record
TN:
SF:backend\src\api\tickets\post-issue-ticket-controller.js
FN:10,createPostIssueTicketController
FN:12,post
FNF:2
FNH:2
FNDA:264,createPostIssueTicketController
FNDA:34,post
DA:1,272
DA:2,272
DA:3,272
DA:4,272
DA:5,272
DA:6,272
DA:7,272
DA:8,272
DA:9,272
DA:10,272
DA:11,264
DA:12,264
DA:13,34
DA:14,34
DA:15,0
DA:16,0
DA:17,34
DA:18,34
DA:19,34
DA:20,1
DA:21,1
DA:22,33
DA:23,33
DA:24,0
DA:25,0
DA:26,0
DA:27,0
DA:28,0
DA:29,0
DA:30,0
DA:31,0
DA:32,0
DA:33,0
DA:34,0
DA:35,0
DA:36,33
DA:37,33
DA:38,2
DA:39,2
DA:40,2
DA:41,2
DA:42,31
DA:43,31
DA:44,31
DA:45,31
DA:46,31
DA:47,31
DA:48,31
DA:49,31
DA:50,31
DA:51,31
DA:52,31
DA:53,31
DA:54,31
DA:55,31
DA:56,31
DA:57,31
DA:58,31
DA:59,34
DA:60,34
DA:61,34
DA:62,34
DA:63,34
DA:64,34
DA:65,34
DA:66,34
DA:67,34
DA:68,34
DA:69,34
DA:70,34
DA:71,34
DA:72,34
DA:73,1
DA:74,1
DA:75,1
DA:76,1
DA:77,34
DA:78,264
DA:79,264
LF:79
LH:65
BRDA:1,0,0,272
BRDA:10,1,0,264
BRDA:12,2,0,34
BRDA:14,3,0,0
BRDA:19,4,0,1
BRDA:22,5,0,33
BRDA:23,6,0,0
BRDA:37,7,0,2
BRDA:42,8,0,31
BRDA:59,9,0,30
BRDA:72,10,0,1
BRF:11
BRH:9
end_of_record
TN:
SF:backend\src\api\tickets\routes.js
FN:5,createTicketRoutes
FNF:1
FNH:1
FNDA:264,createTicketRoutes
DA:1,272
DA:2,272
DA:3,272
DA:4,272
DA:5,272
DA:6,264
DA:7,264
DA:8,264
DA:9,264
DA:10,264
DA:11,264
DA:12,264
DA:13,264
DA:14,264
DA:15,264
LF:15
LH:15
BRDA:1,0,0,272
BRDA:5,1,0,264
BRF:2
BRH:2
end_of_record
TN:
SF:backend\src\api\tickets\ticket-delivery-outcome-mapper.js
FN:1,mapTicketDeliveryOutcome
FNF:1
FNH:1
FNDA:30,mapTicketDeliveryOutcome
DA:1,272
DA:2,30
DA:3,1
DA:4,1
DA:5,29
DA:6,30
LF:6
LH:6
BRDA:1,0,0,272
BRDA:1,1,0,30
BRDA:2,2,0,1
BRDA:5,3,0,29
BRF:4
BRH:4
end_of_record
TN:
SF:backend\src\api\tickets\ticket-error-mapper.js
FN:1,mapTicketError
FNF:1
FNH:1
FNDA:6,mapTicketError
DA:1,272
DA:2,6
DA:3,6
LF:3
LH:3
BRDA:1,0,0,272
BRDA:1,1,0,6
BRF:2
BRH:2
end_of_record
TN:
SF:backend\src\api\uploads\retry-upload-controller.js
FN:3,createRetryUploadController
FN:5,retryMode
FNF:2
FNH:2
FNDA:264,createRetryUploadController
FNDA:4,retryMode
DA:1,272
DA:2,272
DA:3,272
DA:4,264
DA:5,264
DA:6,4
DA:7,4
DA:8,4
DA:9,4
DA:10,0
DA:11,0
DA:12,4
DA:13,4
DA:14,4
DA:15,4
DA:16,4
DA:17,4
DA:18,4
DA:19,4
DA:20,4
DA:21,4
DA:22,4
DA:23,4
DA:24,4
DA:25,4
DA:26,4
DA:27,264
DA:28,264
LF:28
LH:26
BRDA:1,0,0,272
BRDA:3,1,0,264
BRDA:5,2,0,4
BRDA:6,3,0,0
BRDA:9,4,0,0
BRF:5
BRH:3
end_of_record
TN:
SF:backend\src\api\uploads\routes.js
FN:4,createUploadRoutes
FNF:1
FNH:1
FNDA:264,createUploadRoutes
DA:1,272
DA:2,272
DA:3,272
DA:4,272
DA:5,264
DA:6,264
DA:7,264
DA:8,264
DA:9,264
DA:10,264
DA:11,264
LF:11
LH:11
BRDA:1,0,0,272
BRDA:4,1,0,264
BRF:2
BRH:2
end_of_record
TN:
SF:backend\src\api\uploads\upload-error-mapper.js
FN:1,(empty-report)
FNF:1
FNH:0
FNDA:0,(empty-report)
DA:1,0
DA:2,0
DA:3,0
DA:4,0
DA:5,0
DA:6,0
DA:7,0
DA:8,0
DA:9,0
DA:10,0
LF:10
LH:0
BRDA:1,0,0,0
BRF:1
BRH:0
end_of_record
TN:
SF:backend\src\api\uploads\upload-manuscript-controller.js
FN:3,createUploadManuscriptController
FN:5,upload
FNF:2
FNH:2
FNDA:264,createUploadManuscriptController
FNDA:8,upload
DA:1,272
DA:2,272
DA:3,272
DA:4,264
DA:5,264
DA:6,264
DA:7,264
LF:7
LH:7
BRDA:1,0,0,272
BRDA:3,1,0,264
BRDA:5,2,0,8
BRF:3
BRH:3
end_of_record
TN:
SF:backend\src\api\uploads\upload-response-mapper.js
FN:1,(empty-report)
FNF:1
FNH:0
FNDA:0,(empty-report)
DA:1,0
DA:2,0
DA:3,0
DA:4,0
DA:5,0
DA:6,0
DA:7,0
DA:8,0
DA:9,0
DA:10,0
LF:10
LH:0
BRDA:1,0,0,0
BRF:1
BRH:0
end_of_record
TN:
SF:backend\src\api\workload\assign-referee-controller.js
FN:5,createAssignRefereeController
FN:7,assign
FNF:2
FNH:2
FNDA:264,createAssignRefereeController
FNDA:42,assign
DA:1,272
DA:2,272
DA:3,272
DA:4,272
DA:5,272
DA:6,264
DA:7,264
DA:8,42
DA:9,0
DA:10,0
DA:11,0
DA:12,0
DA:13,0
DA:14,0
DA:15,0
DA:16,0
DA:17,42
DA:18,42
DA:19,42
DA:20,42
DA:21,42
DA:22,42
DA:23,42
DA:24,42
DA:25,5
DA:26,5
DA:27,42
DA:28,4
DA:29,4
DA:30,33
DA:31,42
DA:32,264
DA:33,264
LF:33
LH:25
BRDA:1,0,0,272
BRDA:5,1,0,264
BRDA:7,2,0,42
BRDA:8,3,0,0
BRDA:24,4,0,38
BRDA:24,5,0,41
BRDA:24,6,0,5
BRDA:27,7,0,37
BRDA:27,8,0,38
BRDA:27,9,0,4
BRDA:30,10,0,33
BRF:11
BRH:10
end_of_record
TN:
SF:backend\src\api\workload\get-workload-controller.js
FN:3,createGetWorkloadController
FN:5,get
FNF:2
FNH:2
FNDA:264,createGetWorkloadController
FNDA:6,get
DA:1,272
DA:2,272
DA:3,272
DA:4,264
DA:5,264
DA:6,6
DA:7,0
DA:8,0
DA:9,0
DA:10,0
DA:11,0
DA:12,6
DA:13,6
DA:14,6
DA:15,6
DA:16,6
DA:17,6
DA:18,6
DA:19,6
DA:20,6
DA:21,6
DA:22,6
DA:23,6
DA:24,6
DA:25,6
DA:26,6
DA:27,6
DA:28,6
DA:29,6
DA:30,0
DA:31,0
DA:32,0
DA:33,0
DA:34,0
DA:35,0
DA:36,0
DA:37,0
DA:38,6
DA:39,264
DA:40,264
LF:40
LH:27
BRDA:1,0,0,272
BRDA:3,1,0,264
BRDA:5,2,0,6
BRDA:6,3,0,0
BRDA:29,4,0,0
BRF:5
BRH:3
end_of_record
TN:
SF:backend\src\api\workload\routes.js
FN:4,createWorkloadRoutes
FNF:1
FNH:1
FNDA:264,createWorkloadRoutes
DA:1,272
DA:2,272
DA:3,272
DA:4,272
DA:5,264
DA:6,264
DA:7,264
DA:8,264
DA:9,264
DA:10,264
DA:11,264
LF:11
LH:11
BRDA:1,0,0,272
BRDA:4,1,0,264
BRF:2
BRH:2
end_of_record
TN:
SF:backend\src\api\workload\workload-error-mapper.js
FN:1,mapWorkloadLimitError
FNF:1
FNH:1
FNDA:5,mapWorkloadLimitError
DA:1,272
DA:2,5
DA:3,1
DA:4,1
DA:5,1
DA:6,1
DA:7,1
DA:8,1
DA:9,1
DA:10,1
DA:11,4
DA:12,4
DA:13,4
DA:14,4
DA:15,4
DA:16,4
DA:17,4
DA:18,5
LF:18
LH:18
BRDA:1,0,0,272
BRDA:1,1,0,5
BRDA:2,2,0,1
BRDA:11,3,0,4
BRF:4
BRH:4
end_of_record
TN:
SF:backend\src\api\workload\workload-failure-response-mapper.js
FN:1,mapWorkloadFailure
FNF:1
FNH:1
FNDA:4,mapWorkloadFailure
DA:1,272
DA:2,4
DA:3,2
DA:4,2
DA:5,2
DA:6,2
DA:7,2
DA:8,2
DA:9,2
DA:10,2
DA:11,2
DA:12,2
DA:13,2
DA:14,2
DA:15,2
DA:16,2
DA:17,2
DA:18,4
LF:18
LH:18
BRDA:1,0,0,272
BRDA:1,1,0,4
BRDA:2,2,0,2
BRF:3
BRH:3
end_of_record
TN:
SF:backend\src\models\announcement-access-outcome.js
FN:1,asAnnouncementAccessOutcome
FNF:1
FNH:1
FNDA:6,asAnnouncementAccessOutcome
DA:1,272
DA:2,6
DA:3,6
LF:3
LH:3
BRDA:1,0,0,272
BRDA:1,1,0,6
BRF:2
BRH:2
end_of_record
TN:
SF:backend\src\models\announcement-detail-projection.js
FN:1,asAnnouncementDetailProjection
FNF:1
FNH:1
FNDA:23,asAnnouncementDetailProjection
DA:1,272
DA:2,23
DA:3,23
DA:4,23
DA:5,23
DA:6,23
DA:7,23
DA:8,23
LF:8
LH:8
BRDA:1,0,0,272
BRDA:1,1,0,23
BRF:2
BRH:2
end_of_record
TN:
SF:backend\src\models\announcement-list-projection.js
FN:1,asAnnouncementListProjection
FNF:1
FNH:1
FNDA:28,asAnnouncementListProjection
DA:1,272
DA:2,28
DA:3,28
DA:4,28
DA:5,50
DA:6,50
DA:7,50
DA:8,50
DA:9,28
DA:10,28
DA:11,28
LF:11
LH:11
BRDA:1,0,0,272
BRDA:1,1,0,28
BRDA:4,2,0,50
BRF:3
BRH:3
end_of_record
TN:
SF:backend\src\models\announcement-store.js
FN:4,AnnouncementStore
FN:10,seedAnnouncements
FN:17,getAll
FN:27,getById
FN:37,markUnavailable
FN:43,failListOnce
FN:47,failDetailOnce
FNF:7
FNH:6
FNDA:263,AnnouncementStore
FNDA:10,seedAnnouncements
FNDA:32,getAll
FNDA:25,getById
FNDA:2,markUnavailable
FNDA:2,failListOnce
FNDA:0,failDetailOnce
DA:1,272
DA:2,272
DA:3,272
DA:4,272
DA:5,263
DA:6,263
DA:7,263
DA:8,263
DA:9,272
DA:10,272
DA:11,10
DA:12,13
DA:13,13
DA:14,13
DA:15,10
DA:16,272
DA:17,272
DA:18,32
DA:19,2
DA:20,2
DA:21,2
DA:22,2
DA:23,2
DA:24,30
DA:25,32
DA:26,272
DA:27,272
DA:28,25
DA:29,0
DA:30,0
DA:31,0
DA:32,0
DA:33,0
DA:34,25
DA:35,25
DA:36,272
DA:37,272
DA:38,2
DA:39,2
DA:40,2
DA:41,2
DA:42,272
DA:43,272
DA:44,2
DA:45,2
DA:46,272
DA:47,272
DA:48,0
DA:49,0
DA:50,272
LF:50
LH:43
BRDA:1,0,0,272
BRDA:4,1,0,263
BRDA:10,2,0,10
BRDA:11,3,0,13
BRDA:17,4,0,32
BRDA:18,5,0,31
BRDA:18,6,0,2
BRDA:24,7,0,30
BRDA:27,8,0,25
BRDA:28,9,0,0
BRDA:34,10,0,0
BRDA:37,11,0,2
BRDA:39,12,0,0
BRDA:43,13,0,2
BRF:14
BRH:11
end_of_record
TN:
SF:backend\src\models\anonymized-review-view.js
FN:1,asAnonymizedReviewView
FNF:1
FNH:1
FNDA:633,asAnonymizedReviewView
DA:1,273
DA:2,633
DA:3,633
DA:4,633
DA:5,633
DA:6,633
DA:7,633
DA:8,633
DA:9,633
DA:10,633
DA:11,633
DA:12,633
LF:12
LH:12
BRDA:1,0,0,273
BRDA:1,1,0,633
BRF:2
BRH:2
end_of_record
TN:
SF:backend\src\models\assigned-paper.js
FN:2,AssignedPaperRepository
FN:10,seedAssignment
FN:16,seedManuscript
FN:20,seedReviewForm
FN:24,listAssigned
FN:34,getManuscript
FN:44,getReviewForm
FN:54,failNextListRead
FN:58,failNextResourceRead
FNF:9
FNH:8
FNDA:263,AssignedPaperRepository
FNDA:6,seedAssignment
FNDA:4,seedManuscript
FNDA:2,seedReviewForm
FNDA:13,listAssigned
FNDA:4,getManuscript
FNDA:2,getReviewForm
FNDA:1,failNextListRead
FNDA:0,failNextResourceRead
DA:1,272
DA:2,272
DA:3,263
DA:4,263
DA:5,263
DA:6,263
DA:7,263
DA:8,263
DA:9,272
DA:10,272
DA:11,6
DA:12,6
DA:13,6
DA:14,6
DA:15,272
DA:16,272
DA:17,4
DA:18,4
DA:19,272
DA:20,272
DA:21,2
DA:22,2
DA:23,272
DA:24,272
DA:25,13
DA:26,1
DA:27,1
DA:28,1
DA:29,1
DA:30,1
DA:31,13
DA:32,13
DA:33,272
DA:34,272
DA:35,4
DA:36,0
DA:37,0
DA:38,0
DA:39,0
DA:40,0
DA:41,4
DA:42,4
DA:43,272
DA:44,272
DA:45,2
DA:46,0
DA:47,0
DA:48,0
DA:49,0
DA:50,0
DA:51,2
DA:52,2
DA:53,272
DA:54,272
DA:55,1
DA:56,1
DA:57,272
DA:58,272
DA:59,0
DA:60,0
DA:61,272
LF:61
LH:49
BRDA:1,0,0,272
BRDA:2,1,0,263
BRDA:10,2,0,6
BRDA:16,3,0,4
BRDA:20,4,0,2
BRDA:24,5,0,13
BRDA:25,6,0,1
BRDA:31,7,0,12
BRDA:31,8,0,5
BRDA:34,9,0,4
BRDA:35,10,0,0
BRDA:41,11,0,2
BRDA:44,12,0,2
BRDA:45,13,0,0
BRDA:51,14,0,1
BRDA:54,15,0,1
BRF:16
BRH:14
end_of_record
TN:
SF:backend\src\models\assignment-set.js
FN:1,validateAssignmentSet
FNF:1
FNH:1
FNDA:39,validateAssignmentSet
DA:1,272
DA:2,39
DA:3,39
DA:4,39
DA:5,1
DA:6,1
DA:7,1
DA:8,1
DA:9,1
DA:10,1
DA:11,39
DA:12,1
DA:13,1
DA:14,1
DA:15,1
DA:16,1
DA:17,1
DA:18,39
DA:19,1
DA:20,1
DA:21,1
DA:22,1
DA:23,1
DA:24,1
DA:25,39
DA:26,39
LF:26
LH:26
BRDA:1,0,0,272
BRDA:1,1,0,39
BRDA:2,2,0,0
BRDA:4,3,0,1
BRDA:11,4,0,1
BRDA:18,5,0,1
BRF:6
BRH:5
end_of_record
TN:
SF:backend\src\models\assignment-transaction-result.js
FN:1,assignmentTransactionSuccess
FN:10,assignmentTransactionFailure
FNF:2
FNH:2
FNDA:31,assignmentTransactionSuccess
FNDA:5,assignmentTransactionFailure
DA:1,273
DA:2,31
DA:3,31
DA:4,31
DA:5,31
DA:6,31
DA:7,31
DA:8,31
DA:9,273
DA:10,273
DA:11,5
DA:12,5
DA:13,5
DA:14,5
DA:15,5
DA:16,5
LF:16
LH:16
BRDA:1,0,0,273
BRDA:1,1,0,31
BRDA:10,2,0,5
BRF:3
BRH:3
end_of_record
TN:
SF:backend\src\models\completed-review-record.js
FN:1,asCompletedReviewRecord
FNF:1
FNH:1
FNDA:636,asCompletedReviewRecord
DA:1,273
DA:2,636
DA:3,634
DA:4,634
DA:5,634
DA:6,636
DA:7,636
DA:8,636
DA:9,636
DA:10,636
DA:11,636
DA:12,636
DA:13,636
LF:13
LH:13
BRDA:1,0,0,273
BRDA:1,1,0,636
BRDA:2,2,0,635
BRDA:2,3,0,634
BRDA:2,4,0,2
BRDA:6,5,0,0
BRF:6
BRH:5
end_of_record
TN:
SF:backend\src\models\conference-schedule-state.js
FN:1,(empty-report)
FNF:1
FNH:0
FNDA:0,(empty-report)
DA:1,0
DA:2,0
DA:3,0
DA:4,0
DA:5,0
DA:6,0
DA:7,0
DA:8,0
LF:8
LH:0
BRDA:1,0,0,0
BRF:1
BRH:0
end_of_record
TN:
SF:backend\src\models\conflict-record.js
FN:1,createConflictRecord
FNF:1
FNH:1
FNDA:2,createConflictRecord
DA:1,272
DA:2,2
DA:3,2
LF:3
LH:3
BRDA:1,0,0,272
BRDA:1,1,0,2
BRF:2
BRH:2
end_of_record
TN:
SF:backend\src\models\conflict-validation-result.js
FN:1,asConflictValidationResult
FNF:1
FNH:1
FNDA:38,asConflictValidationResult
DA:1,272
DA:2,38
DA:3,38
LF:3
LH:3
BRDA:1,0,0,272
BRDA:1,1,0,38
BRF:2
BRH:2
end_of_record
TN:
SF:backend\src\models\credential_repository.js
FN:4,CredentialRepository
FN:9,getUserByEmail
FN:15,updatePasswordHash
FNF:3
FNH:3
FNDA:263,CredentialRepository
FNDA:29,getUserByEmail
FNDA:9,updatePasswordHash
DA:1,272
DA:2,272
DA:3,272
DA:4,272
DA:5,263
DA:6,263
DA:7,263
DA:8,272
DA:9,272
DA:10,29
DA:11,29
DA:12,29
DA:13,29
DA:14,272
DA:15,272
DA:16,9
DA:17,2
DA:18,2
DA:19,2
DA:20,7
DA:21,7
DA:22,7
DA:23,7
DA:24,7
DA:25,9
DA:26,272
LF:26
LH:26
BRDA:1,0,0,272
BRDA:4,1,0,263
BRDA:9,2,0,29
BRDA:15,3,0,9
BRDA:16,4,0,2
BRDA:20,5,0,7
BRDA:21,6,0,0
BRF:7
BRH:6
end_of_record
TN:
SF:backend\src\models\credential_store_repository.js
FN:4,CredentialStoreRepository
FN:9,setUnavailable
FN:13,findByEmail
FNF:3
FNH:3
FNDA:263,CredentialStoreRepository
FNDA:2,setUnavailable
FNDA:40,findByEmail
DA:1,272
DA:2,272
DA:3,272
DA:4,272
DA:5,263
DA:6,263
DA:7,263
DA:8,272
DA:9,272
DA:10,2
DA:11,2
DA:12,272
DA:13,272
DA:14,40
DA:15,2
DA:16,2
DA:17,38
DA:18,38
DA:19,40
DA:20,272
LF:20
LH:20
BRDA:1,0,0,272
BRDA:4,1,0,263
BRDA:9,2,0,2
BRDA:13,3,0,40
BRDA:14,4,0,2
BRDA:17,5,0,38
BRF:6
BRH:6
end_of_record
TN:
SF:backend\src\models\decision-record.js
FN:4,PaperDecisionRepository
FN:11,seedPaper
FN:39,getPaper
FN:49,getDecision
FN:59,createDecision
FN:87,failNextDecisionSave
FN:91,failNextDecisionRead
FNF:7
FNH:7
FNDA:263,PaperDecisionRepository
FNDA:49,seedPaper
FNDA:195,getPaper
FNDA:69,getDecision
FNDA:43,createDecision
FNDA:1,failNextDecisionSave
FNDA:1,failNextDecisionRead
DA:1,272
DA:2,272
DA:3,272
DA:4,272
DA:5,263
DA:6,263
DA:7,263
DA:8,263
DA:9,263
DA:10,272
DA:11,272
DA:12,49
DA:13,49
DA:14,49
DA:15,49
DA:16,49
DA:17,49
DA:18,49
DA:19,49
DA:20,49
DA:21,49
DA:22,49
DA:23,49
DA:24,49
DA:25,49
DA:26,49
DA:27,49
DA:28,49
DA:29,49
DA:30,49
DA:31,49
DA:32,49
DA:33,49
DA:34,49
DA:35,49
DA:36,49
DA:37,49
DA:38,272
DA:39,272
DA:40,195
DA:41,1
DA:42,1
DA:43,1
DA:44,1
DA:45,1
DA:46,195
DA:47,195
DA:48,272
DA:49,272
DA:50,69
DA:51,0
DA:52,0
DA:53,0
DA:54,0
DA:55,0
DA:56,69
DA:57,69
DA:58,272
DA:59,272
DA:60,43
DA:61,1
DA:62,1
DA:63,1
DA:64,1
DA:65,1
DA:66,42
DA:67,42
DA:68,42
DA:69,0
DA:70,0
DA:71,0
DA:72,0
DA:73,42
DA:74,42
DA:75,42
DA:76,42
DA:77,42
DA:78,42
DA:79,42
DA:80,42
DA:81,42
DA:82,42
DA:83,43
DA:84,43
DA:85,43
DA:86,272
DA:87,272
DA:88,1
DA:89,1
DA:90,272
DA:91,272
DA:92,1
DA:93,1
DA:94,272
LF:94
LH:85
BRDA:1,0,0,272
BRDA:4,1,0,263
BRDA:11,2,0,49
BRDA:39,3,0,195
BRDA:40,4,0,194
BRDA:40,5,0,1
BRDA:46,6,0,0
BRDA:49,7,0,69
BRDA:50,8,0,0
BRDA:56,9,0,9
BRDA:59,10,0,43
BRDA:60,11,0,1
BRDA:66,12,0,42
BRDA:68,13,0,0
BRDA:83,14,0,35
BRDA:83,15,0,7
BRDA:87,16,0,1
BRDA:91,17,0,1
BRF:18
BRH:15
end_of_record
TN:
SF:backend\src\models\decision-state.js
FN:7,isFinalDecision
FNF:1
FNH:1
FNDA:60,isFinalDecision
DA:1,272
DA:2,272
DA:3,272
DA:4,272
DA:5,272
DA:6,272
DA:7,272
DA:8,60
DA:9,60
LF:9
LH:9
BRDA:1,0,0,272
BRDA:7,1,0,60
BRDA:8,2,0,3
BRF:3
BRH:3
end_of_record
TN:
SF:backend\src\models\draft-field-state.js
FN:3,stableStringify
FN:14,computeEditableStateHash
FNF:2
FNH:2
FNDA:38,stableStringify
FNDA:16,computeEditableStateHash
DA:1,273
DA:2,273
DA:3,38
DA:4,38
DA:5,22
DA:6,22
DA:7,38
DA:8,0
DA:9,0
DA:10,16
DA:11,16
DA:12,38
DA:13,273
DA:14,273
DA:15,16
DA:16,16
LF:16
LH:14
BRDA:1,0,0,273
BRDA:3,1,0,38
BRDA:4,2,0,29
BRDA:4,3,0,22
BRDA:7,4,0,16
BRDA:7,5,0,0
BRDA:10,6,0,16
BRDA:11,7,0,22
BRDA:14,8,0,16
BRDA:15,9,0,0
BRF:10
BRH:8
end_of_record
TN:
SF:backend\src\models\file-attachment-record.js
FN:2,FileAttachmentRecordRepository
FN:6,get
FN:10,setAttached
FN:23,setUnattached
FNF:4
FNH:4
FNDA:263,FileAttachmentRecordRepository
FNDA:5,get
FNDA:4,setAttached
FNDA:4,setUnattached
DA:1,272
DA:2,272
DA:3,263
DA:4,263
DA:5,272
DA:6,272
DA:7,5
DA:8,5
DA:9,272
DA:10,272
DA:11,4
DA:12,4
DA:13,4
DA:14,4
DA:15,4
DA:16,4
DA:17,4
DA:18,4
DA:19,4
DA:20,4
DA:21,4
DA:22,272
DA:23,272
DA:24,4
DA:25,4
DA:26,272
LF:26
LH:26
BRDA:1,0,0,272
BRDA:2,1,0,263
BRDA:6,2,0,5
BRDA:7,3,0,0
BRDA:10,4,0,4
BRDA:23,5,0,4
BRF:6
BRH:5
end_of_record
TN:
SF:backend\src\models\form_definition_repository.js
FN:8,email
FN:9,age
FN:16,validate
FN:23,getFormDefinition
FNF:4
FNH:4
FNDA:14,email
FNDA:14,age
FNDA:14,validate
FNDA:14,getFormDefinition
DA:1,9
DA:2,9
DA:3,9
DA:4,9
DA:5,9
DA:6,9
DA:7,9
DA:8,9
DA:9,9
DA:10,9
DA:11,9
DA:12,9
DA:13,9
DA:14,9
DA:15,9
DA:16,9
DA:17,9
DA:18,9
DA:19,9
DA:20,9
DA:21,9
DA:22,9
DA:23,9
DA:24,14
DA:25,14
LF:25
LH:25
BRDA:1,0,0,9
BRDA:8,1,0,14
BRDA:8,2,0,0
BRDA:9,3,0,14
BRDA:16,4,0,14
BRDA:23,5,0,14
BRDA:24,6,0,0
BRF:7
BRH:5
end_of_record
TN:
SF:backend\src\models\form_submission_repository.js
FN:4,FormSubmissionRepository
FN:9,recordValidationResult
FN:17,getRecord
FN:21,saveRecord
FNF:4
FNH:4
FNDA:7,FormSubmissionRepository
FNDA:11,recordValidationResult
FNDA:4,getRecord
FNDA:7,saveRecord
DA:1,7
DA:2,7
DA:3,7
DA:4,7
DA:5,7
DA:6,7
DA:7,7
DA:8,7
DA:9,7
DA:10,11
DA:11,11
DA:12,11
DA:13,11
DA:14,11
DA:15,11
DA:16,7
DA:17,7
DA:18,4
DA:19,4
DA:20,7
DA:21,7
DA:22,7
DA:23,7
DA:24,7
DA:25,7
DA:26,7
DA:27,7
DA:28,7
DA:29,7
LF:29
LH:29
BRDA:1,0,0,7
BRDA:4,1,0,7
BRDA:9,2,0,11
BRDA:17,3,0,4
BRDA:18,4,0,0
BRDA:21,5,0,7
BRF:6
BRH:5
end_of_record
TN:
SF:backend\src\models\gateway-confirmation-event.js
FN:5,asGatewayConfirmationEvent
FNF:1
FNH:1
FNDA:36,asGatewayConfirmationEvent
DA:1,273
DA:2,273
DA:3,273
DA:4,273
DA:5,273
DA:6,36
DA:7,1
DA:8,1
DA:9,35
DA:10,36
DA:11,36
DA:12,36
DA:13,36
DA:14,36
DA:15,36
DA:16,36
LF:16
LH:16
BRDA:1,0,0,273
BRDA:5,1,0,36
BRDA:6,2,0,35
BRDA:6,3,0,1
BRDA:13,4,0,35
BRF:5
BRH:5
end_of_record
TN:
SF:backend\src\models\invitation-response.js
FN:4,InvitationResponseRepository
FN:8,add
FN:25,getByInvitation
FN:29,remove
FNF:4
FNH:4
FNDA:264,InvitationResponseRepository
FNDA:40,add
FNDA:2,getByInvitation
FNDA:1,remove
DA:1,273
DA:2,273
DA:3,273
DA:4,273
DA:5,264
DA:6,264
DA:7,273
DA:8,273
DA:9,40
DA:10,1
DA:11,1
DA:12,1
DA:13,1
DA:14,39
DA:15,39
DA:16,39
DA:17,39
DA:18,39
DA:19,39
DA:20,39
DA:21,39
DA:22,39
DA:23,40
DA:24,273
DA:25,273
DA:26,2
DA:27,2
DA:28,273
DA:29,273
DA:30,1
DA:31,1
DA:32,273
LF:32
LH:32
BRDA:1,0,0,273
BRDA:4,1,0,264
BRDA:8,2,0,40
BRDA:9,3,0,39
BRDA:9,4,0,1
BRDA:25,5,0,2
BRDA:26,6,0,1
BRDA:29,7,0,1
BRF:8
BRH:8
end_of_record
TN:
SF:backend\src\models\lockout_state_repository.js
FN:4,LockoutStateRepository
FN:8,getState
FN:13,setState
FNF:3
FNH:3
FNDA:265,LockoutStateRepository
FNDA:70,getState
FNDA:48,setState
DA:1,273
DA:2,273
DA:3,273
DA:4,273
DA:5,265
DA:6,265
DA:7,273
DA:8,273
DA:9,70
DA:10,70
DA:11,70
DA:12,273
DA:13,273
DA:14,48
DA:15,48
DA:16,48
DA:17,48
DA:18,273
LF:18
LH:18
BRDA:1,0,0,273
BRDA:4,1,0,265
BRDA:8,2,0,70
BRDA:10,3,0,34
BRDA:13,4,0,48
BRF:5
BRH:5
end_of_record
TN:
SF:backend\src\models\login_attempt_repository.js
FN:4,LoginAttemptRepository
FN:8,addAttempt
FNF:2
FNH:2
FNDA:263,LoginAttemptRepository
FNDA:39,addAttempt
DA:1,272
DA:2,272
DA:3,272
DA:4,272
DA:5,263
DA:6,263
DA:7,272
DA:8,272
DA:9,39
DA:10,39
DA:11,39
DA:12,39
DA:13,39
DA:14,39
DA:15,272
LF:15
LH:15
BRDA:1,0,0,272
BRDA:4,1,0,263
BRDA:8,2,0,39
BRF:3
BRH:3
end_of_record
TN:
SF:backend\src\models\manuscript-file.js
FN:11,validateManuscriptFile
FNF:1
FNH:1
FNDA:12,validateManuscriptFile
DA:1,273
DA:2,273
DA:3,273
DA:4,273
DA:5,273
DA:6,273
DA:7,273
DA:8,273
DA:9,273
DA:10,273
DA:11,273
DA:12,12
DA:13,12
DA:14,2
DA:15,2
DA:16,2
DA:17,12
DA:18,2
DA:19,2
DA:20,12
DA:21,1
DA:22,1
DA:23,10
DA:24,12
LF:24
LH:24
BRDA:1,0,0,273
BRDA:11,1,0,12
BRDA:13,2,0,11
BRDA:13,3,0,2
BRDA:17,4,0,10
BRDA:17,5,0,2
BRDA:20,6,0,10
BRDA:20,7,0,0
BRDA:20,8,0,1
BRDA:23,9,0,10
BRF:10
BRH:9
end_of_record
TN:
SF:backend\src\models\manuscript-view-resource.js
FN:1,asViewOnlyManuscript
FNF:1
FNH:1
FNDA:4,asViewOnlyManuscript
DA:1,273
DA:2,4
DA:3,3
DA:4,3
DA:5,3
DA:6,3
DA:7,3
DA:8,4
LF:8
LH:8
BRDA:1,0,0,273
BRDA:1,1,0,4
BRDA:2,2,0,3
BRDA:2,3,0,1
BRF:4
BRH:4
end_of_record
TN:
SF:backend\src\models\paper-assignment-attempt.js
FN:4,PaperAssignmentAttemptRepository
FN:8,add
FNF:2
FNH:2
FNDA:263,PaperAssignmentAttemptRepository
FNDA:42,add
DA:1,272
DA:2,272
DA:3,272
DA:4,272
DA:5,263
DA:6,263
DA:7,272
DA:8,272
DA:9,42
DA:10,42
DA:11,42
DA:12,42
DA:13,42
DA:14,42
DA:15,42
DA:16,42
DA:17,272
LF:17
LH:17
BRDA:1,0,0,272
BRDA:4,1,0,263
BRDA:8,2,0,42
BRF:3
BRH:3
end_of_record
TN:
SF:backend\src\models\paper-decision-eligibility.js
FN:1,evaluateDecisionEligibility
FNF:1
FNH:1
FNDA:14,evaluateDecisionEligibility
DA:1,272
DA:2,14
DA:3,14
DA:4,14
DA:5,14
DA:6,3
DA:7,3
DA:8,14
DA:9,1
DA:10,1
DA:11,9
DA:12,14
LF:12
LH:12
BRDA:1,0,0,272
BRDA:1,1,0,14
BRDA:2,2,0,0
BRDA:3,3,0,0
BRDA:4,4,0,13
BRDA:4,5,0,1
BRDA:5,6,0,11
BRDA:5,7,0,12
BRDA:5,8,0,3
BRDA:8,9,0,10
BRDA:8,10,0,8
BRDA:8,11,0,11
BRDA:8,12,0,1
BRDA:11,13,0,9
BRF:14
BRH:12
end_of_record
TN:
SF:backend\src\models\paper-decision-repository.js
FN:2,PaperDecisionViewRepository
FN:6,getPaperForAuthor
FN:13,getDecisionForPaper
FNF:3
FNH:3
FNDA:528,PaperDecisionViewRepository
FNDA:63,getPaperForAuthor
FNDA:61,getDecisionForPaper
DA:1,272
DA:2,272
DA:3,528
DA:4,528
DA:5,272
DA:6,272
DA:7,63
DA:8,63
DA:9,63
DA:10,63
DA:11,63
DA:12,272
DA:13,272
DA:14,61
DA:15,61
DA:16,272
LF:16
LH:16
BRDA:1,0,0,272
BRDA:2,1,0,528
BRDA:6,2,0,63
BRDA:8,3,0,62
BRDA:8,4,0,0
BRDA:10,5,0,61
BRDA:10,6,0,1
BRDA:13,7,0,61
BRF:8
BRH:7
end_of_record
TN:
SF:backend\src\models\paper-metadata.js
FN:1,normalizePhone
FN:13,normalizeMetadata
FN:25,validateMetadata
FNF:3
FNH:3
FNDA:17,normalizePhone
FNDA:18,normalizeMetadata
FNDA:17,validateMetadata
DA:1,17
DA:2,17
DA:3,15
DA:4,1
DA:5,1
DA:6,12
DA:7,17
DA:8,1
DA:9,1
DA:10,11
DA:11,17
DA:12,274
DA:13,274
DA:14,18
DA:15,18
DA:16,18
DA:17,18
DA:18,18
DA:19,18
DA:20,18
DA:21,18
DA:22,18
DA:23,18
DA:24,274
DA:25,274
DA:26,17
DA:27,17
DA:28,17
DA:29,17
DA:30,1
DA:31,16
DA:32,2
DA:33,2
DA:34,17
DA:35,17
DA:36,3
DA:37,3
DA:38,17
DA:39,2
DA:40,2
DA:41,17
DA:42,17
DA:43,17
DA:44,2
DA:45,2
DA:46,17
DA:47,17
DA:48,17
DA:49,17
DA:50,17
DA:51,17
LF:51
LH:51
BRDA:1,0,0,274
BRDA:1,1,0,17
BRDA:2,2,0,4
BRDA:3,3,0,15
BRDA:3,4,0,13
BRDA:3,5,0,1
BRDA:6,6,0,12
BRDA:7,7,0,11
BRDA:7,8,0,11
BRDA:7,9,0,1
BRDA:13,10,0,18
BRDA:15,11,0,1
BRDA:16,12,0,1
BRDA:17,13,0,1
BRDA:18,14,0,4
BRDA:19,15,0,1
BRDA:20,16,0,1
BRDA:21,17,0,1
BRDA:25,18,0,17
BRDA:27,19,0,3
BRDA:28,20,0,2
BRDA:29,21,0,16
BRDA:29,22,0,1
BRDA:31,23,0,2
BRDA:34,24,0,3
BRDA:35,25,0,14
BRDA:35,26,0,3
BRDA:38,27,0,2
BRDA:42,28,0,4
BRDA:43,29,0,13
BRDA:43,30,0,2
BRDA:49,31,0,15
BRDA:49,32,0,2
BRF:33
BRH:33
end_of_record
TN:
SF:backend\src\models\paper-referee-assignment.js
FN:2,PaperRefereeAssignmentRepository
FN:8,seedPaper
FN:12,seedReferee
FN:16,getPaper
FN:20,getReferee
FN:24,getAssignment
FN:28,applyAssignment
FN:58,restoreAssignment
FNF:8
FNH:8
FNDA:263,PaperRefereeAssignmentRepository
FNDA:36,seedPaper
FNDA:46,seedReferee
FNDA:76,getPaper
FNDA:84,getReferee
FNDA:41,getAssignment
FNDA:33,applyAssignment
FNDA:3,restoreAssignment
DA:1,272
DA:2,272
DA:3,263
DA:4,263
DA:5,263
DA:6,263
DA:7,272
DA:8,272
DA:9,36
DA:10,36
DA:11,272
DA:12,272
DA:13,46
DA:14,46
DA:15,272
DA:16,272
DA:17,76
DA:18,76
DA:19,272
DA:20,272
DA:21,84
DA:22,84
DA:23,272
DA:24,272
DA:25,41
DA:26,41
DA:27,272
DA:28,272
DA:29,33
DA:30,33
DA:31,33
DA:32,33
DA:33,0
DA:34,0
DA:35,0
DA:36,0
DA:37,0
DA:38,33
DA:39,38
DA:40,38
DA:41,38
DA:42,38
DA:43,38
DA:44,33
DA:45,33
DA:46,33
DA:47,33
DA:48,33
DA:49,33
DA:50,33
DA:51,33
DA:52,33
DA:53,33
DA:54,33
DA:55,33
DA:56,33
DA:57,272
DA:58,272
DA:59,3
DA:60,3
DA:61,5
DA:62,5
DA:63,5
DA:64,5
DA:65,5
DA:66,3
DA:67,0
DA:68,0
DA:69,0
DA:70,0
DA:71,0
DA:72,3
DA:73,3
DA:74,3
DA:75,3
DA:76,3
DA:77,3
DA:78,3
DA:79,3
DA:80,3
DA:81,3
DA:82,3
DA:83,272
LF:83
LH:73
BRDA:1,0,0,272
BRDA:2,1,0,263
BRDA:8,2,0,36
BRDA:12,3,0,46
BRDA:16,4,0,76
BRDA:17,5,0,0
BRDA:20,6,0,84
BRDA:21,7,0,0
BRDA:24,8,0,41
BRDA:25,9,0,33
BRDA:28,10,0,33
BRDA:30,11,0,0
BRDA:32,12,0,0
BRDA:38,13,0,38
BRDA:58,14,0,3
BRDA:60,15,0,0
BRDA:60,16,0,5
BRDA:66,17,0,0
BRDA:66,18,0,0
BRDA:74,19,0,0
BRDA:79,20,0,0
BRDA:79,21,0,0
BRF:22
BRH:12
end_of_record
TN:
SF:backend\src\models\paper-review-access.js
FN:1,canEditorAccessPaper
FNF:1
FNH:1
FNDA:41,canEditorAccessPaper
DA:1,273
DA:2,41
DA:3,41
LF:3
LH:3
BRDA:1,0,0,273
BRDA:1,1,0,41
BRF:2
BRH:2
end_of_record
TN:
SF:backend\src\models\paper-status-snapshot.js
FN:1,snapshotPaperStatus
FNF:1
FNH:1
FNDA:10,snapshotPaperStatus
DA:1,273
DA:2,10
DA:3,10
DA:4,10
DA:5,10
DA:6,10
DA:7,10
DA:8,10
LF:8
LH:8
BRDA:1,0,0,273
BRDA:1,1,0,10
BRF:2
BRH:2
end_of_record
TN:
SF:backend\src\models\paper-submission.js
FN:4,PaperSubmissionRepository
FN:8,createDraft
FN:23,finalize
FN:31,setInterrupted
FN:39,listByAuthorEmail
FN:43,getById
FN:47,attachManuscript
FNF:7
FNH:6
FNDA:263,PaperSubmissionRepository
FNDA:14,createDraft
FNDA:4,finalize
FNDA:2,setInterrupted
FNDA:4,listByAuthorEmail
FNDA:0,getById
FNDA:4,attachManuscript
DA:1,272
DA:2,272
DA:3,272
DA:4,272
DA:5,263
DA:6,263
DA:7,272
DA:8,272
DA:9,14
DA:10,14
DA:11,14
DA:12,14
DA:13,14
DA:14,14
DA:15,14
DA:16,14
DA:17,14
DA:18,14
DA:19,14
DA:20,14
DA:21,14
DA:22,272
DA:23,272
DA:24,4
DA:25,4
DA:26,4
DA:27,4
DA:28,4
DA:29,4
DA:30,272
DA:31,272
DA:32,2
DA:33,2
DA:34,1
DA:35,1
DA:36,1
DA:37,2
DA:38,272
DA:39,272
DA:40,4
DA:41,4
DA:42,272
DA:43,272
DA:44,0
DA:45,0
DA:46,272
DA:47,272
DA:48,4
DA:49,4
DA:50,4
DA:51,4
DA:52,4
DA:53,4
DA:54,4
DA:55,272
LF:55
LH:53
BRDA:1,0,0,272
BRDA:4,1,0,263
BRDA:8,2,0,14
BRDA:23,3,0,4
BRDA:25,4,0,0
BRDA:31,5,0,2
BRDA:33,6,0,1
BRDA:39,7,0,4
BRDA:40,8,0,1
BRDA:47,9,0,4
BRDA:49,10,0,0
BRF:11
BRH:9
end_of_record
TN:
SF:backend\src\models\password_history_repository.js
FN:4,PasswordHistoryRepository
FN:8,getRecentHashes
FN:13,pushHash
FNF:3
FNH:3
FNDA:263,PasswordHistoryRepository
FNDA:12,getRecentHashes
FNDA:16,pushHash
DA:1,272
DA:2,272
DA:3,272
DA:4,272
DA:5,263
DA:6,263
DA:7,272
DA:8,272
DA:9,12
DA:10,12
DA:11,12
DA:12,272
DA:13,272
DA:14,16
DA:15,16
DA:16,16
DA:17,16
DA:18,16
DA:19,16
DA:20,272
LF:20
LH:20
BRDA:1,0,0,272
BRDA:4,1,0,263
BRDA:8,2,0,12
BRDA:10,3,0,11
BRDA:13,4,0,16
BRDA:15,5,0,9
BRF:6
BRH:6
end_of_record
TN:
SF:backend\src\models\payment-confirmation-state.js
FN:1,isPaymentConfirmedAndRecorded
FNF:1
FNH:1
FNDA:34,isPaymentConfirmedAndRecorded
DA:1,272
DA:2,34
DA:3,34
LF:3
LH:3
BRDA:1,0,0,272
BRDA:1,1,0,34
BRDA:2,2,0,33
BRF:3
BRH:3
end_of_record
TN:
SF:backend\src\models\payment-record.js
FN:3,asPaymentRecord
FNF:1
FNH:1
FNDA:25,asPaymentRecord
DA:1,273
DA:2,273
DA:3,273
DA:4,25
DA:5,25
DA:6,25
DA:7,25
DA:8,25
DA:9,25
DA:10,25
DA:11,25
DA:12,25
DA:13,25
LF:13
LH:13
BRDA:1,0,0,273
BRDA:3,1,0,25
BRDA:10,2,0,1
BRF:3
BRH:3
end_of_record
TN:
SF:backend\src\models\payment-workflow-store.js
FN:7,PaymentWorkflowStore
FN:15,seedRegistration
FN:28,getRegistration
FN:32,updateRegistration
FN:39,createAttempt
FN:45,getAttempt
FN:49,updateAttempt
FN:56,createPaymentRecord
FN:68,createReconciliationItem
FN:74,failNextPersist
FNF:10
FNH:10
FNDA:263,PaymentWorkflowStore
FNDA:69,seedRegistration
FNDA:241,getRegistration
FNDA:67,updateRegistration
FNDA:35,createAttempt
FNDA:66,getAttempt
FNDA:32,updateAttempt
FNDA:26,createPaymentRecord
FNDA:4,createReconciliationItem
FNDA:2,failNextPersist
DA:1,272
DA:2,272
DA:3,272
DA:4,272
DA:5,272
DA:6,272
DA:7,272
DA:8,263
DA:9,263
DA:10,263
DA:11,263
DA:12,263
DA:13,263
DA:14,272
DA:15,272
DA:16,69
DA:17,69
DA:18,69
DA:19,69
DA:20,69
DA:21,69
DA:22,69
DA:23,69
DA:24,69
DA:25,69
DA:26,69
DA:27,272
DA:28,272
DA:29,241
DA:30,241
DA:31,272
DA:32,272
DA:33,67
DA:34,67
DA:35,67
DA:36,67
DA:37,67
DA:38,272
DA:39,272
DA:40,35
DA:41,35
DA:42,35
DA:43,35
DA:44,272
DA:45,272
DA:46,66
DA:47,66
DA:48,272
DA:49,272
DA:50,32
DA:51,32
DA:52,32
DA:53,32
DA:54,32
DA:55,272
DA:56,272
DA:57,26
DA:58,2
DA:59,2
DA:60,2
DA:61,2
DA:62,2
DA:63,24
DA:64,24
DA:65,24
DA:66,26
DA:67,272
DA:68,272
DA:69,4
DA:70,4
DA:71,4
DA:72,4
DA:73,272
DA:74,272
DA:75,2
DA:76,2
DA:77,272
LF:77
LH:77
BRDA:1,0,0,272
BRDA:7,1,0,263
BRDA:15,2,0,69
BRDA:18,3,0,0
BRDA:21,4,0,0
BRDA:22,5,0,0
BRDA:23,6,0,0
BRDA:28,7,0,241
BRDA:29,8,0,0
BRDA:32,9,0,67
BRDA:34,10,0,0
BRDA:39,11,0,35
BRDA:45,12,0,66
BRDA:46,13,0,0
BRDA:49,14,0,32
BRDA:51,15,0,0
BRDA:56,16,0,26
BRDA:57,17,0,2
BRDA:63,18,0,24
BRDA:68,19,0,4
BRDA:74,20,0,2
BRF:21
BRH:13
end_of_record
TN:
SF:backend\src\models\pricing-availability-state.js
FN:1,(empty-report)
FNF:1
FNH:0
FNDA:0,(empty-report)
DA:1,0
DA:2,0
DA:3,0
LF:3
LH:0
BRDA:1,0,0,0
BRF:1
BRH:0
end_of_record
TN:
SF:backend\src\models\public-announcement.js
FN:1,asPublicAnnouncement
FNF:1
FNH:1
FNDA:15,asPublicAnnouncement
DA:1,273
DA:2,15
DA:3,15
DA:4,15
DA:5,15
DA:6,15
DA:7,15
DA:8,15
DA:9,15
DA:10,15
DA:11,15
LF:11
LH:11
BRDA:1,0,0,273
BRDA:1,1,0,15
BRDA:5,2,0,14
BRDA:6,3,0,0
BRDA:7,4,0,1
BRDA:8,5,0,1
BRDA:9,6,0,14
BRF:7
BRH:6
end_of_record
TN:
SF:backend\src\models\public-pdf-artifact.js
FN:1,asPublicPdfArtifact
FNF:1
FNH:1
FNDA:32,asPublicPdfArtifact
DA:1,272
DA:2,32
DA:3,32
DA:4,32
DA:5,32
DA:6,32
DA:7,32
DA:8,32
DA:9,32
LF:9
LH:9
BRDA:1,0,0,272
BRDA:1,1,0,32
BRF:2
BRH:2
end_of_record
TN:
SF:backend\src\models\public-schedule-availability.js
FN:1,(empty-report)
FNF:1
FNH:0
FNDA:0,(empty-report)
DA:1,0
DA:2,0
DA:3,0
LF:3
LH:0
BRDA:1,0,0,0
BRF:1
BRH:0
end_of_record
TN:
SF:backend\src\models\public-schedule-models.js
FN:1,asPublishedSchedule
FN:9,asScheduleEntry
FNF:2
FNH:2
FNDA:6,asPublishedSchedule
FNDA:6,asScheduleEntry
DA:1,273
DA:2,6
DA:3,6
DA:4,6
DA:5,6
DA:6,6
DA:7,6
DA:8,273
DA:9,273
DA:10,6
DA:11,6
DA:12,6
DA:13,6
DA:14,6
DA:15,6
DA:16,6
DA:17,6
DA:18,6
LF:18
LH:18
BRDA:1,0,0,273
BRDA:1,1,0,6
BRDA:5,2,0,1
BRDA:9,3,0,6
BRF:4
BRH:4
end_of_record
TN:
SF:backend\src\models\published-pricing-set.js
FN:1,(empty-report)
FNF:1
FNH:0
FNDA:0,(empty-report)
DA:1,0
DA:2,0
DA:3,0
DA:4,0
DA:5,0
DA:6,0
DA:7,0
DA:8,0
DA:9,0
DA:10,0
LF:10
LH:0
BRDA:1,0,0,0
BRF:1
BRH:0
end_of_record
TN:
SF:backend\src\models\reconciliation-item.js
FN:9,asReconciliationItem
FNF:1
FNH:1
FNDA:6,asReconciliationItem
DA:1,273
DA:2,273
DA:3,273
DA:4,273
DA:5,273
DA:6,273
DA:7,273
DA:8,273
DA:9,273
DA:10,6
DA:11,1
DA:12,1
DA:13,5
DA:14,6
DA:15,6
DA:16,6
DA:17,6
DA:18,6
DA:19,6
DA:20,6
LF:20
LH:20
BRDA:1,0,0,273
BRDA:9,1,0,6
BRDA:10,2,0,5
BRDA:10,3,0,1
BRDA:17,4,0,5
BRDA:18,5,0,5
BRF:6
BRH:6
end_of_record
TN:
SF:backend\src\models\registration-payment-attempt.js
FN:13,asRegistrationPaymentAttempt
FNF:1
FNH:1
[...]
DA:284,0
DA:285,0
DA:286,0
DA:287,0
DA:288,0
DA:289,0
DA:290,0
DA:291,0
DA:292,0
DA:293,0
DA:294,0
DA:295,0
DA:296,0
DA:297,0
DA:298,0
DA:299,0
DA:300,0
DA:301,0
DA:302,0
DA:303,0
DA:304,0
DA:305,0
DA:306,0
DA:307,0
DA:308,0
DA:309,0
DA:310,0
DA:311,0
DA:312,0
DA:313,0
DA:314,0
DA:315,0
DA:316,0
DA:317,0
DA:318,0
DA:319,0
DA:320,0
DA:321,0
DA:322,0
DA:323,0
DA:324,0
DA:325,0
DA:326,0
DA:327,0
DA:328,0
DA:329,0
DA:330,0
DA:331,0
DA:332,0
DA:333,0
DA:334,0
DA:335,0
DA:336,0
DA:337,0
DA:338,0
DA:339,0
DA:340,0
DA:341,0
DA:342,0
DA:343,0
DA:344,0
DA:345,0
DA:346,0
DA:347,0
DA:348,0
DA:349,0
DA:350,0
DA:351,0
DA:352,0
DA:353,0
DA:354,0
DA:355,0
DA:356,0
DA:357,0
DA:358,0
DA:359,0
DA:360,0
DA:361,0
DA:362,0
DA:363,0
DA:364,0
DA:365,0
DA:366,0
DA:367,0
DA:368,0
DA:369,0
DA:370,0
DA:371,0
DA:372,0
DA:373,0
DA:374,0
DA:375,0
DA:376,0
DA:377,0
DA:378,0
DA:379,0
DA:380,0
DA:381,0
DA:382,0
DA:383,0
DA:384,0
DA:385,0
DA:386,0
DA:387,0
DA:388,0
DA:389,0
DA:390,0
DA:391,0
DA:392,0
DA:393,0
DA:394,0
DA:395,0
DA:396,0
DA:397,0
DA:398,0
DA:399,0
DA:400,0
DA:401,0
DA:402,0
DA:403,0
DA:404,0
DA:405,0
DA:406,0
DA:407,0
DA:408,0
DA:409,0
DA:410,0
DA:411,0
DA:412,0
DA:413,0
DA:414,0
DA:415,0
DA:416,0
DA:417,0
DA:418,0
DA:419,0
DA:420,0
LF:420
LH:0
BRDA:1,0,0,0
BRF:1
BRH:0
end_of_record
TN:
SF:frontend\src\controllers\form_submission_success_controller.js
FN:1,(empty-report)
FNF:1
FNH:0
FNDA:0,(empty-report)
DA:1,0
DA:2,0
DA:3,0
DA:4,0
DA:5,0
LF:5
LH:0
BRDA:1,0,0,0
BRF:1
BRH:0
end_of_record
TN:
SF:frontend\src\controllers\form_validation_controller.js
FN:1,(empty-report)
FNF:1
FNH:0
FNDA:0,(empty-report)
DA:1,0
DA:2,0
DA:3,0
DA:4,0
DA:5,0
DA:6,0
DA:7,0
DA:8,0
DA:9,0
DA:10,0
DA:11,0
LF:11
LH:0
BRDA:1,0,0,0
BRF:1
BRH:0
end_of_record
TN:
SF:frontend\src\controllers\login_controller.js
FN:1,(empty-report)
FNF:1
FNH:0
FNDA:0,(empty-report)
DA:1,0
DA:2,0
DA:3,0
DA:4,0
DA:5,0
DA:6,0
DA:7,0
LF:7
LH:0
BRDA:1,0,0,0
BRF:1
BRH:0
end_of_record
TN:
SF:frontend\src\controllers\login_error_state_controller.js
FN:1,(empty-report)
FNF:1
FNH:0
FNDA:0,(empty-report)
DA:1,0
DA:2,0
DA:3,0
LF:3
LH:0
BRDA:1,0,0,0
BRF:1
BRH:0
end_of_record
TN:
SF:frontend\src\controllers\password_change_controller.js
FN:1,(empty-report)
FNF:1
FNH:0
FNDA:0,(empty-report)
DA:1,0
DA:2,0
DA:3,0
LF:3
LH:0
BRDA:1,0,0,0
BRF:1
BRH:0
end_of_record
TN:
SF:frontend\src\controllers\password_change_post_success_controller.js
FN:1,(empty-report)
FNF:1
FNH:0
FNDA:0,(empty-report)
DA:1,0
DA:2,0
DA:3,0
DA:4,0
DA:5,0
DA:6,0
LF:6
LH:0
BRDA:1,0,0,0
BRF:1
BRH:0
end_of_record
TN:
SF:frontend\src\controllers\registration_controller.js
FN:1,(empty-report)
FNF:1
FNH:0
FNDA:0,(empty-report)
DA:1,0
DA:2,0
DA:3,0
DA:4,0
DA:5,0
DA:6,0
DA:7,0
DA:8,0
DA:9,0
DA:10,0
DA:11,0
LF:11
LH:0
BRDA:1,0,0,0
BRF:1
BRH:0
end_of_record
TN:
SF:frontend\src\controllers\verification_controller.js
FN:1,(empty-report)
FNF:1
FNH:0
FNDA:0,(empty-report)
DA:1,0
DA:2,0
DA:3,0
DA:4,0
DA:5,0
DA:6,0
DA:7,0
LF:7
LH:0
BRDA:1,0,0,0
BRF:1
BRH:0
end_of_record
TN:
SF:frontend\src\controllers\assigned-access\assigned-paper-access-controller.js
FN:1,(empty-report)
FNF:1
FNH:0
FNDA:0,(empty-report)
DA:1,0
DA:2,0
DA:3,0
DA:4,0
DA:5,0
DA:6,0
DA:7,0
DA:8,0
DA:9,0
DA:10,0
DA:11,0
DA:12,0
DA:13,0
DA:14,0
DA:15,0
DA:16,0
DA:17,0
DA:18,0
DA:19,0
DA:20,0
DA:21,0
DA:22,0
DA:23,0
DA:24,0
LF:24
LH:0
BRDA:1,0,0,0
BRF:1
BRH:0
end_of_record
TN:
SF:frontend\src\controllers\assigned-access\assigned-paper-access-refresh-controller.js
FN:1,refreshAssignedAccess
FNF:1
FNH:1
FNDA:1,refreshAssignedAccess
DA:1,1
DA:2,1
DA:3,1
LF:3
LH:3
BRDA:1,0,0,1
BRDA:1,1,0,1
BRF:2
BRH:2
end_of_record
TN:
SF:frontend\src\controllers\assignment\assignment-failure-controller.js
FN:1,(empty-report)
FNF:1
FNH:0
FNDA:0,(empty-report)
DA:1,0
DA:2,0
DA:3,0
DA:4,0
DA:5,0
DA:6,0
DA:7,0
DA:8,0
DA:9,0
LF:9
LH:0
BRDA:1,0,0,0
BRF:1
BRH:0
end_of_record
TN:
SF:frontend\src\controllers\assignment\referee-assignment-controller.js
FN:1,(empty-report)
FNF:1
FNH:0
FNDA:0,(empty-report)
DA:1,0
DA:2,0
DA:3,0
DA:4,0
DA:5,0
DA:6,0
DA:7,0
DA:8,0
DA:9,0
DA:10,0
LF:10
LH:0
BRDA:1,0,0,0
BRF:1
BRH:0
end_of_record
TN:
SF:frontend\src\controllers\decision-notification\paper-decision-controller.js
FN:1,(empty-report)
FNF:1
FNH:0
FNDA:0,(empty-report)
DA:1,0
DA:2,0
DA:3,0
DA:4,0
DA:5,0
DA:6,0
DA:7,0
DA:8,0
DA:9,0
DA:10,0
DA:11,0
DA:12,0
DA:13,0
DA:14,0
DA:15,0
DA:16,0
DA:17,0
DA:18,0
DA:19,0
LF:19
LH:0
BRDA:1,0,0,0
BRF:1
BRH:0
end_of_record
TN:
SF:frontend\src\controllers\decisions\paper-decision-controller.js
FN:1,(empty-report)
FNF:1
FNH:0
FNDA:0,(empty-report)
DA:1,0
DA:2,0
DA:3,0
DA:4,0
DA:5,0
DA:6,0
DA:7,0
DA:8,0
DA:9,0
DA:10,0
DA:11,0
DA:12,0
DA:13,0
DA:14,0
LF:14
LH:0
BRDA:1,0,0,0
BRF:1
BRH:0
end_of_record
TN:
SF:frontend\src\controllers\decisions\paper-decision-failure-controller.js
FN:1,(empty-report)
FNF:1
FNH:0
FNDA:0,(empty-report)
DA:1,0
DA:2,0
DA:3,0
DA:4,0
DA:5,0
DA:6,0
DA:7,0
DA:8,0
LF:8
LH:0
BRDA:1,0,0,0
BRF:1
BRH:0
end_of_record
TN:
SF:frontend\src\controllers\decisions\paper-decision-state-feedback-controller.js
FN:1,(empty-report)
FNF:1
FNH:0
FNDA:0,(empty-report)
DA:1,0
DA:2,0
DA:3,0
DA:4,0
DA:5,0
DA:6,0
LF:6
LH:0
BRDA:1,0,0,0
BRF:1
BRH:0
end_of_record
TN:
SF:frontend\src\controllers\draft\draft-editor-controller.js
FN:1,(empty-report)
FNF:1
FNH:0
FNDA:0,(empty-report)
DA:1,0
DA:2,0
DA:3,0
DA:4,0
DA:5,0
DA:6,0
DA:7,0
DA:8,0
DA:9,0
DA:10,0
DA:11,0
DA:12,0
DA:13,0
DA:14,0
DA:15,0
LF:15
LH:0
BRDA:1,0,0,0
BRF:1
BRH:0
end_of_record
TN:
SF:frontend\src\controllers\draft\draft-submit-feedback-controller.js
FN:1,(empty-report)
FNF:1
FNH:0
FNDA:0,(empty-report)
DA:1,0
DA:2,0
DA:3,0
DA:4,0
DA:5,0
DA:6,0
DA:7,0
DA:8,0
DA:9,0
LF:9
LH:0
BRDA:1,0,0,0
BRF:1
BRH:0
end_of_record
TN:
SF:frontend\src\controllers\invitations\invitation-failure-controller.js
FN:1,(empty-report)
FNF:1
FNH:0
FNDA:0,(empty-report)
DA:1,0
DA:2,0
DA:3,0
DA:4,0
DA:5,0
DA:6,0
DA:7,0
DA:8,0
DA:9,0
LF:9
LH:0
BRDA:1,0,0,0
BRF:1
BRH:0
end_of_record
TN:
SF:frontend\src\controllers\invitations\invitation-response-controller.js
FN:1,loadPendingInvitations
FN:8,submitInvitationDecision
FN:16,cancelInvitationDecision
FNF:3
FNH:1
FNDA:0,loadPendingInvitations
FNDA:0,submitInvitationDecision
FNDA:1,cancelInvitationDecision
DA:1,1
DA:2,0
DA:3,0
DA:4,0
DA:5,0
DA:6,0
DA:7,1
DA:8,1
DA:9,0
DA:10,0
DA:11,0
DA:12,0
DA:13,0
DA:14,0
DA:15,1
DA:16,1
DA:17,1
DA:18,1
LF:18
LH:7
BRDA:1,0,0,1
BRDA:16,1,0,1
BRF:2
BRH:2
end_of_record
TN:
SF:frontend\src\controllers\payments\online-payment-controller.js
FN:1,(empty-report)
FNF:1
FNH:0
FNDA:0,(empty-report)
DA:1,0
DA:2,0
DA:3,0
DA:4,0
DA:5,0
DA:6,0
LF:6
LH:0
BRDA:1,0,0,0
BRF:1
BRH:0
end_of_record
TN:
SF:frontend\src\controllers\payments\payment-failure-controller.js
FN:1,(empty-report)
FNF:1
FNH:0
FNDA:0,(empty-report)
DA:1,0
DA:2,0
DA:3,0
DA:4,0
DA:5,0
LF:5
LH:0
BRDA:1,0,0,0
BRF:1
BRH:0
end_of_record
TN:
SF:frontend\src\controllers\payments\payment-success-controller.js
FN:1,(empty-report)
FNF:1
FNH:0
FNDA:0,(empty-report)
DA:1,0
DA:2,0
DA:3,0
LF:3
LH:0
BRDA:1,0,0,0
BRF:1
BRH:0
end_of_record
TN:
SF:frontend\src\controllers\payments\payment-unresolved-controller.js
FN:1,(empty-report)
FNF:1
FNH:0
FNDA:0,(empty-report)
DA:1,0
DA:2,0
DA:3,0
LF:3
LH:0
BRDA:1,0,0,0
BRF:1
BRH:0
end_of_record
TN:
SF:frontend\src\controllers\public-announcements\announcement-detail-controller.js
FN:1,(empty-report)
FNF:1
FNH:0
FNDA:0,(empty-report)
DA:1,0
DA:2,0
DA:3,0
DA:4,0
DA:5,0
DA:6,0
DA:7,0
LF:7
LH:0
BRDA:1,0,0,0
BRF:1
BRH:0
end_of_record
TN:
SF:frontend\src\controllers\public-announcements\announcements-error-feedback-controller.js
FN:1,(empty-report)
FNF:1
FNH:0
FNDA:0,(empty-report)
DA:1,0
DA:2,0
DA:3,0
DA:4,0
DA:5,0
DA:6,0
DA:7,0
DA:8,0
DA:9,0
LF:9
LH:0
BRDA:1,0,0,0
BRF:1
BRH:0
end_of_record
TN:
SF:frontend\src\controllers\public-announcements\announcements-list-controller.js
FN:1,(empty-report)
FNF:1
FNH:0
FNDA:0,(empty-report)
DA:1,0
DA:2,0
DA:3,0
DA:4,0
DA:5,0
DA:6,0
DA:7,0
DA:8,0
LF:8
LH:0
BRDA:1,0,0,0
BRF:1
BRH:0
end_of_record
TN:
SF:frontend\src\controllers\public-pricing\registration-prices-consistency-controller.js
FN:1,(empty-report)
FNF:1
FNH:0
FNDA:0,(empty-report)
DA:1,0
DA:2,0
DA:3,0
LF:3
LH:0
BRDA:1,0,0,0
BRF:1
BRH:0
end_of_record
TN:
SF:frontend\src\controllers\public-pricing\registration-prices-controller.js
FN:1,(empty-report)
FNF:1
FNH:0
FNDA:0,(empty-report)
DA:1,0
DA:2,0
DA:3,0
LF:3
LH:0
BRDA:1,0,0,0
BRF:1
BRH:0
end_of_record
TN:
SF:frontend\src\controllers\public-pricing\registration-prices-error-controller.js
FN:1,(empty-report)
FNF:1
FNH:0
FNDA:0,(empty-report)
DA:1,0
DA:2,0
DA:3,0
DA:4,0
DA:5,0
LF:5
LH:0
BRDA:1,0,0,0
BRF:1
BRH:0
end_of_record
TN:
SF:frontend\src\controllers\public-schedule\public-schedule-controller.js
FN:1,(empty-report)
FNF:1
FNH:0
FNDA:0,(empty-report)
DA:1,0
DA:2,0
DA:3,0
LF:3
LH:0
BRDA:1,0,0,0
BRF:1
BRH:0
end_of_record
TN:
SF:frontend\src\controllers\public-schedule\public-schedule-detail-controller.js
FN:1,(empty-report)
FNF:1
FNH:0
FNDA:0,(empty-report)
DA:1,0
DA:2,0
DA:3,0
LF:3
LH:0
BRDA:1,0,0,0
BRF:1
BRH:0
end_of_record
TN:
SF:frontend\src\controllers\public-schedule\public-schedule-error-feedback-controller.js
FN:1,(empty-report)
FNF:1
FNH:0
FNDA:0,(empty-report)
DA:1,0
DA:2,0
DA:3,0
DA:4,0
DA:5,0
LF:5
LH:0
BRDA:1,0,0,0
BRF:1
BRH:0
end_of_record
TN:
SF:frontend\src\controllers\public-schedule\public-schedule-pdf-controller.js
FN:1,(empty-report)
FNF:1
FNH:0
FNDA:0,(empty-report)
DA:1,0
DA:2,0
DA:3,0
LF:3
LH:0
BRDA:1,0,0,0
BRF:1
BRH:0
end_of_record
TN:
SF:frontend\src\controllers\review-view\anonymized-review-detail-controller.js
FN:1,(empty-report)
FNF:1
FNH:0
FNDA:0,(empty-report)
DA:1,0
DA:2,0
DA:3,0
DA:4,0
DA:5,0
DA:6,0
DA:7,0
DA:8,0
DA:9,0
DA:10,0
LF:10
LH:0
BRDA:1,0,0,0
BRF:1
BRH:0
end_of_record
TN:
SF:frontend\src\controllers\review-view\anonymized-review-view-controller.js
FN:1,(empty-report)
FNF:1
FNH:0
FNDA:0,(empty-report)
DA:1,0
DA:2,0
DA:3,0
DA:4,0
DA:5,0
DA:6,0
DA:7,0
DA:8,0
DA:9,0
DA:10,0
DA:11,0
DA:12,0
DA:13,0
LF:13
LH:0
BRDA:1,0,0,0
BRF:1
BRH:0
end_of_record
TN:
SF:frontend\src\controllers\review-view\review-open-failure-controller.js
FN:1,(empty-report)
FNF:1
FNH:0
FNDA:0,(empty-report)
DA:1,0
DA:2,0
DA:3,0
DA:4,0
DA:5,0
LF:5
LH:0
BRDA:1,0,0,0
BRF:1
BRH:0
end_of_record
TN:
SF:frontend\src\controllers\reviews\review-submit-controller.js
FN:1,(empty-report)
FNF:1
FNH:0
FNDA:0,(empty-report)
DA:1,0
DA:2,0
DA:3,0
DA:4,0
DA:5,0
DA:6,0
DA:7,0
DA:8,0
DA:9,0
DA:10,0
DA:11,0
DA:12,0
DA:13,0
DA:14,0
DA:15,0
DA:16,0
DA:17,0
DA:18,0
LF:18
LH:0
BRDA:1,0,0,0
BRF:1
BRH:0
end_of_record
TN:
SF:frontend\src\controllers\reviews\review-submit-failure-controller.js
FN:1,reviewSubmitFailureMessage
FN:11,cancelBeforeSubmit
FNF:2
FNH:1
FNDA:0,reviewSubmitFailureMessage
FNDA:1,cancelBeforeSubmit
DA:1,1
DA:2,0
DA:3,0
DA:4,0
DA:5,0
DA:6,0
DA:7,0
DA:8,0
DA:9,0
DA:10,1
DA:11,1
DA:12,1
DA:13,1
LF:13
LH:5
BRDA:1,0,0,1
BRDA:11,1,0,1
BRF:2
BRH:2
end_of_record
TN:
SF:frontend\src\controllers\schedule\schedule-draft-controller.js
FN:1,(empty-report)
FNF:1
FNH:0
FNDA:0,(empty-report)
DA:1,0
DA:2,0
DA:3,0
DA:4,0
DA:5,0
DA:6,0
DA:7,0
LF:7
LH:0
BRDA:1,0,0,0
BRF:1
BRH:0
end_of_record
TN:
SF:frontend\src\controllers\schedule\schedule-error-feedback-controller.js
FN:1,(empty-report)
FNF:1
FNH:0
FNDA:0,(empty-report)
DA:1,0
DA:2,0
DA:3,0
DA:4,0
DA:5,0
LF:5
LH:0
BRDA:1,0,0,0
BRF:1
BRH:0
end_of_record
TN:
SF:frontend\src\controllers\schedule\schedule-publish-controller.js
FN:1,(empty-report)
FNF:1
FNH:0
FNDA:0,(empty-report)
DA:1,0
DA:2,0
DA:3,0
DA:4,0
DA:5,0
DA:6,0
DA:7,0
LF:7
LH:0
BRDA:1,0,0,0
BRF:1
BRH:0
end_of_record
TN:
SF:frontend\src\controllers\schedule-edit\schedule-edit-controller.js
FN:1,(empty-report)
FNF:1
FNH:0
FNDA:0,(empty-report)
DA:1,0
DA:2,0
DA:3,0
DA:4,0
DA:5,0
DA:6,0
DA:7,0
DA:8,0
DA:9,0
DA:10,0
DA:11,0
LF:11
LH:0
BRDA:1,0,0,0
BRF:1
BRH:0
end_of_record
TN:
SF:frontend\src\controllers\schedule-edit\schedule-edit-error-feedback-controller.js
FN:1,(empty-report)
FNF:1
FNH:0
FNDA:0,(empty-report)
DA:1,0
DA:2,0
DA:3,0
DA:4,0
DA:5,0
DA:6,0
DA:7,0
LF:7
LH:0
BRDA:1,0,0,0
BRF:1
BRH:0
end_of_record
TN:
SF:frontend\src\controllers\schedule-edit\schedule-edit-save-feedback-controller.js
FN:1,(empty-report)
FNF:1
FNH:0
FNDA:0,(empty-report)
DA:1,0
DA:2,0
DA:3,0
LF:3
LH:0
BRDA:1,0,0,0
BRF:1
BRH:0
end_of_record
TN:
SF:frontend\src\controllers\submission\submission-error-controller.js
FN:1,(empty-report)
FNF:1
FNH:0
FNDA:0,(empty-report)
DA:1,0
DA:2,0
DA:3,0
DA:4,0
DA:5,0
LF:5
LH:0
BRDA:1,0,0,0
BRF:1
BRH:0
end_of_record
TN:
SF:frontend\src\controllers\submission\submission-form-controller.js
FN:1,(empty-report)
FNF:1
FNH:0
FNDA:0,(empty-report)
DA:1,0
DA:2,0
DA:3,0
DA:4,0
DA:5,0
DA:6,0
DA:7,0
LF:7
LH:0
BRDA:1,0,0,0
BRF:1
BRH:0
end_of_record
TN:
SF:frontend\src\controllers\tickets\account-ticket-controller.js
FN:1,(empty-report)
FNF:1
FNH:0
FNDA:0,(empty-report)
DA:1,0
DA:2,0
DA:3,0
LF:3
LH:0
BRDA:1,0,0,0
BRF:1
BRH:0
end_of_record
TN:
SF:frontend\src\controllers\tickets\registration-ticket-controller.js
FN:1,(empty-report)
FNF:1
FNH:0
FNDA:0,(empty-report)
DA:1,0
DA:2,0
DA:3,0
DA:4,0
DA:5,0
DA:6,0
DA:7,0
LF:7
LH:0
BRDA:1,0,0,0
BRF:1
BRH:0
end_of_record
TN:
SF:frontend\src\controllers\tickets\ticket-confirmation-controller.js
FN:1,(empty-report)
FNF:1
FNH:0
FNDA:0,(empty-report)
DA:1,0
DA:2,0
DA:3,0
LF:3
LH:0
BRDA:1,0,0,0
BRF:1
BRH:0
end_of_record
TN:
SF:frontend\src\controllers\tickets\ticket-outcome-feedback-controller.js
FN:1,(empty-report)
FNF:1
FNH:0
FNDA:0,(empty-report)
DA:1,0
DA:2,0
DA:3,0
DA:4,0
DA:5,0
DA:6,0
DA:7,0
DA:8,0
DA:9,0
LF:9
LH:0
BRDA:1,0,0,0
BRF:1
BRH:0
end_of_record
TN:
SF:frontend\src\controllers\upload\manuscript-upload-controller.js
FN:1,submitManuscriptUpload
FNF:1
FNH:1
FNDA:4,submitManuscriptUpload
DA:1,2
DA:2,4
DA:3,2
DA:4,2
DA:5,2
DA:6,2
DA:7,2
DA:8,2
DA:9,2
DA:10,4
DA:11,4
DA:12,4
DA:13,4
DA:14,4
DA:15,4
LF:15
LH:15
BRDA:1,0,0,2
BRDA:1,1,0,4
BRDA:2,2,0,2
BRDA:5,3,0,3
BRDA:5,4,0,2
BRDA:10,5,0,1
BRDA:11,6,0,1
BRDA:12,7,0,1
BRF:8
BRH:8
end_of_record
TN:
SF:frontend\src\controllers\upload\upload-error-controller.js
FN:1,(empty-report)
FNF:1
FNH:0
FNDA:0,(empty-report)
DA:1,0
DA:2,0
DA:3,0
DA:4,0
DA:5,0
DA:6,0
DA:7,0
DA:8,0
DA:9,0
LF:9
LH:0
BRDA:1,0,0,0
BRF:1
BRH:0
end_of_record
TN:
SF:frontend\src\controllers\workload\workload-assignment-controller.js
FN:1,(empty-report)
FNF:1
FNH:0
FNDA:0,(empty-report)
DA:1,0
DA:2,0
DA:3,0
DA:4,0
DA:5,0
DA:6,0
DA:7,0
DA:8,0
DA:9,0
DA:10,0
DA:11,0
DA:12,0
LF:12
LH:0
BRDA:1,0,0,0
BRF:1
BRH:0
end_of_record
TN:
SF:frontend\src\controllers\workload\workload-failure-controller.js
FN:1,(empty-report)
FNF:1
FNH:0
FNDA:0,(empty-report)
DA:1,0
DA:2,0
DA:3,0
DA:4,0
DA:5,0
DA:6,0
LF:6
LH:0
BRDA:1,0,0,0
BRF:1
BRH:0
end_of_record
TN:
SF:frontend\src\models\draft-editor-state.js
FN:1,(empty-report)
FNF:1
FNH:0
FNDA:0,(empty-report)
DA:1,0
DA:2,0
DA:3,0
LF:3
LH:0
BRDA:1,0,0,0
BRF:1
BRH:0
end_of_record
TN:
SF:frontend\src\models\referee-workload-view-model.js
FN:1,(empty-report)
FNF:1
FNH:0
FNDA:0,(empty-report)
DA:1,0
DA:2,0
DA:3,0
DA:4,0
DA:5,0
DA:6,0
DA:7,0
DA:8,0
DA:9,0
DA:10,0
LF:10
LH:0
BRDA:1,0,0,0
BRF:1
BRH:0
end_of_record
TN:
SF:frontend\src\models\validation_result_model.js
FN:1,(empty-report)
FNF:1
FNH:0
FNDA:0,(empty-report)
DA:1,0
DA:2,0
DA:3,0
DA:4,0
DA:5,0
DA:6,0
DA:7,0
LF:7
LH:0
BRDA:1,0,0,0
BRF:1
BRH:0
end_of_record
TN:
SF:frontend\src\models\decision-notification\decision-view-model.js
FN:1,(empty-report)
FNF:1
FNH:0
FNDA:0,(empty-report)
DA:1,0
DA:2,0
DA:3,0
DA:4,0
DA:5,0
DA:6,0
DA:7,0
DA:8,0
DA:9,0
LF:9
LH:0
BRDA:1,0,0,0
BRF:1
BRH:0
end_of_record
TN:
SF:frontend\src\views\assigned-access-errors.js
FN:1,(empty-report)
FNF:1
FNH:0
FNDA:0,(empty-report)
DA:1,0
DA:2,0
DA:3,0
DA:4,0
DA:5,0
DA:6,0
DA:7,0
DA:8,0
DA:9,0
LF:9
LH:0
BRDA:1,0,0,0
BRF:1
BRH:0
end_of_record
TN:
SF:frontend\src\views\assigned-access-state-feedback.js
FN:1,(empty-report)
FNF:1
FNH:0
FNDA:0,(empty-report)
DA:1,0
DA:2,0
DA:3,0
DA:4,0
DA:5,0
DA:6,0
DA:7,0
DA:8,0
DA:9,0
LF:9
LH:0
BRDA:1,0,0,0
BRF:1
BRH:0
end_of_record
TN:
SF:frontend\src\views\draft-save-feedback.js
FN:1,(empty-report)
FNF:1
FNH:0
FNDA:0,(empty-report)
DA:1,0
DA:2,0
DA:3,0
DA:4,0
DA:5,0
DA:6,0
DA:7,0
LF:7
LH:0
BRDA:1,0,0,0
BRF:1
BRH:0
end_of_record
TN:
SF:frontend\src\views\form_validation_errors_view.js
FN:1,(empty-report)
FNF:1
FNH:0
FNDA:0,(empty-report)
DA:1,0
DA:2,0
DA:3,0
LF:3
LH:0
BRDA:1,0,0,0
BRF:1
BRH:0
end_of_record
TN:
SF:frontend\src\views\form_validation_view.js
FN:1,renderValidationResult
FNF:1
FNH:1
FNDA:4,renderValidationResult
DA:1,2
DA:2,4
DA:3,4
DA:4,1
DA:5,4
LF:5
LH:5
BRDA:1,0,0,2
BRDA:1,1,0,4
BRDA:2,2,0,1
BRDA:3,3,0,3
BRDA:3,4,0,2
BRDA:4,5,0,1
BRF:6
BRH:6
end_of_record
TN:
SF:frontend\src\views\invitation-state-feedback.js
FN:1,(empty-report)
FNF:1
FNH:0
FNDA:0,(empty-report)
DA:1,0
DA:2,0
DA:3,0
DA:4,0
DA:5,0
DA:6,0
DA:7,0
DA:8,0
DA:9,0
DA:10,0
DA:11,0
DA:12,0
LF:12
LH:0
BRDA:1,0,0,0
BRF:1
BRH:0
end_of_record
TN:
SF:frontend\src\views\login_error_state_view.js
FN:1,(empty-report)
FNF:1
FNH:0
FNDA:0,(empty-report)
DA:1,0
DA:2,0
DA:3,0
DA:4,0
DA:5,0
DA:6,0
DA:7,0
DA:8,0
DA:9,0
DA:10,0
DA:11,0
DA:12,0
LF:12
LH:0
BRDA:1,0,0,0
BRF:1
BRH:0
end_of_record
TN:
SF:frontend\src\views\login_validation_view.js
FN:1,(empty-report)
FNF:1
FNH:0
FNDA:0,(empty-report)
DA:1,0
DA:2,0
DA:3,0
DA:4,0
LF:4
LH:0
BRDA:1,0,0,0
BRF:1
BRH:0
end_of_record
TN:
SF:frontend\src\views\login_view.js
FN:1,renderLoginState
FNF:1
FNH:1
FNDA:8,renderLoginState
DA:1,2
DA:2,8
DA:3,8
DA:4,1
DA:5,1
DA:6,8
DA:7,7
DA:8,7
DA:9,7
DA:10,1
DA:11,8
LF:11
LH:11
BRDA:1,0,0,2
BRDA:1,1,0,8
BRDA:2,2,0,1
BRDA:3,3,0,7
BRDA:3,4,0,1
BRDA:3,5,0,1
BRDA:6,6,0,6
BRDA:6,7,0,2
BRDA:7,8,0,7
BRDA:7,9,0,4
BRDA:7,10,0,1
BRDA:8,11,0,3
BRDA:8,12,0,1
BRDA:9,13,0,2
BRDA:9,14,0,1
BRF:15
BRH:15
end_of_record
TN:
SF:frontend\src\views\manuscript-upload-errors.js
FN:1,(empty-report)
FNF:1
FNH:0
FNDA:0,(empty-report)
DA:1,0
DA:2,0
DA:3,0
LF:3
LH:0
BRDA:1,0,0,0
BRF:1
BRH:0
end_of_record
TN:
SF:frontend\src\views\password_change_post_success_view.js
FN:1,(empty-report)
FNF:1
FNH:0
FNDA:0,(empty-report)
DA:1,0
DA:2,0
DA:3,0
DA:4,0
DA:5,0
DA:6,0
LF:6
LH:0
BRDA:1,0,0,0
BRF:1
BRH:0
end_of_record
TN:
SF:frontend\src\views\password_change_validation_view.js
FN:1,(empty-report)
FNF:1
FNH:0
FNDA:0,(empty-report)
DA:1,0
DA:2,0
DA:3,0
DA:4,0
LF:4
LH:0
BRDA:1,0,0,0
BRF:1
BRH:0
end_of_record
TN:
SF:frontend\src\views\password_change_view.js
FN:1,(empty-report)
FNF:1
FNH:0
FNDA:0,(empty-report)
DA:1,0
DA:2,0
DA:3,0
DA:4,0
DA:5,0
DA:6,0
LF:6
LH:0
BRDA:1,0,0,0
BRF:1
BRH:0
end_of_record
TN:
SF:frontend\src\views\referee-assignment-errors.js
FN:1,(empty-report)
FNF:1
FNH:0
FNDA:0,(empty-report)
DA:1,0
DA:2,0
DA:3,0
DA:4,0
DA:5,0
DA:6,0
LF:6
LH:0
BRDA:1,0,0,0
BRF:1
BRH:0
end_of_record
TN:
SF:frontend\src\views\registration_view.js
FN:1,renderRegistrationState
FNF:1
FNH:1
FNDA:4,renderRegistrationState
DA:1,2
DA:2,4
DA:3,1
DA:4,1
DA:5,4
DA:6,2
DA:7,2
DA:8,1
DA:9,4
LF:9
LH:9
BRDA:1,0,0,2
BRDA:1,1,0,4
BRDA:2,2,0,1
BRDA:5,3,0,3
BRDA:5,4,0,2
BRDA:8,5,0,1
BRF:6
BRH:6
end_of_record
TN:
SF:frontend\src\views\review-submit-errors.js
FN:1,(empty-report)
FNF:1
FNH:0
FNDA:0,(empty-report)
DA:1,0
DA:2,0
DA:3,0
DA:4,0
DA:5,0
DA:6,0
LF:6
LH:0
BRDA:1,0,0,0
BRF:1
BRH:0
end_of_record
TN:
SF:frontend\src\views\review-view-state-feedback.js
FN:1,(empty-report)
FNF:1
FNH:0
FNDA:0,(empty-report)
DA:1,0
DA:2,0
DA:3,0
DA:4,0
DA:5,0
DA:6,0
DA:7,0
DA:8,0
LF:8
LH:0
BRDA:1,0,0,0
BRF:1
BRH:0
end_of_record
TN:
SF:frontend\src\views\submission-form-errors.js
FN:1,(empty-report)
FNF:1
FNH:0
FNDA:0,(empty-report)
DA:1,0
DA:2,0
DA:3,0
LF:3
LH:0
BRDA:1,0,0,0
BRF:1
BRH:0
end_of_record
TN:
SF:frontend\src\views\verification_view.js
FN:1,(empty-report)
FNF:1
FNH:0
FNDA:0,(empty-report)
DA:1,0
DA:2,0
DA:3,0
DA:4,0
DA:5,0
DA:6,0
DA:7,0
DA:8,0
DA:9,0
LF:9
LH:0
BRDA:1,0,0,0
BRF:1
BRH:0
end_of_record
TN:
SF:frontend\src\views\workload-limit-errors.js
FN:1,(empty-report)
FNF:1
FNH:0
FNDA:0,(empty-report)
DA:1,0
DA:2,0
DA:3,0
DA:4,0
DA:5,0
DA:6,0
DA:7,0
DA:8,0
DA:9,0
LF:9
LH:0
BRDA:1,0,0,0
BRF:1
BRH:0
end_of_record
