TN:
SF:backend\src\server.js
FN:13,parseRouteKey
FN:24,compilePath
FN:30,match
FN:52,compileRoutes
FN:69,parseUser
FN:92,readBody
FN:117,sendResult
FN:148,contentTypeFor
FN:160,tryServeFrontend
FN:277,createDefaultDeps
FN:283,nowProvider
FN:287,seedDemoData
FN:543,createServerApp
FN:550,deps.nowProvider
FN:709,resolveStartPort
FN:713,startServer
FN:726,resolveListeningPort
FNF:17
FNH:17
FNDA:463,parseRouteKey
FNDA:462,compilePath
FNDA:100,match
FNDA:10,compileRoutes
FNDA:12,parseUser
FNDA:13,readBody
FNDA:46,sendResult
FNDA:19,contentTypeFor
FNDA:44,tryServeFrontend
FNDA:10,createDefaultDeps
FNDA:1,nowProvider
FNDA:1,seedDemoData
FNDA:9,createServerApp
FNDA:8,deps.nowProvider
FNDA:4,resolveStartPort
FNDA:4,startServer
FNDA:6,resolveListeningPort
DA:1,3
DA:2,3
DA:3,3
DA:4,3
DA:5,3
DA:6,3
DA:7,3
DA:8,3
DA:9,3
DA:10,3
DA:11,3
DA:12,3
DA:13,463
DA:14,463
DA:15,463
DA:16,1
DA:17,1
DA:18,462
DA:19,462
DA:20,462
DA:21,462
DA:22,463
DA:23,3
DA:24,462
DA:25,462
DA:26,462
DA:27,462
DA:28,462
DA:29,462
DA:30,462
DA:31,100
DA:32,100
DA:33,83
DA:34,83
DA:35,17
DA:36,100
DA:37,55
DA:38,55
DA:39,55
DA:40,3
DA:41,3
DA:42,3
DA:43,55
DA:44,9
DA:45,9
DA:46,55
DA:47,8
DA:48,100
DA:49,462
DA:50,462
DA:51,3
DA:52,10
DA:53,10
DA:54,461
DA:55,461
DA:56,461
DA:57,461
DA:58,461
DA:59,461
DA:60,461
DA:61,461
DA:62,10
DA:63,10
DA:64,10
DA:65,10
DA:66,10
DA:67,10
DA:68,3
DA:69,12
DA:70,12
DA:71,12
DA:72,3
DA:73,3
DA:74,3
DA:75,2
DA:76,2
DA:77,3
DA:78,9
DA:79,9
DA:80,9
DA:81,9
DA:82,12
DA:83,4
DA:84,4
DA:85,4
DA:86,4
DA:87,4
DA:88,4
DA:89,5
DA:90,12
DA:91,3
DA:92,13
DA:93,13
DA:94,13
DA:95,13
DA:96,13
DA:97,12
DA:98,2
DA:99,2
DA:100,2
DA:101,10
DA:102,12
DA:103,12
DA:104,8
DA:105,8
DA:106,8
DA:107,2
DA:108,2
DA:109,8
DA:110,8
DA:111,2
DA:112,13
DA:113,13
DA:114,13
DA:115,13
DA:116,3
DA:117,46
DA:118,46
DA:119,46
DA:120,46
DA:121,46
DA:122,46
DA:123,2
DA:124,2
DA:125,2
DA:126,2
DA:127,44
DA:128,46
DA:129,10
DA:130,10
DA:131,10
DA:132,10
DA:133,34
DA:134,46
DA:135,8
DA:136,7
DA:137,7
DA:138,8
DA:139,8
DA:140,8
DA:141,8
DA:142,26
DA:143,46
DA:144,46
DA:145,46
DA:146,46
DA:147,3
DA:148,19
DA:149,19
DA:150,19
DA:151,19
DA:152,19
DA:153,19
DA:154,19
DA:155,19
DA:156,19
DA:157,2
DA:158,19
DA:159,3
DA:160,44
DA:161,44
DA:162,14
DA:163,14
DA:164,30
DA:165,30
DA:166,30
DA:167,30
DA:168,30
DA:169,30
DA:170,44
DA:171,1
DA:172,1
DA:173,1
DA:174,1
DA:175,1
DA:176,1
DA:177,1
DA:178,1
DA:179,1
DA:180,1
DA:181,1
DA:182,1
DA:183,1
DA:184,1
DA:185,1
DA:186,1
DA:187,1
DA:188,1
DA:189,1
DA:190,1
DA:191,1
DA:192,1
DA:193,1
DA:194,1
DA:195,1
DA:196,1
DA:197,1
DA:198,1
DA:199,29
DA:200,44
DA:201,1
DA:202,1
DA:203,1
DA:204,1
DA:205,1
DA:206,1
DA:207,28
DA:208,44
DA:209,10
DA:210,10
DA:211,10
DA:212,1
DA:213,1
DA:214,1
DA:215,9
DA:216,9
DA:217,9
DA:218,8
DA:219,8
DA:220,8
DA:221,8
DA:222,8
DA:223,8
DA:224,10
DA:225,1
DA:226,1
DA:227,1
DA:228,10
DA:229,18
DA:230,44
DA:231,15
DA:232,12
DA:233,12
DA:234,3
DA:235,3
DA:236,3
DA:237,15
DA:238,1
DA:239,1
DA:240,1
DA:241,2
DA:242,2
DA:243,2
DA:244,1
DA:245,1
DA:246,1
DA:247,1
DA:248,1
DA:249,1
DA:250,1
DA:251,1
DA:252,1
DA:253,1
DA:254,15
DA:255,3
DA:256,3
DA:257,3
DA:258,44
DA:259,1
DA:260,1
DA:261,1
DA:262,2
DA:263,2
DA:264,2
DA:265,1
DA:266,1
DA:267,1
DA:268,1
DA:269,1
DA:270,1
DA:271,1
DA:272,1
DA:273,1
DA:274,1
DA:275,44
DA:276,3
DA:277,10
DA:278,10
DA:279,10
DA:280,10
DA:281,10
DA:282,10
DA:283,10
DA:284,10
DA:285,10
DA:286,3
DA:287,1
DA:288,1
DA:289,1
DA:290,1
DA:291,1
DA:292,1
DA:293,1
DA:294,1
DA:295,1
DA:296,1
DA:297,1
DA:298,1
DA:299,1
DA:300,1
DA:301,1
DA:302,1
DA:303,1
DA:304,1
DA:305,1
DA:306,1
DA:307,1
DA:308,1
DA:309,1
DA:310,1
DA:311,1
DA:312,1
DA:313,1
DA:314,1
DA:315,1
DA:316,1
DA:317,1
DA:318,1
DA:319,1
DA:320,1
DA:321,1
DA:322,1
DA:323,1
DA:324,1
DA:325,1
DA:326,1
DA:327,1
DA:328,1
DA:329,1
DA:330,1
DA:331,1
DA:332,1
DA:333,1
DA:334,1
DA:335,1
DA:336,1
DA:337,1
DA:338,1
DA:339,1
DA:340,1
DA:341,1
DA:342,1
DA:343,1
DA:344,1
DA:345,1
DA:346,1
DA:347,1
DA:348,1
DA:349,1
DA:350,1
DA:351,1
DA:352,1
DA:353,1
DA:354,1
DA:355,1
DA:356,1
DA:357,1
DA:358,1
DA:359,1
DA:360,1
DA:361,1
DA:362,1
DA:363,1
DA:364,1
DA:365,1
DA:366,1
DA:367,1
DA:368,1
DA:369,1
DA:370,1
DA:371,1
DA:372,1
DA:373,1
DA:374,1
DA:375,1
DA:376,1
DA:377,1
DA:378,1
DA:379,1
DA:380,1
DA:381,1
DA:382,1
DA:383,1
DA:384,1
DA:385,1
DA:386,1
DA:387,1
DA:388,1
DA:389,1
DA:390,1
DA:391,1
DA:392,1
DA:393,1
DA:394,1
DA:395,1
DA:396,1
DA:397,1
DA:398,1
DA:399,1
DA:400,1
DA:401,1
DA:402,1
DA:403,1
DA:404,1
DA:405,1
DA:406,1
DA:407,1
DA:408,1
DA:409,1
DA:410,1
DA:411,1
DA:412,1
DA:413,1
DA:414,1
DA:415,1
DA:416,1
DA:417,1
DA:418,1
DA:419,1
DA:420,1
DA:421,1
DA:422,1
DA:423,1
DA:424,1
DA:425,1
DA:426,1
DA:427,1
DA:428,1
DA:429,1
DA:430,1
DA:431,1
DA:432,1
DA:433,1
DA:434,1
DA:435,1
DA:436,1
DA:437,1
DA:438,1
DA:439,1
DA:440,1
DA:441,1
DA:442,1
DA:443,1
DA:444,1
DA:445,1
DA:446,1
DA:447,1
DA:448,1
DA:449,1
DA:450,1
DA:451,1
DA:452,1
DA:453,1
DA:454,1
DA:455,1
DA:456,1
DA:457,1
DA:458,1
DA:459,1
DA:460,1
DA:461,1
DA:462,1
DA:463,1
DA:464,1
DA:465,1
DA:466,1
DA:467,1
DA:468,1
DA:469,1
DA:470,1
DA:471,1
DA:472,1
DA:473,1
DA:474,1
DA:475,1
DA:476,1
DA:477,1
DA:478,1
DA:479,1
DA:480,1
DA:481,1
DA:482,1
DA:483,1
DA:484,1
DA:485,1
DA:486,1
DA:487,1
DA:488,1
DA:489,1
DA:490,1
DA:491,1
DA:492,1
DA:493,1
DA:494,1
DA:495,1
DA:496,1
DA:497,1
DA:498,1
DA:499,1
DA:500,1
DA:501,1
DA:502,1
DA:503,1
DA:504,1
DA:505,1
DA:506,1
DA:507,1
DA:508,1
DA:509,1
DA:510,1
DA:511,1
DA:512,1
DA:513,1
DA:514,1
DA:515,1
DA:516,1
DA:517,1
DA:518,1
DA:519,1
DA:520,1
DA:521,1
DA:522,1
DA:523,1
DA:524,1
DA:525,1
DA:526,1
DA:527,1
DA:528,1
DA:529,1
DA:530,1
DA:531,1
DA:532,1
DA:533,1
DA:534,1
DA:535,1
DA:536,1
DA:537,1
DA:538,1
DA:539,1
DA:540,1
DA:541,1
DA:542,3
DA:543,3
DA:544,9
DA:545,9
DA:546,9
DA:547,9
DA:548,9
DA:549,9
DA:550,9
DA:551,9
DA:552,9
DA:553,9
DA:554,9
DA:555,9
DA:556,44
DA:557,44
DA:558,44
DA:559,44
DA:560,44
DA:561,44
DA:562,44
DA:563,18
DA:564,18
DA:565,26
DA:566,44
DA:567,1
DA:568,1
DA:569,1
DA:570,1
DA:571,25
DA:572,44
DA:573,5
DA:574,5
DA:575,1
DA:576,1
DA:577,1
DA:578,1
DA:579,1
DA:580,1
DA:581,5
DA:582,5
DA:583,5
DA:584,3
DA:585,3
DA:586,3
DA:587,3
DA:588,3
DA:589,3
DA:590,1
DA:591,1
DA:592,1
DA:593,1
DA:594,1
DA:595,1
DA:596,20
DA:597,44
DA:598,1
DA:599,1
DA:600,1
DA:601,1
DA:602,1
DA:603,1
DA:604,1
DA:605,19
DA:606,44
DA:607,3
DA:608,3
DA:609,3
DA:610,2
DA:611,2
DA:612,2
DA:613,2
DA:614,2
DA:615,2
DA:616,1
DA:617,1
DA:618,1
DA:619,1
DA:620,1
DA:621,1
DA:622,1
DA:623,16
DA:624,44
DA:625,2
DA:626,1
DA:627,1
DA:628,1
DA:629,1
DA:630,1
DA:631,1
DA:632,1
DA:633,1
DA:634,1
DA:635,1
DA:636,14
DA:637,44
DA:638,5
DA:639,5
DA:640,1
DA:641,1
DA:642,1
DA:643,1
DA:644,1
DA:645,1
DA:646,5
DA:647,5
DA:648,3
DA:649,3
DA:650,3
DA:651,3
DA:652,3
DA:653,3
DA:654,1
DA:655,1
DA:656,1
DA:657,9
DA:658,9
DA:659,9
DA:660,44
DA:661,185
DA:662,89
DA:663,89
DA:664,96
DA:665,185
DA:666,6
DA:667,6
DA:668,6
DA:669,6
DA:670,185
DA:671,9
DA:672,44
DA:673,3
DA:674,3
DA:675,3
DA:676,3
DA:677,3
DA:678,3
DA:679,3
DA:680,3
DA:681,3
DA:682,6
DA:683,6
DA:684,6
DA:685,6
DA:686,6
DA:687,6
DA:688,44
DA:689,44
DA:690,44
DA:691,44
DA:692,44
DA:693,44
DA:694,44
DA:695,44
DA:696,44
DA:697,2
DA:698,2
DA:699,2
DA:700,2
DA:701,2
DA:702,2
DA:703,2
DA:704,2
DA:705,2
DA:706,9
DA:707,9
DA:708,3
DA:709,4
DA:710,4
DA:711,4
DA:712,3
DA:713,3
DA:714,4
DA:715,4
DA:716,4
DA:717,4
DA:718,4
DA:719,4
DA:720,3
DA:721,3
DA:722,4
DA:723,4
DA:724,4
DA:725,3
DA:726,6
DA:727,6
DA:728,6
DA:729,3
DA:730,3
DA:731,3
DA:732,3
DA:733,3
DA:734,3
DA:735,3
DA:736,3
DA:737,3
DA:738,3
DA:739,3
DA:740,3
DA:741,3
DA:742,3
DA:743,3
DA:744,3
DA:745,3
DA:746,3
DA:747,1
DA:748,1
LF:748
LH:748
BRDA:1,0,0,3
BRDA:743,1,0,2
BRDA:743,2,0,1
BRDA:746,3,0,2
BRDA:746,4,0,1
BRDA:13,5,0,463
BRDA:15,6,0,1
BRDA:18,7,0,462
BRDA:24,8,0,462
BRDA:29,9,0,2365
BRDA:30,10,0,100
BRDA:32,11,0,83
BRDA:35,12,0,17
BRDA:36,13,0,55
BRDA:39,14,0,3
BRDA:43,15,0,52
BRDA:43,16,0,9
BRDA:47,17,0,8
BRDA:52,18,0,10
BRDA:53,19,0,461
BRDA:65,20,0,1342
BRDA:69,21,0,12
BRDA:71,22,0,3
BRDA:71,23,0,3
BRDA:74,24,0,2
BRDA:78,25,0,9
BRDA:82,26,0,6
BRDA:82,27,0,5
BRDA:82,28,0,4
BRDA:84,29,0,1
BRDA:85,30,0,1
BRDA:86,31,0,1
BRDA:89,32,0,5
BRDA:92,33,0,13
BRDA:93,34,0,13
BRDA:95,35,0,10
BRDA:96,36,0,12
BRDA:97,37,0,2
BRDA:101,38,0,10
BRDA:102,39,0,1
BRDA:103,40,0,8
BRDA:106,41,0,2
BRDA:111,42,0,2
BRDA:117,43,0,46
BRDA:118,44,0,45
BRDA:118,45,0,2
BRDA:119,46,0,45
BRDA:119,47,0,34
BRDA:120,48,0,45
BRDA:122,49,0,44
BRDA:122,50,0,2
BRDA:127,51,0,44
BRDA:128,52,0,34
BRDA:128,53,0,10
BRDA:133,54,0,34
BRDA:134,55,0,8
BRDA:135,56,0,7
BRDA:142,57,0,26
BRDA:148,58,0,19
BRDA:150,59,0,3
BRDA:151,60,0,16
BRDA:151,61,0,3
BRDA:152,62,0,13
BRDA:152,63,0,2
BRDA:153,64,0,11
BRDA:153,65,0,2
BRDA:154,66,0,9
BRDA:154,67,0,2
BRDA:155,68,0,7
BRDA:155,69,0,2
BRDA:156,70,0,5
BRDA:156,71,0,3
BRDA:156,72,0,3
BRDA:157,73,0,2
BRDA:160,74,0,44
BRDA:161,75,0,14
BRDA:164,76,0,30
BRDA:170,77,0,1
BRDA:199,78,0,29
BRDA:200,79,0,1
BRDA:207,80,0,28
BRDA:208,81,0,27
BRDA:208,82,0,10
BRDA:209,83,0,1
BRDA:209,84,0,9
BRDA:211,85,0,1
BRDA:215,86,0,9
BRDA:218,87,0,8
BRDA:224,88,0,1
BRDA:229,89,0,18
BRDA:230,90,0,15
BRDA:231,91,0,12
BRDA:234,92,0,3
BRDA:237,93,0,1
BRDA:241,94,0,2
BRDA:244,95,0,1
BRDA:255,96,0,3
BRDA:258,97,0,1
BRDA:262,98,0,2
BRDA:265,99,0,1
BRDA:277,100,0,10
BRDA:283,101,0,1
BRDA:287,102,0,1
BRDA:543,103,0,9
BRDA:550,104,0,8
BRDA:555,105,0,44
BRDA:557,106,0,1
BRDA:558,107,0,1
BRDA:562,108,0,18
BRDA:565,109,0,26
BRDA:566,110,0,13
BRDA:566,111,0,1
BRDA:571,112,0,25
BRDA:572,113,0,13
BRDA:572,114,0,5
BRDA:573,115,0,1
BRDA:574,116,0,1
BRDA:581,117,0,4
BRDA:581,118,0,3
BRDA:581,119,0,1
BRDA:583,120,0,3
BRDA:590,121,0,1
BRDA:596,122,0,20
BRDA:597,123,0,12
BRDA:597,124,0,1
BRDA:605,125,0,19
BRDA:606,126,0,11
BRDA:606,127,0,3
BRDA:608,128,0,2
BRDA:609,129,0,2
BRDA:616,130,0,1
BRDA:623,131,0,16
BRDA:624,132,0,8
BRDA:624,133,0,2
BRDA:625,134,0,1
BRDA:636,135,0,14
BRDA:637,136,0,8
BRDA:637,137,0,5
BRDA:638,138,0,1
BRDA:639,139,0,1
BRDA:646,140,0,4
BRDA:646,141,0,3
BRDA:646,142,0,1
BRDA:647,143,0,3
BRDA:654,144,0,1
BRDA:657,145,0,9
BRDA:660,146,0,185
BRDA:661,147,0,89
BRDA:664,148,0,96
BRDA:665,149,0,6
BRDA:671,150,0,9
BRDA:672,151,0,3
BRDA:682,152,0,6
BRDA:688,153,0,5
BRDA:688,154,0,5
BRDA:688,155,0,1
BRDA:696,156,0,2
BRDA:702,157,0,1
BRDA:582,158,0,3
BRDA:582,159,0,1
BRDA:709,160,0,4
BRDA:710,161,0,1
BRDA:713,162,0,4
BRDA:715,163,0,4
BRDA:719,164,0,3
BRDA:720,165,0,3
BRDA:726,166,0,6
BRDA:727,167,0,5
BRDA:727,168,0,1
BRF:169
BRH:169
end_of_record
TN:
SF:backend\src\api\auth_controller.js
FN:3,createAuthController
FN:5,login
FNF:2
FNH:2
FNDA:546,createAuthController
FNDA:46,login
DA:1,275
DA:2,275
DA:3,275
DA:4,546
DA:5,546
DA:6,546
DA:7,546
LF:7
LH:7
BRDA:1,0,0,275
BRDA:3,1,0,546
BRDA:5,2,0,46
BRF:3
BRH:3
end_of_record
TN:
SF:backend\src\api\login_controller.js
FN:4,createLoginController
FNF:1
FNH:1
FNDA:273,createLoginController
DA:1,275
DA:2,275
DA:3,275
DA:4,275
DA:5,273
DA:6,273
DA:7,273
DA:8,273
DA:9,273
DA:10,273
DA:11,273
LF:11
LH:11
BRDA:1,0,0,275
BRDA:4,1,0,273
BRF:2
BRH:2
end_of_record
TN:
SF:backend\src\api\login_error_mapper.js
FN:1,missingFields
FN:12,invalidCredentials
FN:22,lockout
FN:33,credentialStoreUnavailable
FNF:4
FNH:4
FNDA:3,missingFields
FNDA:15,invalidCredentials
FNDA:4,lockout
FNDA:2,credentialStoreUnavailable
DA:1,276
DA:2,3
DA:3,3
DA:4,3
DA:5,3
DA:6,3
DA:7,3
DA:8,3
DA:9,3
DA:10,3
DA:11,276
DA:12,276
DA:13,15
DA:14,15
DA:15,15
DA:16,15
DA:17,15
DA:18,15
DA:19,15
DA:20,15
DA:21,276
DA:22,276
DA:23,4
DA:24,4
DA:25,4
DA:26,4
DA:27,4
DA:28,4
DA:29,4
DA:30,4
DA:31,4
DA:32,276
DA:33,276
DA:34,2
DA:35,2
DA:36,2
DA:37,2
DA:38,2
DA:39,2
DA:40,2
DA:41,2
LF:41
LH:41
BRDA:1,0,0,276
BRDA:1,1,0,3
BRDA:12,2,0,15
BRDA:22,3,0,4
BRDA:33,4,0,2
BRF:5
BRH:5
end_of_record
TN:
SF:backend\src\api\login_routes.js
FN:3,createLoginRoutes
FNF:1
FNH:1
FNDA:273,createLoginRoutes
DA:1,275
DA:2,275
DA:3,275
DA:4,273
DA:5,273
DA:6,273
DA:7,273
DA:8,273
DA:9,273
LF:9
LH:9
BRDA:1,0,0,275
BRDA:3,1,0,273
BRF:2
BRH:2
end_of_record
TN:
SF:backend\src\api\password_change_controller.js
FN:3,createPasswordChangeController
FN:5,changePassword
FNF:2
FNH:2
FNDA:273,createPasswordChangeController
FNDA:17,changePassword
DA:1,275
DA:2,275
DA:3,275
DA:4,273
DA:5,273
DA:6,273
DA:7,273
LF:7
LH:7
BRDA:1,0,0,275
BRDA:3,1,0,273
BRDA:5,2,0,17
BRF:3
BRH:3
end_of_record
TN:
SF:backend\src\api\password_change_error_mapper.js
FN:1,requiredFieldErrors
FN:12,mismatchError
FN:22,incorrectCurrentPassword
FN:32,policyViolation
FN:43,systemFailure
FNF:5
FNH:5
FNDA:2,requiredFieldErrors
FNDA:2,mismatchError
FNDA:1,incorrectCurrentPassword
FNDA:3,policyViolation
FNDA:2,systemFailure
DA:1,276
DA:2,2
DA:3,2
DA:4,2
DA:5,2
DA:6,2
DA:7,2
DA:8,2
DA:9,2
DA:10,2
DA:11,276
DA:12,276
DA:13,2
DA:14,2
DA:15,2
DA:16,2
DA:17,2
DA:18,2
DA:19,2
DA:20,2
DA:21,276
DA:22,276
DA:23,1
DA:24,1
DA:25,1
DA:26,1
DA:27,1
DA:28,1
DA:29,1
DA:30,1
DA:31,276
DA:32,276
DA:33,3
DA:34,3
DA:35,3
DA:36,3
DA:37,3
DA:38,3
DA:39,3
DA:40,3
DA:41,3
DA:42,276
DA:43,276
DA:44,2
DA:45,2
DA:46,2
DA:47,2
DA:48,2
DA:49,2
DA:50,2
DA:51,2
LF:51
LH:51
BRDA:1,0,0,276
BRDA:1,1,0,2
BRDA:12,2,0,2
BRDA:22,3,0,1
BRDA:32,4,0,3
BRDA:43,5,0,2
BRF:6
BRH:6
end_of_record
TN:
SF:backend\src\api\password_change_routes.js
FN:3,createPasswordChangeRoutes
FNF:1
FNH:1
FNDA:273,createPasswordChangeRoutes
DA:1,275
DA:2,275
DA:3,275
DA:4,273
DA:5,273
DA:6,273
DA:7,273
DA:8,273
LF:8
LH:8
BRDA:1,0,0,275
BRDA:3,1,0,273
BRF:2
BRH:2
end_of_record
TN:
SF:backend\src\api\registration_controller.js
FN:5,createRegistrationController
FN:7,submitRegistration
FN:8,verifyRegistration
FN:9,resendConfirmation
FNF:4
FNH:4
FNDA:273,createRegistrationController
FNDA:13,submitRegistration
FNDA:5,verifyRegistration
FNDA:2,resendConfirmation
DA:1,275
DA:2,275
DA:3,275
DA:4,275
DA:5,275
DA:6,273
DA:7,273
DA:8,273
DA:9,273
DA:10,273
DA:11,273
LF:11
LH:11
BRDA:1,0,0,275
BRDA:5,1,0,273
BRDA:7,2,0,13
BRDA:8,3,0,5
BRDA:9,4,0,2
BRF:5
BRH:5
end_of_record
TN:
SF:backend\src\api\registration_error_mapper.js
FN:1,mapValidationErrors
FN:9,mapError
FNF:2
FNH:2
FNDA:8,mapValidationErrors
FNDA:20,mapError
DA:1,281
DA:2,8
DA:3,8
DA:4,8
DA:5,8
DA:6,8
DA:7,8
DA:8,281
DA:9,281
DA:10,20
DA:11,20
LF:11
LH:11
BRDA:1,0,0,281
BRDA:1,1,0,8
BRDA:9,2,0,20
BRF:3
BRH:3
end_of_record
TN:
SF:backend\src\api\registration_routes.js
FN:82,createRegistrationRoutes
FNF:1
FNH:1
FNDA:273,createRegistrationRoutes
DA:1,275
DA:2,275
DA:3,275
DA:4,275
DA:5,275
DA:6,275
DA:7,275
DA:8,275
DA:9,275
DA:10,275
DA:11,275
DA:12,275
DA:13,275
DA:14,275
DA:15,275
DA:16,275
DA:17,275
DA:18,275
DA:19,275
DA:20,275
DA:21,275
DA:22,275
DA:23,275
DA:24,275
DA:25,275
DA:26,275
DA:27,275
DA:28,275
DA:29,275
DA:30,275
DA:31,275
DA:32,275
DA:33,275
DA:34,275
DA:35,275
DA:36,275
DA:37,275
DA:38,275
DA:39,275
DA:40,275
DA:41,275
DA:42,275
DA:43,275
DA:44,275
DA:45,275
DA:46,275
DA:47,275
DA:48,275
DA:49,275
DA:50,275
DA:51,275
DA:52,275
DA:53,275
DA:54,275
DA:55,275
DA:56,275
DA:57,275
DA:58,275
DA:59,275
DA:60,275
DA:61,275
DA:62,275
DA:63,275
DA:64,275
DA:65,275
DA:66,275
DA:67,275
DA:68,275
DA:69,275
DA:70,275
DA:71,275
DA:72,275
DA:73,275
DA:74,275
DA:75,275
DA:76,275
DA:77,275
DA:78,275
DA:79,275
DA:80,275
DA:81,275
DA:82,275
DA:83,273
DA:84,259
DA:85,259
DA:86,273
DA:87,259
DA:88,259
DA:89,273
DA:90,259
DA:91,259
DA:92,273
DA:93,259
DA:94,259
DA:95,273
DA:96,259
DA:97,259
DA:98,273
DA:99,272
DA:100,272
DA:101,273
DA:102,272
DA:103,272
DA:104,273
DA:105,272
DA:106,272
DA:107,273
DA:108,272
DA:109,272
DA:110,273
DA:111,272
DA:112,272
DA:113,273
DA:114,272
DA:115,272
DA:116,273
DA:117,272
DA:118,272
DA:119,273
DA:120,272
DA:121,272
DA:122,273
DA:123,272
DA:124,272
DA:125,273
DA:126,272
DA:127,272
DA:128,273
DA:129,272
DA:130,272
DA:131,273
DA:132,272
DA:133,272
DA:134,273
DA:135,272
DA:136,272
DA:137,273
DA:138,272
DA:139,272
DA:140,273
DA:141,272
DA:142,272
DA:143,273
DA:144,272
DA:145,272
DA:146,273
DA:147,272
DA:148,272
DA:149,273
DA:150,272
DA:151,272
DA:152,273
DA:153,272
DA:154,272
DA:155,273
DA:156,272
DA:157,272
DA:158,273
DA:159,272
DA:160,272
DA:161,273
DA:162,272
DA:163,272
DA:164,273
DA:165,272
DA:166,272
DA:167,273
DA:168,272
DA:169,272
DA:170,273
DA:171,272
DA:172,272
DA:173,273
DA:174,272
DA:175,272
DA:176,273
DA:177,272
DA:178,272
DA:179,273
DA:180,272
DA:181,272
DA:182,272
DA:183,272
DA:184,272
DA:185,272
DA:186,273
DA:187,272
DA:188,272
DA:189,273
DA:190,272
DA:191,272
DA:192,273
DA:193,272
DA:194,272
DA:195,273
DA:196,272
DA:197,272
DA:198,273
DA:199,272
DA:200,272
DA:201,273
DA:202,272
DA:203,272
DA:204,273
DA:205,272
DA:206,272
DA:207,273
DA:208,272
DA:209,272
DA:210,273
DA:211,272
DA:212,272
DA:213,273
DA:214,272
DA:215,272
DA:216,273
DA:217,272
DA:218,272
DA:219,273
DA:220,272
DA:221,272
DA:222,273
DA:223,272
DA:224,272
DA:225,273
DA:226,272
DA:227,272
DA:228,273
DA:229,272
DA:230,272
DA:231,273
DA:232,272
DA:233,272
DA:234,273
DA:235,272
DA:236,272
DA:237,273
DA:238,272
DA:239,272
DA:240,273
DA:241,272
DA:242,272
DA:243,273
DA:244,272
DA:245,272
DA:246,273
DA:247,272
DA:248,272
DA:249,273
DA:250,272
DA:251,272
DA:252,273
DA:253,271
DA:254,271
DA:255,273
DA:256,271
DA:257,271
DA:258,273
DA:259,272
DA:260,272
DA:261,273
DA:262,273
DA:263,273
DA:264,273
DA:265,273
DA:266,273
DA:267,273
DA:268,273
DA:269,273
DA:270,273
DA:271,273
DA:272,273
DA:273,273
DA:274,273
DA:275,273
DA:276,273
DA:277,273
DA:278,273
DA:279,273
DA:280,273
DA:281,273
DA:282,273
DA:283,273
DA:284,273
DA:285,273
DA:286,273
DA:287,273
DA:288,273
DA:289,273
DA:290,273
DA:291,273
DA:292,273
DA:293,273
DA:294,273
DA:295,273
DA:296,273
DA:297,273
DA:298,273
DA:299,273
DA:300,273
DA:301,273
DA:302,273
DA:303,273
DA:304,273
DA:305,273
DA:306,273
DA:307,273
DA:308,273
DA:309,273
DA:310,273
DA:311,273
DA:312,273
DA:313,273
LF:313
LH:313
BRDA:1,0,0,275
BRDA:82,1,0,273
BRDA:83,2,0,259
BRDA:86,3,0,259
BRDA:89,4,0,259
BRDA:92,5,0,259
BRDA:95,6,0,259
BRDA:98,7,0,272
BRDA:101,8,0,272
BRDA:104,9,0,272
BRDA:107,10,0,272
BRDA:110,11,0,272
BRDA:113,12,0,272
BRDA:116,13,0,272
BRDA:119,14,0,272
BRDA:122,15,0,272
BRDA:125,16,0,272
BRDA:128,17,0,272
BRDA:131,18,0,272
BRDA:134,19,0,272
BRDA:137,20,0,272
BRDA:140,21,0,272
BRDA:143,22,0,272
BRDA:146,23,0,272
BRDA:149,24,0,272
BRDA:152,25,0,272
BRDA:155,26,0,272
BRDA:158,27,0,272
BRDA:161,28,0,272
BRDA:164,29,0,272
BRDA:167,30,0,272
BRDA:170,31,0,272
BRDA:173,32,0,272
BRDA:176,33,0,272
BRDA:179,34,0,272
BRDA:186,35,0,272
BRDA:189,36,0,272
BRDA:192,37,0,272
BRDA:195,38,0,272
BRDA:198,39,0,272
BRDA:201,40,0,272
BRDA:204,41,0,272
BRDA:207,42,0,272
BRDA:210,43,0,272
BRDA:213,44,0,272
BRDA:216,45,0,272
BRDA:219,46,0,272
BRDA:222,47,0,272
BRDA:225,48,0,272
BRDA:228,49,0,272
BRDA:231,50,0,272
BRDA:234,51,0,272
BRDA:237,52,0,272
BRDA:240,53,0,272
BRDA:243,54,0,272
BRDA:246,55,0,272
BRDA:249,56,0,272
BRDA:252,57,0,271
BRDA:255,58,0,271
BRDA:258,59,0,272
BRF:60
BRH:60
end_of_record
TN:
SF:backend\src\api\session_controller.js
FN:3,createSessionController
FN:5,getSession
FNF:2
FNH:2
FNDA:273,createSessionController
FNDA:3,getSession
DA:1,275
DA:2,275
DA:3,275
DA:4,273
DA:5,273
DA:6,3
DA:7,3
DA:8,1
DA:9,1
DA:10,2
DA:11,2
DA:12,2
DA:13,2
DA:14,2
DA:15,2
DA:16,3
DA:17,273
DA:18,273
LF:18
LH:18
BRDA:1,0,0,275
BRDA:3,1,0,273
BRDA:5,2,0,3
BRDA:7,3,0,1
BRDA:10,4,0,2
BRF:5
BRH:5
end_of_record
TN:
SF:backend\src\api\validation_controller.js
FN:5,createValidationController
FN:7,submit
FNF:2
FNH:2
FNDA:283,createValidationController
FNDA:15,submit
DA:1,283
DA:2,283
DA:3,283
DA:4,283
DA:5,283
DA:6,283
DA:7,283
DA:8,15
DA:9,15
DA:10,1
DA:11,1
DA:12,14
DA:13,14
DA:14,15
DA:15,2
DA:16,2
DA:17,15
DA:18,283
DA:19,283
LF:19
LH:19
BRDA:1,0,0,283
BRDA:5,1,0,283
BRDA:7,2,0,15
BRDA:9,3,0,1
BRDA:12,4,0,14
BRDA:14,5,0,2
BRF:6
BRH:6
end_of_record
TN:
SF:backend\src\api\validation_error_handler.js
FN:1,handleValidationError
FNF:1
FNH:1
FNDA:2,handleValidationError
DA:1,283
DA:2,2
DA:3,2
DA:4,2
DA:5,2
DA:6,2
DA:7,2
DA:8,2
DA:9,2
LF:9
LH:9
BRDA:1,0,0,283
BRDA:1,1,0,2
BRF:2
BRH:2
end_of_record
TN:
SF:backend\src\api\validation_routes.js
FN:3,createValidationRoutes
FNF:1
FNH:1
FNDA:280,createValidationRoutes
DA:1,282
DA:2,282
DA:3,282
DA:4,280
DA:5,280
DA:6,280
DA:7,280
DA:8,280
LF:8
LH:8
BRDA:1,0,0,282
BRDA:3,1,0,280
BRF:2
BRH:2
end_of_record
TN:
SF:backend\src\api\assigned-access\assigned-access-error-mapper.js
FN:1,mapForbiddenAccess
FNF:1
FNH:1
FNDA:3,mapForbiddenAccess
DA:1,276
DA:2,3
DA:3,3
DA:4,3
DA:5,3
DA:6,3
DA:7,3
DA:8,3
DA:9,3
LF:9
LH:9
BRDA:1,0,0,276
BRDA:1,1,0,3
BRF:2
BRH:2
end_of_record
TN:
SF:backend\src\api\assigned-access\assigned-access-failure-mapper.js
FN:1,mapAssignedAccessFailure
FNF:1
FNH:1
FNDA:3,mapAssignedAccessFailure
DA:1,276
DA:2,3
DA:3,3
DA:4,3
DA:5,3
DA:6,3
DA:7,3
DA:8,3
DA:9,3
DA:10,3
LF:10
LH:10
BRDA:1,0,0,276
BRDA:1,1,0,3
BRF:2
BRH:2
end_of_record
TN:
SF:backend\src\api\assigned-access\get-assigned-papers-controller.js
FN:4,createGetAssignedPapersController
FN:6,get
FNF:2
FNH:2
FNDA:275,createGetAssignedPapersController
FNDA:8,get
DA:1,276
DA:2,276
DA:3,276
DA:4,276
DA:5,275
DA:6,275
DA:7,8
DA:8,1
DA:9,1
DA:10,8
DA:11,8
DA:12,1
DA:13,1
DA:14,6
DA:15,6
DA:16,6
DA:17,3
DA:18,3
DA:19,1
DA:20,8
DA:21,2
DA:22,2
DA:23,8
DA:24,275
DA:25,275
LF:25
LH:25
BRDA:1,0,0,276
BRDA:4,1,0,275
BRDA:6,2,0,8
BRDA:7,3,0,7
BRDA:7,4,0,7
BRDA:7,5,0,1
BRDA:10,6,0,7
BRDA:11,7,0,1
BRDA:14,8,0,6
BRDA:16,9,0,3
BRDA:19,10,0,1
BRDA:20,11,0,2
BRF:12
BRH:12
end_of_record
TN:
SF:backend\src\api\assigned-access\get-manuscript-view-controller.js
FN:7,createGetManuscriptViewController
FN:9,get
FNF:2
FNH:2
FNDA:274,createGetManuscriptViewController
FNDA:7,get
DA:1,276
DA:2,276
DA:3,276
DA:4,276
DA:5,276
DA:6,276
DA:7,276
DA:8,274
DA:9,274
DA:10,7
DA:11,1
DA:12,1
DA:13,7
DA:14,7
DA:15,2
DA:16,2
DA:17,4
DA:18,4
DA:19,2
DA:20,2
DA:21,2
DA:22,7
DA:23,274
DA:24,274
LF:24
LH:24
BRDA:1,0,0,276
BRDA:7,1,0,274
BRDA:9,2,0,7
BRDA:10,3,0,6
BRDA:10,4,0,6
BRDA:10,5,0,1
BRDA:13,6,0,6
BRDA:14,7,0,6
BRDA:14,8,0,2
BRDA:17,9,0,4
BRDA:18,10,0,2
BRF:11
BRH:11
end_of_record
TN:
SF:backend\src\api\assigned-access\get-review-form-controller.js
FN:7,createGetReviewFormController
FN:9,get
FNF:2
FNH:2
FNDA:274,createGetReviewFormController
FNDA:4,get
DA:1,276
DA:2,276
DA:3,276
DA:4,276
DA:5,276
DA:6,276
DA:7,276
DA:8,274
DA:9,274
DA:10,4
DA:11,1
DA:12,1
DA:13,4
DA:14,4
DA:15,1
DA:16,1
DA:17,2
DA:18,2
DA:19,1
DA:20,1
DA:21,1
DA:22,4
DA:23,274
DA:24,274
LF:24
LH:24
BRDA:1,0,0,276
BRDA:7,1,0,274
BRDA:9,2,0,4
BRDA:10,3,0,3
BRDA:10,4,0,3
BRDA:10,5,0,1
BRDA:13,6,0,3
BRDA:14,7,0,3
BRDA:14,8,0,1
BRDA:17,9,0,2
BRDA:18,10,0,1
BRF:11
BRH:11
end_of_record
TN:
SF:backend\src\api\assigned-access\routes.js
FN:5,createAssignedAccessRoutes
FNF:1
FNH:1
FNDA:273,createAssignedAccessRoutes
DA:1,275
DA:2,275
DA:3,275
DA:4,275
DA:5,275
DA:6,273
DA:7,273
DA:8,273
DA:9,273
DA:10,273
DA:11,273
DA:12,273
DA:13,273
DA:14,273
LF:14
LH:14
BRDA:1,0,0,275
BRDA:5,1,0,273
BRF:2
BRH:2
end_of_record
TN:
SF:backend\src\api\assignments\assignment-error-mapper.js
FN:1,mapAssignmentValidation
FNF:1
FNH:1
FNDA:1,mapAssignmentValidation
DA:1,1
DA:2,1
DA:3,1
DA:4,1
DA:5,1
DA:6,1
DA:7,1
DA:8,1
DA:9,1
DA:10,1
LF:10
LH:10
BRDA:1,0,0,1
BRDA:1,1,0,1
BRF:2
BRH:2
end_of_record
TN:
SF:backend\src\api\assignments\assignment-failure-response-mapper.js
FN:1,mapAssignmentFailure
FNF:1
FNH:1
FNDA:1,mapAssignmentFailure
DA:1,1
DA:2,1
DA:3,1
DA:4,1
DA:5,1
DA:6,1
DA:7,1
DA:8,1
DA:9,1
LF:9
LH:9
BRDA:1,0,0,1
BRDA:1,1,0,1
BRF:2
BRH:2
end_of_record
TN:
SF:backend\src\api\assignments\confirm-assignment-controller.js
FN:3,createConfirmAssignmentController
FN:5,confirm
FNF:2
FNH:2
FNDA:275,createConfirmAssignmentController
FNDA:42,confirm
DA:1,277
DA:2,277
DA:3,277
DA:4,275
DA:5,275
DA:6,42
DA:7,1
DA:8,1
DA:9,1
DA:10,1
DA:11,1
DA:12,41
DA:13,42
DA:14,42
DA:15,42
DA:16,42
DA:17,42
DA:18,275
DA:19,275
LF:19
LH:19
BRDA:1,0,0,277
BRDA:3,1,0,275
BRDA:5,2,0,42
BRDA:6,3,0,41
BRDA:6,4,0,41
BRDA:6,5,0,1
BRDA:12,6,0,41
BRDA:14,7,0,40
BRDA:14,8,0,1
BRDA:15,9,0,40
BRF:10
BRH:10
end_of_record
TN:
SF:backend\src\api\assignments\get-assignment-details-controller.js
FN:1,createGetAssignmentDetailsController
FN:3,get
FNF:2
FNH:2
FNDA:274,createGetAssignmentDetailsController
FNDA:4,get
DA:1,276
DA:2,274
DA:3,274
DA:4,4
DA:5,1
DA:6,1
DA:7,1
DA:8,1
DA:9,1
DA:10,4
DA:11,4
DA:12,4
DA:13,4
DA:14,4
DA:15,4
DA:16,4
DA:17,4
DA:18,4
DA:19,4
DA:20,274
DA:21,274
LF:21
LH:21
BRDA:1,0,0,276
BRDA:1,1,0,274
BRDA:3,2,0,4
BRDA:4,3,0,3
BRDA:4,4,0,3
BRDA:4,5,0,3
BRDA:4,6,0,1
BRDA:16,7,0,3
BRF:8
BRH:8
end_of_record
TN:
SF:backend\src\api\assignments\routes.js
FN:4,createAssignmentRoutes
FNF:1
FNH:1
FNDA:273,createAssignmentRoutes
DA:1,275
DA:2,275
DA:3,275
DA:4,275
DA:5,273
DA:6,273
DA:7,273
DA:8,273
DA:9,273
DA:10,273
DA:11,273
DA:12,273
LF:12
LH:12
BRDA:1,0,0,275
BRDA:4,1,0,273
BRF:2
BRH:2
end_of_record
TN:
SF:backend\src\api\decision-notification\error-response-mapper.js
FN:1,mapDecisionNotificationError
FNF:1
FNH:1
FNDA:8,mapDecisionNotificationError
DA:1,276
DA:2,8
DA:3,7
DA:4,7
DA:5,7
DA:6,2
DA:7,8
LF:7
LH:7
BRDA:1,0,0,276
BRDA:1,1,0,8
BRDA:2,2,0,2
BRDA:3,3,0,7
BRDA:3,4,0,6
BRDA:3,5,0,1
BRDA:4,6,0,5
BRDA:4,7,0,1
BRDA:5,8,0,4
BRDA:5,9,0,2
BRF:10
BRH:10
end_of_record
TN:
SF:backend\src\api\decision-notification\get-decision-notification.js
FN:7,createGetDecisionNotificationController
FN:11,get
FNF:2
FNH:2
FNDA:274,createGetDecisionNotificationController
FNDA:36,get
DA:1,276
DA:2,276
DA:3,276
DA:4,276
DA:5,276
DA:6,276
DA:7,276
DA:8,274
DA:9,274
DA:10,274
DA:11,274
DA:12,36
DA:13,1
DA:14,1
DA:15,35
DA:16,35
DA:17,35
DA:18,36
DA:19,36
DA:20,36
DA:21,36
DA:22,36
DA:23,1
DA:24,1
DA:25,1
DA:26,1
DA:27,36
DA:28,2
DA:29,2
DA:30,2
DA:31,2
DA:32,29
DA:33,29
DA:34,29
DA:35,29
DA:36,29
DA:37,29
DA:38,29
DA:39,29
DA:40,36
DA:41,36
DA:42,36
DA:43,6
DA:44,6
DA:45,36
DA:46,274
DA:47,274
LF:47
LH:47
BRDA:1,0,0,276
BRDA:7,1,0,274
BRDA:11,2,0,36
BRDA:12,3,0,35
BRDA:12,4,0,35
BRDA:12,5,0,1
BRDA:15,6,0,35
BRDA:22,7,0,1
BRDA:27,8,0,31
BRDA:27,9,0,30
BRDA:27,10,0,2
BRDA:32,11,0,29
BRDA:39,12,0,1
BRDA:42,13,0,6
BRF:14
BRH:14
end_of_record
TN:
SF:backend\src\api\decision-notification\get-paper-decision.js
FN:6,createGetPaperDecisionController
FN:10,get
FNF:2
FNH:2
FNDA:274,createGetPaperDecisionController
FNDA:37,get
DA:1,276
DA:2,276
DA:3,276
DA:4,276
DA:5,276
DA:6,276
DA:7,274
DA:8,274
DA:9,274
DA:10,274
DA:11,37
DA:12,1
DA:13,1
DA:14,36
DA:15,36
DA:16,36
DA:17,37
DA:18,37
DA:19,37
DA:20,37
DA:21,37
DA:22,2
DA:23,2
DA:24,2
DA:25,2
DA:26,2
DA:27,2
DA:28,2
DA:29,2
DA:30,2
DA:31,2
DA:32,32
DA:33,32
DA:34,32
DA:35,32
DA:36,32
DA:37,37
DA:38,37
DA:39,37
DA:40,37
DA:41,37
DA:42,37
DA:43,2
DA:44,2
DA:45,37
DA:46,274
DA:47,274
LF:47
LH:47
BRDA:1,0,0,276
BRDA:6,1,0,274
BRDA:10,2,0,37
BRDA:11,3,0,36
BRDA:11,4,0,36
BRDA:11,5,0,1
BRDA:14,6,0,36
BRDA:21,7,0,33
BRDA:21,8,0,2
BRDA:32,9,0,32
BRDA:37,10,0,1
BRDA:39,11,0,1
BRDA:42,12,0,2
BRF:13
BRH:13
end_of_record
TN:
SF:backend\src\api\decision-notification\ownership-guard.js
FN:3,enforceOwnershipOrThrow
FNF:1
FNH:1
FNDA:71,enforceOwnershipOrThrow
DA:1,276
DA:2,276
DA:3,276
DA:4,71
DA:5,71
DA:6,71
DA:7,3
DA:8,3
DA:9,3
DA:10,3
DA:11,66
DA:12,71
LF:12
LH:12
BRDA:1,0,0,276
BRDA:3,1,0,71
BRDA:6,2,0,70
BRDA:6,3,0,3
BRDA:11,4,0,66
BRF:5
BRH:5
end_of_record
TN:
SF:backend\src\api\decision-notification\routes.js
FN:4,createDecisionNotificationRoutes
FNF:1
FNH:1
FNDA:273,createDecisionNotificationRoutes
DA:1,275
DA:2,275
DA:3,275
DA:4,275
DA:5,273
DA:6,273
DA:7,273
DA:8,273
DA:9,273
DA:10,273
DA:11,273
DA:12,273
LF:12
LH:12
BRDA:1,0,0,275
BRDA:4,1,0,273
BRF:2
BRH:2
end_of_record
TN:
SF:backend\src\api\decisions\get-decision-context-controller.js
FN:3,createGetDecisionContextController
FN:5,get
FNF:2
FNH:2
FNDA:276,createGetDecisionContextController
FNDA:6,get
DA:1,276
DA:2,276
DA:3,276
DA:4,276
DA:5,276
DA:6,6
DA:7,1
DA:8,1
DA:9,5
DA:10,6
DA:11,6
DA:12,6
DA:13,6
DA:14,6
DA:15,6
DA:16,6
DA:17,1
DA:18,1
DA:19,6
DA:20,1
DA:21,1
DA:22,3
DA:23,3
DA:24,3
DA:25,3
DA:26,3
DA:27,3
DA:28,3
DA:29,3
DA:30,3
DA:31,3
DA:32,3
DA:33,6
DA:34,276
DA:35,276
LF:35
LH:35
BRDA:1,0,0,276
BRDA:3,1,0,276
BRDA:5,2,0,6
BRDA:6,3,0,5
BRDA:6,4,0,5
BRDA:6,5,0,1
BRDA:9,6,0,5
BRDA:16,7,0,1
BRDA:19,8,0,4
BRDA:19,9,0,3
BRDA:19,10,0,1
BRF:11
BRH:11
end_of_record
TN:
SF:backend\src\api\decisions\paper-decision-error-mapper.js
FN:1,mapPaperDecisionError
FNF:1
FNH:1
FNDA:1,mapPaperDecisionError
DA:1,1
DA:2,1
DA:3,1
LF:3
LH:3
BRDA:1,0,0,1
BRDA:1,1,0,1
BRF:2
BRH:2
end_of_record
TN:
SF:backend\src\api\decisions\paper-decision-notification-failure-mapper.js
FN:1,mapPaperDecisionNotificationFailure
FNF:1
FNH:1
FNDA:2,mapPaperDecisionNotificationFailure
DA:1,276
DA:2,2
DA:3,2
DA:4,2
DA:5,2
DA:6,2
LF:6
LH:6
BRDA:1,0,0,276
BRDA:1,1,0,2
BRF:2
BRH:2
end_of_record
TN:
SF:backend\src\api\decisions\post-paper-decision-controller.js
FN:4,createPostPaperDecisionController
FN:6,post
FNF:2
FNH:2
FNDA:274,createPostPaperDecisionController
FNDA:15,post
DA:1,276
DA:2,276
DA:3,276
DA:4,276
DA:5,274
DA:6,274
DA:7,15
DA:8,1
DA:9,1
DA:10,14
DA:11,15
DA:12,15
DA:13,15
DA:14,15
DA:15,15
DA:16,15
DA:17,15
DA:18,1
DA:19,1
DA:20,13
DA:21,13
DA:22,13
DA:23,13
DA:24,13
DA:25,13
DA:26,13
DA:27,13
DA:28,13
DA:29,13
DA:30,15
DA:31,2
DA:32,2
DA:33,11
DA:34,15
DA:35,274
DA:36,274
LF:36
LH:36
BRDA:1,0,0,276
BRDA:4,1,0,274
BRDA:6,2,0,15
BRDA:7,3,0,14
BRDA:7,4,0,14
BRDA:7,5,0,14
BRDA:7,6,0,1
BRDA:12,7,0,14
BRDA:13,8,0,14
BRDA:13,9,0,12
BRDA:14,10,0,14
BRDA:15,11,0,14
BRDA:17,12,0,1
BRDA:20,13,0,13
BRDA:30,14,0,8
BRDA:30,15,0,13
BRDA:30,16,0,2
BRDA:33,17,0,11
BRF:18
BRH:18
end_of_record
TN:
SF:backend\src\api\decisions\routes.js
FN:4,createDecisionRoutes
FNF:1
FNH:1
FNDA:273,createDecisionRoutes
DA:1,275
DA:2,275
DA:3,275
DA:4,275
DA:5,273
DA:6,273
DA:7,273
DA:8,273
DA:9,273
DA:10,273
DA:11,273
DA:12,273
LF:12
LH:12
BRDA:1,0,0,275
BRDA:4,1,0,273
BRF:2
BRH:2
end_of_record
TN:
SF:backend\src\api\drafts\finalize-draft-controller.js
FN:3,createFinalizeDraftController
FN:5,finalize
FNF:2
FNH:2
FNDA:273,createFinalizeDraftController
FNDA:2,finalize
DA:1,275
DA:2,275
DA:3,275
DA:4,273
DA:5,273
DA:6,273
DA:7,273
LF:7
LH:7
BRDA:1,0,0,275
BRDA:3,1,0,273
BRDA:5,2,0,2
BRF:3
BRH:3
end_of_record
TN:
SF:backend\src\api\drafts\get-draft-controller.js
FN:1,createGetDraftController
FN:3,get
FNF:2
FNH:2
FNDA:274,createGetDraftController
FNDA:5,get
DA:1,276
DA:2,274
DA:3,274
DA:4,5
DA:5,5
DA:6,1
DA:7,1
DA:8,4
DA:9,5
DA:10,1
DA:11,1
DA:12,3
DA:13,3
DA:14,3
DA:15,3
DA:16,3
DA:17,3
DA:18,3
DA:19,3
DA:20,3
DA:21,5
DA:22,274
DA:23,274
LF:23
LH:23
BRDA:1,0,0,276
BRDA:1,1,0,274
BRDA:3,2,0,5
BRDA:5,3,0,4
BRDA:5,4,0,4
BRDA:5,5,0,1
BRDA:9,6,0,3
BRDA:9,7,0,1
BRDA:12,8,0,3
BRF:9
BRH:9
end_of_record
TN:
SF:backend\src\api\drafts\routes.js
FN:5,createDraftRoutes
FNF:1
FNH:1
FNDA:273,createDraftRoutes
DA:1,275
DA:2,275
DA:3,275
DA:4,275
DA:5,275
DA:6,273
DA:7,273
DA:8,273
DA:9,273
DA:10,273
DA:11,273
DA:12,273
DA:13,273
DA:14,273
LF:14
LH:14
BRDA:1,0,0,275
BRDA:5,1,0,273
BRF:2
BRH:2
end_of_record
TN:
SF:backend\src\api\drafts\save-draft-controller.js
FN:3,createSaveDraftController
FN:5,save
FNF:2
FNH:2
FNDA:273,createSaveDraftController
FNDA:14,save
DA:1,275
DA:2,275
DA:3,275
DA:4,273
DA:5,273
DA:6,273
DA:7,273
LF:7
LH:7
BRDA:1,0,0,275
BRDA:3,1,0,273
BRDA:5,2,0,14
BRF:3
BRH:3
end_of_record
TN:
SF:backend\src\api\drafts\save-error-mapper.js
FN:1,mapSaveSystemFailure
FNF:1
FNH:1
FNDA:7,mapSaveSystemFailure
DA:1,280
DA:2,7
DA:3,3
DA:4,3
DA:5,3
DA:6,3
DA:7,3
DA:8,3
DA:9,3
DA:10,3
DA:11,4
DA:12,4
DA:13,4
DA:14,4
DA:15,4
DA:16,4
DA:17,4
DA:18,7
LF:18
LH:18
BRDA:1,0,0,280
BRDA:1,1,0,7
BRDA:2,2,0,4
BRDA:2,3,0,3
BRF:4
BRH:4
end_of_record
TN:
SF:backend\src\api\invitations\get-pending-invitations-controller.js
FN:3,createGetPendingInvitationsController
FN:5,get
FNF:2
FNH:2
FNDA:274,createGetPendingInvitationsController
FNDA:6,get
DA:1,276
DA:2,276
DA:3,276
DA:4,274
DA:5,274
DA:6,6
DA:7,1
DA:8,1
DA:9,1
DA:10,1
DA:11,1
DA:12,6
DA:13,6
DA:14,1
DA:15,1
DA:16,1
DA:17,1
DA:18,1
DA:19,6
DA:20,6
DA:21,6
DA:22,6
DA:23,6
DA:24,6
DA:25,6
DA:26,274
DA:27,274
LF:27
LH:27
BRDA:1,0,0,276
BRDA:3,1,0,274
BRDA:5,2,0,6
BRDA:6,3,0,5
BRDA:6,4,0,5
BRDA:6,5,0,1
BRDA:12,6,0,5
BRDA:13,7,0,4
BRDA:13,8,0,1
BRDA:19,9,0,3
BRDA:19,10,0,1
BRF:11
BRH:11
end_of_record
TN:
SF:backend\src\api\invitations\invitation-notification-failure-mapper.js
FN:1,mapNotificationFailureMessage
FNF:1
FNH:1
FNDA:39,mapNotificationFailureMessage
DA:1,276
DA:2,39
DA:3,3
DA:4,3
DA:5,3
DA:6,3
DA:7,3
DA:8,36
DA:9,39
LF:9
LH:9
BRDA:1,0,0,276
BRDA:1,1,0,39
BRDA:2,2,0,3
BRDA:8,3,0,36
BRF:4
BRH:4
end_of_record
TN:
SF:backend\src\api\invitations\invitation-response-error-mapper.js
FN:1,mapInvitationResponseError
FNF:1
FNH:1
FNDA:44,mapInvitationResponseError
DA:1,276
DA:2,44
DA:3,1
DA:4,1
DA:5,1
DA:6,1
DA:7,1
DA:8,1
DA:9,1
DA:10,1
DA:11,43
DA:12,44
LF:12
LH:12
BRDA:1,0,0,276
BRDA:1,1,0,44
BRDA:2,2,0,43
BRDA:2,3,0,1
BRF:4
BRH:4
end_of_record
TN:
SF:backend\src\api\invitations\post-invitation-response-controller.js
FN:5,createPostInvitationResponseController
FN:7,post
FNF:2
FNH:2
FNDA:275,createPostInvitationResponseController
FNDA:46,post
DA:1,276
DA:2,276
DA:3,276
DA:4,276
DA:5,276
DA:6,275
DA:7,275
DA:8,46
DA:9,1
DA:10,1
DA:11,1
DA:12,1
DA:13,1
DA:14,45
DA:15,46
DA:16,46
DA:17,1
DA:18,1
DA:19,1
DA:20,1
DA:21,1
DA:22,44
DA:23,44
DA:24,46
DA:25,46
DA:26,46
DA:27,46
DA:28,46
DA:29,46
DA:30,46
DA:31,39
DA:32,39
DA:33,39
DA:34,39
DA:35,39
DA:36,5
DA:37,46
DA:38,275
DA:39,275
LF:39
LH:39
BRDA:1,0,0,276
BRDA:5,1,0,275
BRDA:7,2,0,46
BRDA:8,3,0,45
BRDA:8,4,0,45
BRDA:8,5,0,1
BRDA:14,6,0,45
BRDA:16,7,0,5
BRDA:16,8,0,44
BRDA:16,9,0,1
BRDA:27,10,0,44
BRDA:30,11,0,44
BRDA:30,12,0,39
BRDA:36,13,0,5
BRF:14
BRH:14
end_of_record
TN:
SF:backend\src\api\invitations\routes.js
FN:4,createInvitationRoutes
FNF:1
FNH:1
FNDA:273,createInvitationRoutes
DA:1,275
DA:2,275
DA:3,275
DA:4,275
DA:5,273
DA:6,273
DA:7,273
DA:8,273
DA:9,273
DA:10,273
DA:11,273
LF:11
LH:11
BRDA:1,0,0,275
BRDA:4,1,0,273
BRF:2
BRH:2
end_of_record
TN:
SF:backend\src\api\middleware\form_auth_guard.js
FN:1,requireAuthenticatedUser
FNF:1
FNH:1
FNDA:17,requireAuthenticatedUser
DA:1,283
DA:2,17
DA:3,2
DA:4,2
DA:5,2
DA:6,2
DA:7,2
DA:8,2
DA:9,2
DA:10,2
DA:11,2
DA:12,2
DA:13,2
DA:14,15
DA:15,17
LF:15
LH:15
BRDA:1,0,0,283
BRDA:1,1,0,17
BRDA:2,2,0,15
BRDA:2,3,0,2
BRDA:14,4,0,15
BRF:5
BRH:5
end_of_record
TN:
SF:backend\src\api\middleware\schedule-edit-role-guard.js
FN:3,scheduleEditRoleGuard
FNF:1
FNH:1
FNDA:92,scheduleEditRoleGuard
DA:1,280
DA:2,280
DA:3,280
DA:4,92
DA:5,92
LF:5
LH:5
BRDA:1,0,0,280
BRDA:3,1,0,92
BRF:2
BRH:2
end_of_record
TN:
SF:backend\src\api\middleware\schedule-role-guard.js
FN:1,scheduleRoleGuard
FNF:1
FNH:1
FNDA:156,scheduleRoleGuard
DA:1,281
DA:2,156
DA:3,7
DA:4,7
DA:5,156
DA:6,5
DA:7,5
DA:8,144
DA:9,156
LF:9
LH:9
BRDA:1,0,0,281
BRDA:1,1,0,156
BRDA:2,2,0,149
BRDA:2,3,0,7
BRDA:5,4,0,149
BRDA:5,5,0,152
BRDA:5,6,0,5
BRDA:8,7,0,144
BRF:8
BRH:8
end_of_record
TN:
SF:backend\src\api\middleware\session_guard.js
FN:1,requireSession
FNF:1
FNH:1
FNDA:3,requireSession
DA:1,275
DA:2,3
DA:3,3
DA:4,1
DA:5,1
DA:6,1
DA:7,1
DA:8,1
DA:9,1
DA:10,1
DA:11,1
DA:12,2
DA:13,3
LF:13
LH:13
BRDA:1,0,0,275
BRDA:1,1,0,3
BRDA:3,2,0,1
BRDA:12,3,0,2
BRF:4
BRH:4
end_of_record
TN:
SF:backend\src\api\payments\get-payment-status-controller.js
FN:3,createGetPaymentStatusController
FN:5,get
FNF:2
FNH:2
FNDA:276,createGetPaymentStatusController
FNDA:14,get
DA:1,278
DA:2,278
DA:3,278
DA:4,276
DA:5,276
DA:6,14
DA:7,14
DA:8,1
DA:9,1
DA:10,14
DA:11,14
DA:12,14
DA:13,2
DA:14,2
DA:15,11
DA:16,11
DA:17,11
DA:18,11
DA:19,11
DA:20,14
DA:21,14
DA:22,14
DA:23,14
DA:24,14
DA:25,276
DA:26,276
LF:26
LH:26
BRDA:1,0,0,278
BRDA:3,1,0,276
BRDA:5,2,0,14
BRDA:6,3,0,13
BRDA:7,4,0,1
BRDA:10,5,0,13
BRDA:12,6,0,12
BRDA:12,7,0,2
BRDA:15,8,0,11
BRDA:20,9,0,5
BRDA:21,10,0,1
BRF:11
BRH:11
end_of_record
TN:
SF:backend\src\api\payments\payment-error-mapper.js
FN:1,mapPaymentError
FNF:1
FNH:1
FNDA:14,mapPaymentError
DA:1,279
DA:2,14
DA:3,14
DA:4,14
DA:5,14
DA:6,14
DA:7,14
DA:8,14
DA:9,14
DA:10,14
LF:10
LH:10
BRDA:1,0,0,279
BRDA:1,1,0,14
BRF:2
BRH:2
end_of_record
TN:
SF:backend\src\api\payments\payment-outcome-feedback-mapper.js
FN:1,mapGatewayOutcome
FNF:1
FNH:1
FNDA:11,mapGatewayOutcome
DA:1,277
DA:2,11
DA:3,9
DA:4,9
DA:5,5
DA:6,2
DA:7,11
LF:7
LH:7
BRDA:1,0,0,277
BRDA:1,1,0,11
BRDA:2,2,0,2
BRDA:3,3,0,10
BRDA:3,4,0,9
BRDA:3,5,0,7
BRDA:3,6,0,3
BRDA:4,7,0,6
BRDA:4,8,0,3
BRDA:5,9,0,5
BRDA:5,10,0,3
BRDA:5,11,0,1
BRDA:6,12,0,2
BRF:13
BRH:13
end_of_record
TN:
SF:backend\src\api\payments\post-gateway-confirm-controller.js
FN:11,createPostGatewayConfirmController
FN:13,post
FNF:2
FNH:2
FNDA:280,createPostGatewayConfirmController
FNDA:44,post
DA:1,277
DA:2,277
DA:3,277
DA:4,277
DA:5,277
DA:6,277
DA:7,277
DA:8,277
DA:9,277
DA:10,277
DA:11,277
DA:12,280
DA:13,280
DA:14,44
DA:15,44
DA:16,2
DA:17,2
DA:18,42
DA:19,42
DA:20,43
DA:21,1
DA:22,1
DA:23,41
DA:24,41
DA:25,41
DA:26,41
DA:27,41
DA:28,41
DA:29,41
DA:30,43
DA:31,1
DA:32,1
DA:33,40
DA:34,43
DA:35,1
DA:36,1
DA:37,39
DA:38,39
DA:39,43
DA:40,1
DA:41,1
DA:42,38
DA:43,43
DA:44,28
DA:45,1
DA:46,1
DA:47,27
DA:48,27
DA:49,27
DA:50,27
DA:51,27
DA:52,27
DA:53,27
DA:54,27
DA:55,27
DA:56,27
DA:57,27
DA:58,27
DA:59,27
DA:60,27
DA:61,27
DA:62,27
DA:63,27
DA:64,27
DA:65,27
DA:66,28
DA:67,28
DA:68,28
DA:69,28
DA:70,28
DA:71,28
DA:72,28
DA:73,28
DA:74,28
DA:75,28
DA:76,28
DA:77,28
DA:78,2
DA:79,2
DA:80,2
DA:81,2
DA:82,2
DA:83,2
DA:84,2
DA:85,2
DA:86,2
DA:87,28
DA:88,10
DA:89,17
DA:90,3
DA:91,3
DA:92,3
DA:93,3
DA:94,3
DA:95,3
DA:96,3
DA:97,3
DA:98,3
DA:99,3
DA:100,3
DA:101,3
DA:102,7
DA:103,7
DA:104,7
DA:105,7
DA:106,7
DA:107,7
DA:108,44
DA:109,44
DA:110,44
DA:111,44
DA:112,44
DA:113,44
DA:114,44
DA:115,44
DA:116,44
DA:117,44
DA:118,44
DA:119,280
DA:120,280
LF:120
LH:120
BRDA:1,0,0,277
BRDA:11,1,0,280
BRDA:13,2,0,44
BRDA:14,3,0,1
BRDA:15,4,0,42
BRDA:15,5,0,42
BRDA:15,6,0,42
BRDA:15,7,0,2
BRDA:18,8,0,43
BRDA:18,9,0,42
BRDA:20,10,0,1
BRDA:23,11,0,41
BRDA:30,12,0,1
BRDA:33,13,0,40
BRDA:34,14,0,1
BRDA:37,15,0,39
BRDA:39,16,0,1
BRDA:42,17,0,38
BRDA:43,18,0,28
BRDA:44,19,0,27
BRDA:44,20,0,1
BRDA:66,21,0,25
BRDA:77,22,0,2
BRDA:88,23,0,17
BRDA:88,24,0,10
BRDA:89,25,0,9
BRDA:89,26,0,3
BRDA:102,27,0,7
BRF:28
BRH:28
end_of_record
TN:
SF:backend\src\api\payments\post-payment-initiate-controller.js
FN:4,createPostPaymentInitiateController
FN:6,post
FNF:2
FNH:2
FNDA:274,createPostPaymentInitiateController
FNDA:37,post
DA:1,276
DA:2,276
DA:3,276
DA:4,276
DA:5,274
DA:6,274
DA:7,37
DA:8,37
DA:9,1
DA:10,1
DA:11,36
DA:12,37
DA:13,37
DA:14,37
DA:15,37
DA:16,1
DA:17,1
DA:18,35
DA:19,35
DA:20,35
DA:21,35
DA:22,35
DA:23,35
DA:24,35
DA:25,35
DA:26,35
DA:27,35
DA:28,37
DA:29,37
DA:30,37
DA:31,37
DA:32,37
DA:33,37
DA:34,37
DA:35,37
DA:36,37
DA:37,37
DA:38,37
DA:39,37
DA:40,37
DA:41,274
DA:42,274
LF:42
LH:42
BRDA:1,0,0,276
BRDA:4,1,0,274
BRDA:6,2,0,37
BRDA:7,3,0,36
BRDA:8,4,0,1
BRDA:11,5,0,36
BRDA:13,6,0,36
BRDA:15,7,0,35
BRDA:15,8,0,1
BRF:9
BRH:9
end_of_record
TN:
SF:backend\src\api\payments\routes.js
FN:5,createPaymentRoutes
FNF:1
FNH:1
FNDA:273,createPaymentRoutes
DA:1,275
DA:2,275
DA:3,275
DA:4,275
DA:5,275
DA:6,273
DA:7,273
DA:8,273
DA:9,273
DA:10,273
DA:11,273
DA:12,273
DA:13,273
DA:14,273
DA:15,273
LF:15
LH:15
BRDA:1,0,0,275
BRDA:5,1,0,273
BRF:2
BRH:2
end_of_record
TN:
SF:backend\src\api\public-announcements\get-public-announcement-detail-controller.js
FN:8,createGetPublicAnnouncementDetailController
FN:10,get
FNF:2
FNH:2
FNDA:274,createGetPublicAnnouncementDetailController
FNDA:26,get
DA:1,276
DA:2,276
DA:3,276
DA:4,276
DA:5,276
DA:6,276
DA:7,276
DA:8,276
DA:9,274
DA:10,274
DA:11,26
DA:12,26
DA:13,26
DA:14,26
DA:15,2
DA:16,2
DA:17,2
DA:18,26
DA:19,26
DA:20,26
DA:21,26
DA:22,26
DA:23,26
DA:24,1
DA:25,1
DA:26,1
DA:27,26
DA:28,274
DA:29,274
LF:29
LH:29
BRDA:1,0,0,276
BRDA:8,1,0,274
BRDA:10,2,0,26
BRDA:14,3,0,25
BRDA:14,4,0,25
BRDA:14,5,0,25
BRDA:14,6,0,2
BRDA:18,7,0,23
BRDA:23,8,0,1
BRF:9
BRH:9
end_of_record
TN:
SF:backend\src\api\public-announcements\get-public-announcements-list-controller.js
FN:10,createGetPublicAnnouncementsListController
FN:12,get
FNF:2
FNH:2
FNDA:273,createGetPublicAnnouncementsListController
FNDA:33,get
DA:1,275
DA:2,275
DA:3,275
DA:4,275
DA:5,275
DA:6,275
DA:7,275
DA:8,275
DA:9,275
DA:10,275
DA:11,273
DA:12,273
DA:13,33
DA:14,33
DA:15,33
DA:16,33
DA:17,2
DA:18,2
DA:19,2
DA:20,29
DA:21,33
DA:22,33
DA:23,33
DA:24,33
DA:25,33
DA:26,33
DA:27,2
DA:28,2
DA:29,2
DA:30,33
DA:31,273
DA:32,273
LF:32
LH:32
BRDA:1,0,0,275
BRDA:10,1,0,273
BRDA:12,2,0,33
BRDA:16,3,0,32
BRDA:16,4,0,2
BRDA:20,5,0,29
BRDA:26,6,0,2
BRF:7
BRH:7
end_of_record
TN:
SF:backend\src\api\public-announcements\public-announcements-error-mapper.js
FN:1,mapPublicAnnouncementsError
FNF:1
FNH:1
FNDA:5,mapPublicAnnouncementsError
DA:1,276
DA:2,5
DA:3,5
LF:3
LH:3
BRDA:1,0,0,276
BRDA:1,1,0,5
BRF:2
BRH:2
end_of_record
TN:
SF:backend\src\api\public-announcements\routes.js
FN:4,createPublicAnnouncementRoutes
FNF:1
FNH:1
FNDA:273,createPublicAnnouncementRoutes
DA:1,275
DA:2,275
DA:3,275
DA:4,275
DA:5,273
DA:6,273
DA:7,273
DA:8,273
DA:9,273
DA:10,273
DA:11,273
LF:11
LH:11
BRDA:1,0,0,275
BRDA:4,1,0,273
BRF:2
BRH:2
end_of_record
TN:
SF:backend\src\api\public-pricing\get-registration-prices-controller.js
FN:6,createGetRegistrationPricesController
FN:8,get
FNF:2
FNH:2
FNDA:273,createGetRegistrationPricesController
FNDA:44,get
DA:1,275
DA:2,275
DA:3,275
DA:4,275
DA:5,275
DA:6,275
DA:7,273
DA:8,273
DA:9,44
DA:10,44
DA:11,4
DA:12,4
DA:13,4
DA:14,40
DA:15,40
DA:16,44
DA:17,44
DA:18,44
DA:19,273
DA:20,273
LF:20
LH:20
BRDA:1,0,0,275
BRDA:6,1,0,273
BRDA:8,2,0,44
BRDA:10,3,0,43
BRDA:10,4,0,4
BRDA:14,5,0,40
BRF:6
BRH:6
end_of_record
TN:
SF:backend\src\api\public-pricing\public-pricing-error-mapper.js
FN:1,mapPublicPricingError
FNF:1
FNH:1
FNDA:1,mapPublicPricingError
DA:1,1
DA:2,1
DA:3,1
LF:3
LH:3
BRDA:1,0,0,1
BRDA:1,1,0,1
BRF:2
BRH:2
end_of_record
TN:
SF:backend\src\api\public-pricing\public-pricing-response-mapper.js
FN:1,mapPublicPricingResponse
FNF:1
FNH:1
FNDA:40,mapPublicPricingResponse
DA:1,275
DA:2,40
DA:3,40
DA:4,40
DA:5,40
DA:6,40
DA:7,612
DA:8,612
DA:9,612
DA:10,612
DA:11,612
DA:12,40
DA:13,40
DA:14,40
LF:14
LH:14
BRDA:1,0,0,275
BRDA:1,1,0,40
BRDA:6,2,0,612
BRF:3
BRH:3
end_of_record
TN:
SF:backend\src\api\public-pricing\routes.js
FN:3,createPublicPricingRoutes
FNF:1
FNH:1
FNDA:273,createPublicPricingRoutes
DA:1,275
DA:2,275
DA:3,275
DA:4,273
DA:5,273
DA:6,273
DA:7,273
DA:8,273
LF:8
LH:8
BRDA:1,0,0,275
BRDA:3,1,0,273
BRF:2
BRH:2
end_of_record
TN:
SF:backend\src\api\public-schedule\get-public-schedule-controller.js
FN:3,createGetPublicScheduleController
FN:5,get
FNF:2
FNH:2
FNDA:273,createGetPublicScheduleController
FNDA:7,get
DA:1,275
DA:2,275
DA:3,275
DA:4,273
DA:5,273
DA:6,273
DA:7,273
LF:7
LH:7
BRDA:1,0,0,275
BRDA:3,1,0,273
BRDA:5,2,0,7
BRF:3
BRH:3
end_of_record
TN:
SF:backend\src\api\public-schedule\get-public-schedule-entry-controller.js
FN:5,createGetPublicScheduleEntryController
FN:7,get
FNF:2
FNH:2
FNDA:273,createGetPublicScheduleEntryController
FNDA:5,get
DA:1,275
DA:2,275
DA:3,275
DA:4,275
DA:5,275
DA:6,273
DA:7,273
DA:8,5
DA:9,5
DA:10,5
DA:11,5
DA:12,5
DA:13,5
DA:14,3
DA:15,3
DA:16,2
DA:17,5
DA:18,273
DA:19,273
LF:19
LH:19
BRDA:1,0,0,275
BRDA:5,1,0,273
BRDA:7,2,0,5
BRDA:13,3,0,3
BRDA:16,4,0,2
BRF:5
BRH:5
end_of_record
TN:
SF:backend\src\api\public-schedule\get-public-schedule-pdf-controller.js
FN:3,createGetPublicSchedulePdfController
FN:5,get
FNF:2
FNH:2
FNDA:273,createGetPublicSchedulePdfController
FNDA:34,get
DA:1,275
DA:2,275
DA:3,275
DA:4,273
DA:5,273
DA:6,34
DA:7,34
DA:8,34
DA:9,273
DA:10,273
LF:10
LH:10
BRDA:1,0,0,275
BRDA:3,1,0,273
BRDA:5,2,0,34
BRDA:6,3,0,32
BRDA:6,4,0,16
BRDA:6,5,0,18
BRF:6
BRH:6
end_of_record
TN:
SF:backend\src\api\public-schedule\public-schedule-detail-response-mapper.js
FN:1,mapPublicScheduleDetailResponse
FNF:1
FNH:1
FNDA:3,mapPublicScheduleDetailResponse
DA:1,275
DA:2,3
DA:3,3
LF:3
LH:3
BRDA:1,0,0,275
BRDA:1,1,0,3
BRF:2
BRH:2
end_of_record
TN:
SF:backend\src\api\public-schedule\public-schedule-error-mapper.js
FN:1,mapPublicScheduleError
FNF:1
FNH:1
FNDA:1,mapPublicScheduleError
DA:1,1
DA:2,1
DA:3,1
LF:3
LH:3
BRDA:1,0,0,1
BRDA:1,1,0,1
BRF:2
BRH:2
end_of_record
TN:
SF:backend\src\api\public-schedule\routes.js
FN:5,createPublicScheduleRoutes
FNF:1
FNH:1
FNDA:273,createPublicScheduleRoutes
DA:1,275
DA:2,275
DA:3,275
DA:4,275
DA:5,275
DA:6,273
DA:7,273
DA:8,273
DA:9,273
DA:10,273
DA:11,273
DA:12,273
DA:13,273
DA:14,273
DA:15,273
LF:15
LH:15
BRDA:1,0,0,275
BRDA:5,1,0,273
BRF:2
BRH:2
end_of_record
TN:
SF:backend\src\api\review-view\get-completed-review-detail-controller.js
FN:4,createGetCompletedReviewDetailController
FN:6,get
FNF:2
FNH:2
FNDA:276,createGetCompletedReviewDetailController
FNDA:9,get
DA:1,276
DA:2,276
DA:3,276
DA:4,276
DA:5,276
DA:6,276
DA:7,9
DA:8,1
DA:9,1
DA:10,8
DA:11,8
DA:12,9
DA:13,9
DA:14,9
DA:15,9
DA:16,4
DA:17,4
DA:18,4
DA:19,9
DA:20,276
DA:21,276
LF:21
LH:21
BRDA:1,0,0,276
BRDA:4,1,0,276
BRDA:6,2,0,9
BRDA:7,3,0,8
BRDA:7,4,0,8
BRDA:7,5,0,1
BRDA:10,6,0,8
BRDA:13,7,0,8
BRDA:15,8,0,4
BRF:9
BRH:9
end_of_record
TN:
SF:backend\src\api\review-view\get-completed-reviews-controller.js
FN:4,createGetCompletedReviewsController
FN:6,get
FNF:2
FNH:2
FNDA:274,createGetCompletedReviewsController
FNDA:36,get
DA:1,276
DA:2,276
DA:3,276
DA:4,276
DA:5,274
DA:6,274
DA:7,36
DA:8,1
DA:9,1
DA:10,35
DA:11,35
DA:12,35
DA:13,36
DA:14,36
DA:15,6
DA:16,6
DA:17,29
DA:18,36
DA:19,274
DA:20,274
LF:20
LH:20
BRDA:1,0,0,276
BRDA:4,1,0,274
BRDA:6,2,0,36
BRDA:7,3,0,35
BRDA:7,4,0,35
BRDA:7,5,0,1
BRDA:10,6,0,35
BRDA:14,7,0,35
BRDA:14,8,0,6
BRDA:17,9,0,29
BRF:10
BRH:10
end_of_record
TN:
SF:backend\src\api\review-view\review-view-authorization-error-mapper.js
FN:1,mapReviewViewAuthorizationError
FNF:1
FNH:1
FNDA:1,mapReviewViewAuthorizationError
DA:1,1
DA:2,1
DA:3,1
LF:3
LH:3
BRDA:1,0,0,1
BRDA:1,1,0,1
BRF:2
BRH:2
end_of_record
TN:
SF:backend\src\api\review-view\review-view-failure-mapper.js
FN:1,mapReviewViewFailure
FNF:1
FNH:1
FNDA:1,mapReviewViewFailure
DA:1,1
DA:2,1
DA:3,1
LF:3
LH:3
BRDA:1,0,0,1
BRDA:1,1,0,1
BRF:2
BRH:2
end_of_record
TN:
SF:backend\src\api\review-view\routes.js
FN:4,createReviewViewRoutes
FNF:1
FNH:1
FNDA:273,createReviewViewRoutes
DA:1,275
DA:2,275
DA:3,275
DA:4,275
DA:5,273
DA:6,273
DA:7,273
DA:8,273
DA:9,273
DA:10,273
DA:11,273
LF:11
LH:11
BRDA:1,0,0,275
BRDA:4,1,0,273
BRF:2
BRH:2
end_of_record
TN:
SF:backend\src\api\reviews\get-review-draft-controller.js
FN:1,createGetReviewDraftController
FN:3,get
FNF:2
FNH:2
FNDA:275,createGetReviewDraftController
FNDA:5,get
DA:1,276
DA:2,275
DA:3,275
DA:4,5
DA:5,1
DA:6,1
DA:7,5
DA:8,5
DA:9,5
DA:10,1
DA:11,1
DA:12,5
DA:13,1
DA:14,1
DA:15,1
DA:16,1
DA:17,1
DA:18,5
DA:19,5
DA:20,5
DA:21,5
DA:22,5
DA:23,5
DA:24,5
DA:25,5
DA:26,5
DA:27,5
DA:28,5
DA:29,275
DA:30,275
LF:30
LH:30
BRDA:1,0,0,276
BRDA:1,1,0,275
BRDA:3,2,0,5
BRDA:4,3,0,4
BRDA:4,4,0,4
BRDA:4,5,0,1
BRDA:7,6,0,4
BRDA:9,7,0,4
BRDA:9,8,0,1
BRDA:12,9,0,3
BRDA:12,10,0,1
BRF:11
BRH:11
end_of_record
TN:
SF:backend\src\api\reviews\get-submitted-review-controller.js
FN:4,createGetSubmittedReviewController
FN:6,get
FNF:2
FNH:2
FNDA:274,createGetSubmittedReviewController
FNDA:8,get
DA:1,276
DA:2,276
DA:3,276
DA:4,276
DA:5,274
DA:6,274
DA:7,8
DA:8,1
DA:9,1
DA:10,8
DA:11,8
DA:12,8
DA:13,1
DA:14,1
DA:15,8
DA:16,3
DA:17,3
DA:18,1
DA:19,1
DA:20,3
DA:21,8
DA:22,2
DA:23,2
DA:24,1
DA:25,1
DA:26,2
DA:27,4
DA:28,4
DA:29,4
DA:30,4
DA:31,8
DA:32,274
DA:33,274
LF:33
LH:33
BRDA:1,0,0,276
BRDA:4,1,0,274
BRDA:6,2,0,8
BRDA:7,3,0,7
BRDA:7,4,0,1
BRDA:10,5,0,7
BRDA:12,6,0,1
BRDA:15,7,0,6
BRDA:15,8,0,3
BRDA:17,9,0,1
BRDA:21,10,0,5
BRDA:21,11,0,2
BRDA:23,12,0,1
BRDA:27,13,0,4
BRF:14
BRH:14
end_of_record
TN:
SF:backend\src\api\reviews\post-submit-review-controller.js
FN:4,createPostSubmitReviewController
FN:6,post
FNF:2
FNH:2
FNDA:276,createPostSubmitReviewController
FNDA:19,post
DA:1,277
DA:2,277
DA:3,277
DA:4,277
DA:5,276
DA:6,276
DA:7,19
DA:8,1
DA:9,1
DA:10,19
DA:11,19
DA:12,19
DA:13,1
DA:14,1
DA:15,17
DA:16,17
DA:17,17
DA:18,17
DA:19,19
DA:20,19
DA:21,19
DA:22,19
DA:23,19
DA:24,19
DA:25,3
DA:26,3
DA:27,3
DA:28,3
DA:29,3
DA:30,3
DA:31,3
DA:32,14
DA:33,19
DA:34,276
DA:35,276
LF:35
LH:35
BRDA:1,0,0,277
BRDA:4,1,0,276
BRDA:6,2,0,19
BRDA:7,3,0,18
BRDA:7,4,0,18
BRDA:7,5,0,1
BRDA:10,6,0,18
BRDA:11,7,0,18
BRDA:12,8,0,1
BRDA:15,9,0,17
BRDA:19,10,0,1
BRDA:20,11,0,17
BRDA:20,12,0,1
BRDA:21,13,0,17
BRDA:21,14,0,15
BRDA:24,15,0,16
BRDA:24,16,0,3
BRDA:32,17,0,14
BRF:18
BRH:18
end_of_record
TN:
SF:backend\src\api\reviews\review-validation-error-mapper.js
FN:1,mapReviewValidationErrors
FNF:1
FNH:1
FNDA:3,mapReviewValidationErrors
DA:1,277
DA:2,3
DA:3,3
DA:4,3
DA:5,3
DA:6,3
DA:7,3
DA:8,3
DA:9,3
DA:10,3
LF:10
LH:10
BRDA:1,0,0,277
BRDA:1,1,0,3
BRF:2
BRH:2
end_of_record
TN:
SF:backend\src\api\reviews\routes.js
FN:5,createReviewRoutes
FNF:1
FNH:1
FNDA:273,createReviewRoutes
DA:1,275
DA:2,275
DA:3,275
DA:4,275
DA:5,275
DA:6,273
DA:7,273
DA:8,273
DA:9,273
DA:10,273
DA:11,273
DA:12,273
DA:13,273
DA:14,273
LF:14
LH:14
BRDA:1,0,0,275
BRDA:5,1,0,273
BRF:2
BRH:2
end_of_record
TN:
SF:backend\src\api\schedule\conflict-highlight-mapper.js
FN:1,mapConflictHighlight
FNF:1
FNH:1
FNDA:5,mapConflictHighlight
DA:1,276
DA:2,5
DA:3,5
DA:4,5
DA:5,5
DA:6,5
DA:7,5
LF:7
LH:7
BRDA:1,0,0,276
BRDA:1,1,0,5
BRDA:2,2,0,2
BRF:3
BRH:3
end_of_record
TN:
SF:backend\src\api\schedule\get-published-schedule-controller.js
FN:3,createGetPublishedScheduleController
FN:5,get
FNF:2
FNH:2
FNDA:274,createGetPublishedScheduleController
FNDA:6,get
DA:1,276
DA:2,276
DA:3,276
DA:4,274
DA:5,274
DA:6,6
DA:7,6
DA:8,5
DA:9,6
DA:10,6
DA:11,6
DA:12,2
DA:13,2
DA:14,3
DA:15,3
DA:16,3
DA:17,3
DA:18,3
DA:19,3
DA:20,3
DA:21,3
DA:22,3
DA:23,3
DA:24,6
DA:25,274
DA:26,274
LF:26
LH:26
BRDA:1,0,0,276
BRDA:3,1,0,274
BRDA:5,2,0,6
BRDA:7,3,0,1
BRDA:8,4,0,5
BRDA:11,5,0,5
BRDA:11,6,0,2
BRDA:14,7,0,3
BRF:8
BRH:8
end_of_record
TN:
SF:backend\src\api\schedule\post-generate-schedule-controller.js
FN:7,createPostGenerateScheduleController
FN:9,post
FNF:2
FNH:2
FNDA:277,createPostGenerateScheduleController
FNDA:45,post
DA:1,278
DA:2,278
DA:3,278
DA:4,278
DA:5,278
DA:6,278
DA:7,278
DA:8,277
DA:9,277
DA:10,45
DA:11,45
DA:12,43
DA:13,45
DA:14,45
DA:15,45
DA:16,45
DA:17,2
DA:18,2
DA:19,2
DA:20,41
DA:21,45
DA:22,45
DA:23,45
DA:24,45
DA:25,45
DA:26,45
DA:27,45
DA:28,45
DA:29,45
DA:30,45
DA:31,45
DA:32,45
DA:33,45
DA:34,45
DA:35,45
DA:36,1
DA:37,1
DA:38,1
DA:39,45
DA:40,45
DA:41,45
DA:42,45
DA:43,45
DA:44,45
DA:45,45
DA:46,45
DA:47,45
DA:48,45
DA:49,45
DA:50,45
DA:51,277
DA:52,277
LF:52
LH:52
BRDA:1,0,0,278
BRDA:7,1,0,277
BRDA:9,2,0,45
BRDA:11,3,0,2
BRDA:12,4,0,43
BRDA:16,5,0,43
BRDA:16,6,0,2
BRDA:20,7,0,41
BRDA:21,8,0,40
BRDA:21,9,0,1
BRDA:26,10,0,36
BRDA:35,11,0,41
BRDA:35,12,0,1
BRDA:39,13,0,40
BRF:14
BRH:14
end_of_record
TN:
SF:backend\src\api\schedule\post-publish-schedule-controller.js
FN:4,createPostPublishScheduleController
FN:6,post
FNF:2
FNH:2
FNDA:274,createPostPublishScheduleController
FNDA:10,post
DA:1,276
DA:2,276
DA:3,276
DA:4,276
DA:5,274
DA:6,274
DA:7,10
DA:8,10
DA:9,8
DA:10,10
DA:11,2
DA:12,2
DA:13,6
DA:14,10
DA:15,10
DA:16,10
DA:17,10
DA:18,1
DA:19,1
DA:20,5
DA:21,5
DA:22,5
DA:23,2
DA:24,2
DA:25,3
DA:26,3
DA:27,3
DA:28,3
DA:29,3
DA:30,3
DA:31,10
DA:32,274
DA:33,274
LF:33
LH:33
BRDA:1,0,0,276
BRDA:4,1,0,274
BRDA:6,2,0,10
BRDA:8,3,0,8
BRDA:8,4,0,2
BRDA:10,5,0,7
BRDA:10,6,0,2
BRDA:13,7,0,6
BRDA:15,8,0,6
BRDA:17,9,0,5
BRDA:17,10,0,9
BRDA:17,11,0,1
BRDA:20,12,0,5
BRDA:22,13,0,2
BRDA:25,14,0,3
BRF:15
BRH:15
end_of_record
TN:
SF:backend\src\api\schedule\routes.js
FN:5,createScheduleRoutes
FNF:1
FNH:1
FNDA:273,createScheduleRoutes
DA:1,275
DA:2,275
DA:3,275
DA:4,275
DA:5,275
DA:6,273
DA:7,273
DA:8,273
DA:9,273
DA:10,273
DA:11,273
DA:12,273
DA:13,273
DA:14,273
DA:15,273
LF:15
LH:15
BRDA:1,0,0,275
BRDA:5,1,0,273
BRF:2
BRH:2
end_of_record
TN:
SF:backend\src\api\schedule\schedule-error-mapper.js
FN:1,mapScheduleError
FNF:1
FNH:1
FNDA:2,mapScheduleError
DA:1,1
DA:2,2
DA:3,1
DA:4,2
LF:4
LH:4
BRDA:1,0,0,1
BRDA:1,1,0,2
BRDA:2,2,0,1
BRDA:2,3,0,1
BRF:4
BRH:4
end_of_record
TN:
SF:backend\src\api\schedule-edit\get-editable-schedule-controller.js
FN:4,createGetEditableScheduleController
FN:6,get
FNF:2
FNH:2
FNDA:277,createGetEditableScheduleController
FNDA:36,get
DA:1,278
DA:2,278
DA:3,278
DA:4,278
DA:5,277
DA:6,277
DA:7,36
DA:8,36
DA:9,34
DA:10,36
DA:11,36
DA:12,36
DA:13,1
DA:14,1
DA:15,33
DA:16,36
DA:17,36
DA:18,36
DA:19,277
DA:20,277
LF:20
LH:20
BRDA:1,0,0,278
BRDA:4,1,0,277
BRDA:6,2,0,36
BRDA:8,3,0,34
BRDA:8,4,0,2
BRDA:12,5,0,33
BRDA:12,6,0,1
BRDA:16,7,0,2
BRF:8
BRH:8
end_of_record
TN:
SF:backend\src\api\schedule-edit\post-cancel-schedule-edit-controller.js
FN:3,createPostCancelScheduleEditController
FN:5,post
FNF:2
FNH:2
FNDA:274,createPostCancelScheduleEditController
FNDA:3,post
DA:1,276
DA:2,276
DA:3,276
DA:4,274
DA:5,274
DA:6,3
DA:7,3
DA:8,2
DA:9,3
DA:10,274
DA:11,274
LF:11
LH:11
BRDA:1,0,0,276
BRDA:3,1,0,274
BRDA:5,2,0,3
BRDA:7,3,0,2
BRDA:7,4,0,1
BRF:5
BRH:5
end_of_record
TN:
SF:backend\src\api\schedule-edit\post-save-schedule-controller.js
FN:11,createPostSaveScheduleController
FN:13,post
FNF:2
FNH:2
FNDA:279,createPostSaveScheduleController
FNDA:53,post
DA:1,278
DA:2,278
DA:3,278
DA:4,278
DA:5,278
DA:6,278
DA:7,278
DA:8,278
DA:9,278
DA:10,278
DA:11,278
DA:12,279
DA:13,279
DA:14,53
DA:15,53
DA:16,51
DA:17,53
DA:18,53
DA:19,53
DA:20,53
DA:21,48
DA:22,53
DA:23,53
DA:24,53
DA:25,53
DA:26,45
DA:27,45
DA:28,52
DA:29,44
DA:30,53
DA:31,53
DA:32,4
DA:33,4
DA:34,4
DA:35,40
DA:36,40
DA:37,40
DA:38,38
DA:39,38
DA:40,38
DA:41,38
DA:42,53
DA:43,53
DA:44,53
DA:45,279
DA:46,279
LF:46
LH:46
BRDA:1,0,0,278
BRDA:11,1,0,279
BRDA:13,2,0,53
BRDA:15,3,0,2
BRDA:16,4,0,51
BRDA:20,5,0,3
BRDA:21,6,0,52
BRDA:21,7,0,48
BRDA:22,8,0,2
BRDA:23,9,0,48
BRDA:25,10,0,52
BRDA:25,11,0,49
BRDA:25,12,0,3
BRDA:26,13,0,45
BRDA:28,14,0,1
BRDA:29,15,0,44
BRDA:31,16,0,52
BRDA:31,17,0,4
BRDA:35,18,0,47
BRDA:35,19,0,40
BRDA:37,20,0,2
BRDA:38,21,0,38
BRDA:42,22,0,37
BRF:23
BRH:23
end_of_record
TN:
SF:backend\src\api\schedule-edit\routes.js
FN:5,createScheduleEditRoutes
FNF:1
FNH:1
FNDA:273,createScheduleEditRoutes
DA:1,275
DA:2,275
DA:3,275
DA:4,275
DA:5,275
DA:6,273
DA:7,273
DA:8,273
DA:9,273
DA:10,273
DA:11,273
DA:12,273
DA:13,273
DA:14,273
DA:15,273
LF:15
LH:15
BRDA:1,0,0,275
BRDA:5,1,0,273
BRF:2
BRH:2
end_of_record
TN:
SF:backend\src\api\schedule-edit\schedule-edit-error-mapper.js
FN:1,mapScheduleEditError
FNF:1
FNH:1
FNDA:2,mapScheduleEditError
DA:1,278
DA:2,2
DA:3,2
LF:3
LH:3
BRDA:1,0,0,278
BRDA:1,1,0,2
BRF:2
BRH:2
end_of_record
TN:
SF:backend\src\api\schedule-edit\schedule-edit-response-mapper.js
FN:1,mapScheduleEditResponse
FNF:1
FNH:1
FNDA:71,mapScheduleEditResponse
DA:1,279
DA:2,71
DA:3,71
DA:4,71
DA:5,71
DA:6,71
DA:7,71
DA:8,71
DA:9,71
DA:10,71
DA:11,71
LF:11
LH:11
BRDA:1,0,0,279
BRDA:1,1,0,71
BRDA:6,2,0,7
BRF:3
BRH:3
end_of_record
TN:
SF:backend\src\api\schedule-edit\schedule-lock-feedback-mapper.js
FN:1,mapScheduleLockFeedback
FNF:1
FNH:1
FNDA:3,mapScheduleLockFeedback
DA:1,278
DA:2,3
DA:3,3
LF:3
LH:3
BRDA:1,0,0,278
BRDA:1,1,0,3
BRF:2
BRH:2
end_of_record
TN:
SF:backend\src\api\submissions\list-author-submissions-controller.js
FN:3,createListAuthorSubmissionsController
FN:5,listMine
FNF:2
FNH:2
FNDA:274,createListAuthorSubmissionsController
FNDA:6,listMine
DA:1,276
DA:2,276
DA:3,276
DA:4,274
DA:5,274
DA:6,6
DA:7,1
DA:8,1
DA:9,5
DA:10,5
DA:11,6
DA:12,274
DA:13,274
LF:13
LH:13
BRDA:1,0,0,276
BRDA:3,1,0,274
BRDA:5,2,0,6
BRDA:6,3,0,5
BRDA:6,4,0,5
BRDA:6,5,0,1
BRF:6
BRH:6
end_of_record
TN:
SF:backend\src\api\submissions\routes.js
FN:5,createSubmissionRoutes
FNF:1
FNH:1
FNDA:273,createSubmissionRoutes
DA:1,275
DA:2,275
DA:3,275
DA:4,275
DA:5,275
DA:6,273
DA:7,273
DA:8,273
DA:9,273
DA:10,273
DA:11,273
DA:12,273
DA:13,273
DA:14,273
DA:15,273
LF:15
LH:15
BRDA:1,0,0,275
BRDA:5,1,0,273
BRF:2
BRH:2
end_of_record
TN:
SF:backend\src\api\submissions\submission-controller.js
FN:3,createSubmissionController
FN:5,submit
FNF:2
FNH:2
FNDA:273,createSubmissionController
FNDA:10,submit
DA:1,275
DA:2,275
DA:3,275
DA:4,273
DA:5,273
DA:6,273
DA:7,273
LF:7
LH:7
BRDA:1,0,0,275
BRDA:3,1,0,273
BRDA:5,2,0,10
BRF:3
BRH:3
end_of_record
TN:
SF:backend\src\api\submissions\submission-error-mapper.js
FNF:0
FNH:0
DA:1,1
DA:2,1
DA:3,1
DA:4,1
DA:5,1
LF:5
LH:5
BRDA:1,0,0,1
BRF:1
BRH:1
end_of_record
TN:
SF:backend\src\api\submissions\submission-response-mapper.js
FNF:0
FNH:0
DA:1,1
LF:1
LH:1
BRDA:1,0,0,1
BRF:1
BRH:1
end_of_record
TN:
SF:backend\src\api\submissions\upload-status-controller.js
FN:4,createUploadStatusController
FN:6,reportStatus
FNF:2
FNH:2
FNDA:274,createUploadStatusController
FNDA:4,reportStatus
DA:1,276
DA:2,276
DA:3,276
DA:4,276
DA:5,274
DA:6,274
DA:7,4
DA:8,4
DA:9,4
DA:10,4
DA:11,1
DA:12,1
DA:13,3
DA:14,4
DA:15,4
DA:16,4
DA:17,274
DA:18,274
LF:18
LH:18
BRDA:1,0,0,276
BRDA:4,1,0,274
BRDA:6,2,0,4
BRDA:7,3,0,2
BRDA:7,4,0,2
BRDA:10,5,0,3
BRDA:10,6,0,3
BRDA:10,7,0,1
BRF:8
BRH:8
end_of_record
TN:
SF:backend\src\api\tickets\get-ticket-metadata-controller.js
FN:3,createGetTicketMetadataController
FN:5,get
FNF:2
FNH:2
FNDA:274,createGetTicketMetadataController
FNDA:7,get
DA:1,276
DA:2,276
DA:3,276
DA:4,274
DA:5,274
DA:6,7
DA:7,7
DA:8,1
DA:9,1
DA:10,7
DA:11,7
DA:12,7
DA:13,1
DA:14,1
DA:15,5
DA:16,7
DA:17,2
DA:18,2
DA:19,3
DA:20,3
DA:21,3
DA:22,3
DA:23,3
DA:24,3
DA:25,3
DA:26,3
DA:27,3
DA:28,7
DA:29,7
DA:30,7
DA:31,7
DA:32,274
DA:33,274
LF:33
LH:33
BRDA:1,0,0,276
BRDA:3,1,0,274
BRDA:5,2,0,7
BRDA:6,3,0,6
BRDA:7,4,0,1
BRDA:10,5,0,6
BRDA:12,6,0,6
BRDA:12,7,0,1
BRDA:15,8,0,5
BRDA:16,9,0,4
BRDA:16,10,0,2
BRDA:19,11,0,3
BRDA:28,12,0,2
BRF:13
BRH:13
end_of_record
TN:
SF:backend\src\api\tickets\get-ticket-pdf-controller.js
FN:4,createGetTicketPdfController
FN:6,get
FNF:2
FNH:2
FNDA:277,createGetTicketPdfController
FNDA:33,get
DA:1,276
DA:2,276
DA:3,276
DA:4,276
DA:5,277
DA:6,277
DA:7,33
DA:8,33
DA:9,1
DA:10,1
DA:11,33
DA:12,33
DA:13,33
DA:14,2
DA:15,2
DA:16,30
DA:17,30
DA:18,33
DA:19,1
DA:20,1
DA:21,26
DA:22,26
DA:23,26
DA:24,26
DA:25,26
DA:26,26
DA:27,26
DA:28,26
DA:29,33
DA:30,3
DA:31,2
DA:32,2
DA:33,2
DA:34,2
DA:35,2
DA:36,2
DA:37,1
DA:38,1
DA:39,33
DA:40,277
DA:41,277
LF:41
LH:41
BRDA:1,0,0,276
BRDA:4,1,0,277
BRDA:6,2,0,33
BRDA:7,3,0,32
BRDA:8,4,0,1
BRDA:11,5,0,32
BRDA:13,6,0,31
BRDA:13,7,0,2
BRDA:16,8,0,30
BRDA:18,9,0,26
BRDA:18,10,0,1
BRDA:29,11,0,3
BRDA:30,12,0,2
BRDA:37,13,0,1
BRF:14
BRH:14
end_of_record
TN:
SF:backend\src\api\tickets\post-issue-ticket-controller.js
FN:10,createPostIssueTicketController
FN:12,post
FNF:2
FNH:2
FNDA:275,createPostIssueTicketController
FNDA:38,post
DA:1,277
DA:2,277
DA:3,277
DA:4,277
DA:5,277
DA:6,277
DA:7,277
DA:8,277
DA:9,277
DA:10,277
DA:11,275
DA:12,275
DA:13,38
DA:14,38
DA:15,1
DA:16,1
DA:17,38
DA:18,38
DA:19,38
DA:20,2
DA:21,2
DA:22,35
DA:23,38
DA:24,1
DA:25,1
DA:26,1
DA:27,1
DA:28,1
DA:29,1
DA:30,1
DA:31,1
DA:32,1
DA:33,1
DA:34,1
DA:35,1
DA:36,34
DA:37,34
DA:38,3
DA:39,3
DA:40,3
DA:41,3
DA:42,31
DA:43,31
DA:44,31
DA:45,31
DA:46,31
DA:47,31
DA:48,31
DA:49,31
DA:50,31
DA:51,31
DA:52,31
DA:53,31
DA:54,31
DA:55,31
DA:56,31
DA:57,31
DA:58,31
DA:59,38
DA:60,38
DA:61,38
DA:62,38
DA:63,38
DA:64,38
DA:65,38
DA:66,38
DA:67,38
DA:68,38
DA:69,38
DA:70,38
DA:71,38
DA:72,38
DA:73,1
DA:74,1
DA:75,1
DA:76,1
DA:77,38
DA:78,275
DA:79,275
LF:79
LH:79
BRDA:1,0,0,277
BRDA:10,1,0,275
BRDA:12,2,0,38
BRDA:13,3,0,37
BRDA:14,4,0,1
BRDA:17,5,0,37
BRDA:19,6,0,36
BRDA:19,7,0,2
BRDA:22,8,0,35
BRDA:23,9,0,37
BRDA:23,10,0,1
BRDA:36,11,0,36
BRDA:36,12,0,34
BRDA:37,13,0,3
BRDA:42,14,0,31
BRDA:59,15,0,30
BRDA:72,16,0,1
BRF:17
BRH:17
end_of_record
TN:
SF:backend\src\api\tickets\routes.js
FN:5,createTicketRoutes
FNF:1
FNH:1
FNDA:273,createTicketRoutes
DA:1,275
DA:2,275
DA:3,275
DA:4,275
DA:5,275
DA:6,273
DA:7,273
DA:8,273
DA:9,273
DA:10,273
DA:11,273
DA:12,273
DA:13,273
DA:14,273
DA:15,273
LF:15
LH:15
BRDA:1,0,0,275
BRDA:5,1,0,273
BRF:2
BRH:2
end_of_record
TN:
SF:backend\src\api\tickets\ticket-delivery-outcome-mapper.js
FN:1,mapTicketDeliveryOutcome
FNF:1
FNH:1
FNDA:30,mapTicketDeliveryOutcome
DA:1,277
DA:2,30
DA:3,1
DA:4,1
DA:5,29
DA:6,30
LF:6
LH:6
BRDA:1,0,0,277
BRDA:1,1,0,30
BRDA:2,2,0,1
BRDA:5,3,0,29
BRF:4
BRH:4
end_of_record
TN:
SF:backend\src\api\tickets\ticket-error-mapper.js
FN:1,mapTicketError
FNF:1
FNH:1
FNDA:18,mapTicketError
DA:1,279
DA:2,18
DA:3,18
LF:3
LH:3
BRDA:1,0,0,279
BRDA:1,1,0,18
BRF:2
BRH:2
end_of_record
TN:
SF:backend\src\api\uploads\retry-upload-controller.js
FN:3,createRetryUploadController
FN:5,retryMode
FNF:2
FNH:2
FNDA:274,createRetryUploadController
FNDA:6,retryMode
DA:1,276
DA:2,276
DA:3,276
DA:4,274
DA:5,274
DA:6,6
DA:7,6
DA:8,6
DA:9,6
DA:10,1
DA:11,1
DA:12,5
DA:13,5
DA:14,5
DA:15,5
DA:16,5
DA:17,5
DA:18,6
DA:19,6
DA:20,6
DA:21,6
DA:22,6
DA:23,6
DA:24,6
DA:25,6
DA:26,6
DA:27,274
DA:28,274
LF:28
LH:28
BRDA:1,0,0,276
BRDA:3,1,0,274
BRDA:5,2,0,6
BRDA:6,3,0,4
BRDA:6,4,0,2
BRDA:9,5,0,5
BRDA:9,6,0,5
BRDA:9,7,0,1
BRF:8
BRH:8
end_of_record
TN:
SF:backend\src\api\uploads\routes.js
FN:4,createUploadRoutes
FNF:1
FNH:1
FNDA:273,createUploadRoutes
DA:1,275
DA:2,275
DA:3,275
DA:4,275
DA:5,273
DA:6,273
DA:7,273
DA:8,273
DA:9,273
DA:10,273
DA:11,273
LF:11
LH:11
BRDA:1,0,0,275
BRDA:4,1,0,273
BRF:2
BRH:2
end_of_record
TN:
SF:backend\src\api\uploads\upload-error-mapper.js
FN:1,mapUploadValidationError
FNF:1
FNH:1
FNDA:1,mapUploadValidationError
DA:1,1
DA:2,1
DA:3,1
DA:4,1
DA:5,1
DA:6,1
DA:7,1
DA:8,1
DA:9,1
DA:10,1
LF:10
LH:10
BRDA:1,0,0,1
BRDA:1,1,0,1
BRF:2
BRH:2
end_of_record
TN:
SF:backend\src\api\uploads\upload-manuscript-controller.js
FN:3,createUploadManuscriptController
FN:5,upload
FNF:2
FNH:2
FNDA:273,createUploadManuscriptController
FNDA:8,upload
DA:1,275
DA:2,275
DA:3,275
DA:4,273
DA:5,273
DA:6,273
DA:7,273
LF:7
LH:7
BRDA:1,0,0,275
BRDA:3,1,0,273
BRDA:5,2,0,8
BRF:3
BRH:3
end_of_record
TN:
SF:backend\src\api\uploads\upload-response-mapper.js
FN:1,mapUploadSuccess
FNF:1
FNH:1
FNDA:1,mapUploadSuccess
DA:1,1
DA:2,1
DA:3,1
DA:4,1
DA:5,1
DA:6,1
DA:7,1
DA:8,1
DA:9,1
DA:10,1
LF:10
LH:10
BRDA:1,0,0,1
BRDA:1,1,0,1
BRF:2
BRH:2
end_of_record
TN:
SF:backend\src\api\workload\assign-referee-controller.js
FN:5,createAssignRefereeController
FN:7,assign
FNF:2
FNH:2
FNDA:274,createAssignRefereeController
FNDA:43,assign
DA:1,276
DA:2,276
DA:3,276
DA:4,276
DA:5,276
DA:6,274
DA:7,274
DA:8,43
DA:9,1
DA:10,1
DA:11,1
DA:12,1
DA:13,1
DA:14,1
DA:15,1
DA:16,1
DA:17,42
DA:18,43
DA:19,43
DA:20,43
DA:21,43
DA:22,43
DA:23,43
DA:24,43
DA:25,5
DA:26,5
DA:27,42
DA:28,4
DA:29,4
DA:30,33
DA:31,43
DA:32,274
DA:33,274
LF:33
LH:33
BRDA:1,0,0,276
BRDA:5,1,0,274
BRDA:7,2,0,43
BRDA:8,3,0,42
BRDA:8,4,0,42
BRDA:8,5,0,1
BRDA:17,6,0,42
BRDA:19,7,0,42
BRDA:20,8,0,42
BRDA:21,9,0,42
BRDA:22,10,0,42
BRDA:24,11,0,38
BRDA:24,12,0,42
BRDA:24,13,0,41
BRDA:24,14,0,5
BRDA:27,15,0,37
BRDA:27,16,0,38
BRDA:27,17,0,4
BRDA:30,18,0,33
BRF:19
BRH:19
end_of_record
TN:
SF:backend\src\api\workload\get-workload-controller.js
FN:3,createGetWorkloadController
FN:5,get
FNF:2
FNH:2
FNDA:274,createGetWorkloadController
FNDA:8,get
DA:1,276
DA:2,276
DA:3,276
DA:4,274
DA:5,274
DA:6,8
DA:7,1
DA:8,1
DA:9,1
DA:10,1
DA:11,1
DA:12,8
DA:13,8
DA:14,8
DA:15,8
DA:16,8
DA:17,8
DA:18,8
DA:19,8
DA:20,8
DA:21,8
DA:22,8
DA:23,8
DA:24,8
DA:25,8
DA:26,8
DA:27,8
DA:28,8
DA:29,8
DA:30,1
DA:31,1
DA:32,1
DA:33,1
DA:34,1
DA:35,1
DA:36,1
DA:37,1
DA:38,8
DA:39,274
DA:40,274
LF:40
LH:40
BRDA:1,0,0,276
BRDA:3,1,0,274
BRDA:5,2,0,8
BRDA:6,3,0,7
BRDA:6,4,0,7
BRDA:6,5,0,7
BRDA:6,6,0,1
BRDA:16,7,0,6
BRDA:17,8,0,6
BRDA:29,9,0,1
BRF:10
BRH:10
end_of_record
TN:
SF:backend\src\api\workload\routes.js
FN:4,createWorkloadRoutes
FNF:1
FNH:1
FNDA:273,createWorkloadRoutes
DA:1,275
DA:2,275
DA:3,275
DA:4,275
DA:5,273
DA:6,273
DA:7,273
DA:8,273
DA:9,273
DA:10,273
DA:11,273
LF:11
LH:11
BRDA:1,0,0,275
BRDA:4,1,0,273
BRF:2
BRH:2
end_of_record
TN:
SF:backend\src\api\workload\workload-error-mapper.js
FN:1,mapWorkloadLimitError
FNF:1
FNH:1
FNDA:5,mapWorkloadLimitError
DA:1,276
DA:2,5
DA:3,1
DA:4,1
DA:5,1
DA:6,1
DA:7,1
DA:8,1
DA:9,1
DA:10,1
DA:11,4
DA:12,4
DA:13,4
DA:14,4
DA:15,4
DA:16,4
DA:17,4
DA:18,5
LF:18
LH:18
BRDA:1,0,0,276
BRDA:1,1,0,5
BRDA:2,2,0,1
BRDA:11,3,0,4
BRF:4
BRH:4
end_of_record
TN:
SF:backend\src\api\workload\workload-failure-response-mapper.js
FN:1,mapWorkloadFailure
FNF:1
FNH:1
FNDA:4,mapWorkloadFailure
DA:1,276
DA:2,4
DA:3,2
DA:4,2
DA:5,2
DA:6,2
DA:7,2
DA:8,2
DA:9,2
DA:10,2
DA:11,2
DA:12,2
DA:13,2
DA:14,2
DA:15,2
DA:16,2
DA:17,2
DA:18,4
LF:18
LH:18
BRDA:1,0,0,276
BRDA:1,1,0,4
BRDA:2,2,0,2
BRF:3
BRH:3
end_of_record
TN:
SF:backend\src\models\announcement-access-outcome.js
FN:1,asAnnouncementAccessOutcome
FNF:1
FNH:1
FNDA:7,asAnnouncementAccessOutcome
DA:1,276
DA:2,7
DA:3,7
LF:3
LH:3
BRDA:1,0,0,276
BRDA:1,1,0,7
BRF:2
BRH:2
end_of_record
TN:
SF:backend\src\models\announcement-detail-projection.js
FN:1,asAnnouncementDetailProjection
FNF:1
FNH:1
FNDA:23,asAnnouncementDetailProjection
DA:1,276
DA:2,23
DA:3,23
DA:4,23
DA:5,23
DA:6,23
DA:7,23
DA:8,23
LF:8
LH:8
BRDA:1,0,0,276
BRDA:1,1,0,23
BRF:2
BRH:2
end_of_record
TN:
SF:backend\src\models\announcement-list-projection.js
FN:1,asAnnouncementListProjection
FNF:1
FNH:1
FNDA:29,asAnnouncementListProjection
DA:1,275
DA:2,29
DA:3,29
DA:4,29
DA:5,51
DA:6,51
DA:7,51
DA:8,51
DA:9,29
DA:10,29
DA:11,29
LF:11
LH:11
BRDA:1,0,0,275
BRDA:1,1,0,29
BRDA:4,2,0,51
BRDA:7,3,0,50
BRF:4
BRH:4
end_of_record
TN:
SF:backend\src\models\announcement-store.js
FN:4,AnnouncementStore
FN:10,seedAnnouncements
FN:17,getAll
FN:27,getById
FN:37,markUnavailable
FN:43,failListOnce
FN:47,failDetailOnce
FNF:7
FNH:7
FNDA:275,AnnouncementStore
FNDA:13,seedAnnouncements
FNDA:35,getAll
FNDA:29,getById
FNDA:5,markUnavailable
FNDA:3,failListOnce
FNDA:2,failDetailOnce
DA:1,278
DA:2,278
DA:3,278
DA:4,278
DA:5,275
DA:6,275
DA:7,275
DA:8,275
DA:9,278
DA:10,278
DA:11,13
DA:12,16
DA:13,16
DA:14,16
DA:15,13
DA:16,278
DA:17,278
DA:18,35
DA:19,3
DA:20,3
DA:21,3
DA:22,3
DA:23,3
DA:24,32
DA:25,35
DA:26,278
DA:27,278
DA:28,29
DA:29,2
DA:30,2
DA:31,2
DA:32,2
DA:33,2
DA:34,29
DA:35,29
DA:36,278
DA:37,278
DA:38,5
DA:39,5
DA:40,4
DA:41,5
DA:42,278
DA:43,278
DA:44,3
DA:45,3
DA:46,278
DA:47,278
DA:48,2
DA:49,2
DA:50,278
LF:50
LH:50
BRDA:1,0,0,278
BRDA:4,1,0,275
BRDA:10,2,0,13
BRDA:11,3,0,16
BRDA:17,4,0,35
BRDA:18,5,0,33
BRDA:18,6,0,3
BRDA:24,7,0,32
BRDA:27,8,0,29
BRDA:28,9,0,2
BRDA:34,10,0,28
BRDA:34,11,0,27
BRDA:34,12,0,1
BRDA:37,13,0,5
BRDA:39,14,0,4
BRDA:39,15,0,1
BRDA:43,16,0,3
BRDA:47,17,0,2
BRF:18
BRH:18
end_of_record
TN:
SF:backend\src\models\anonymized-review-view.js
FN:1,asAnonymizedReviewView
FNF:1
FNH:1
FNDA:633,asAnonymizedReviewView
DA:1,280
DA:2,633
DA:3,633
DA:4,633
DA:5,633
DA:6,633
DA:7,633
DA:8,633
DA:9,633
DA:10,633
DA:11,633
DA:12,633
LF:12
LH:12
BRDA:1,0,0,280
BRDA:1,1,0,633
BRF:2
BRH:2
end_of_record
TN:
SF:backend\src\models\assigned-paper.js
FN:2,AssignedPaperRepository
FN:10,seedAssignment
FN:16,seedManuscript
FN:20,seedReviewForm
FN:24,listAssigned
FN:34,getManuscript
FN:44,getReviewForm
FN:54,failNextListRead
FN:58,failNextResourceRead
FNF:9
FNH:9
FNDA:274,AssignedPaperRepository
FNDA:7,seedAssignment
FNDA:5,seedManuscript
FNDA:3,seedReviewForm
FNDA:13,listAssigned
FNDA:5,getManuscript
FNDA:3,getReviewForm
FNDA:1,failNextListRead
FNDA:2,failNextResourceRead
DA:1,277
DA:2,277
DA:3,274
DA:4,274
DA:5,274
DA:6,274
DA:7,274
DA:8,274
DA:9,277
DA:10,277
DA:11,7
DA:12,7
DA:13,7
DA:14,7
DA:15,277
DA:16,277
DA:17,5
DA:18,5
DA:19,277
DA:20,277
DA:21,3
DA:22,3
DA:23,277
DA:24,277
DA:25,13
DA:26,1
DA:27,1
DA:28,1
DA:29,1
DA:30,1
DA:31,13
DA:32,13
DA:33,277
DA:34,277
DA:35,5
DA:36,1
DA:37,1
DA:38,1
DA:39,1
DA:40,1
DA:41,5
DA:42,5
DA:43,277
DA:44,277
DA:45,3
DA:46,1
DA:47,1
DA:48,1
DA:49,1
DA:50,1
DA:51,3
DA:52,3
DA:53,277
DA:54,277
DA:55,1
DA:56,1
DA:57,277
DA:58,277
DA:59,2
DA:60,2
DA:61,277
LF:61
LH:61
BRDA:1,0,0,277
BRDA:2,1,0,274
BRDA:10,2,0,7
BRDA:16,3,0,5
BRDA:20,4,0,3
BRDA:24,5,0,13
BRDA:25,6,0,1
BRDA:31,7,0,12
BRDA:31,8,0,5
BRDA:34,9,0,5
BRDA:35,10,0,1
BRDA:41,11,0,4
BRDA:41,12,0,2
BRDA:44,13,0,3
BRDA:45,14,0,1
BRDA:51,15,0,2
BRDA:51,16,0,1
BRDA:54,17,0,1
BRDA:58,18,0,2
BRF:19
BRH:19
end_of_record
TN:
SF:backend\src\models\assignment-set.js
FN:1,validateAssignmentSet
FNF:1
FNH:1
FNDA:41,validateAssignmentSet
DA:1,279
DA:2,41
DA:3,41
DA:4,41
DA:5,3
DA:6,3
DA:7,3
DA:8,3
DA:9,3
DA:10,3
DA:11,41
DA:12,1
DA:13,1
DA:14,1
DA:15,1
DA:16,1
DA:17,1
DA:18,41
DA:19,1
DA:20,1
DA:21,1
DA:22,1
DA:23,1
DA:24,1
DA:25,41
DA:26,41
LF:26
LH:26
BRDA:1,0,0,279
BRDA:1,1,0,41
BRDA:2,2,0,40
BRDA:2,3,0,1
BRDA:4,4,0,3
BRDA:11,5,0,1
BRDA:18,6,0,1
BRF:7
BRH:7
end_of_record
TN:
SF:backend\src\models\assignment-transaction-result.js
FN:1,assignmentTransactionSuccess
FN:10,assignmentTransactionFailure
FNF:2
FNH:2
FNDA:31,assignmentTransactionSuccess
FNDA:5,assignmentTransactionFailure
DA:1,279
DA:2,31
DA:3,31
DA:4,31
DA:5,31
DA:6,31
DA:7,31
DA:8,31
DA:9,279
DA:10,279
DA:11,5
DA:12,5
DA:13,5
DA:14,5
DA:15,5
DA:16,5
LF:16
LH:16
BRDA:1,0,0,279
BRDA:1,1,0,31
BRDA:10,2,0,5
BRF:3
BRH:3
end_of_record
TN:
SF:backend\src\models\completed-review-record.js
FN:1,asCompletedReviewRecord
FNF:1
FNH:1
FNDA:638,asCompletedReviewRecord
DA:1,281
DA:2,638
DA:3,635
DA:4,635
DA:5,635
DA:6,638
DA:7,638
DA:8,638
DA:9,638
DA:10,638
DA:11,638
DA:12,638
DA:13,638
LF:13
LH:13
BRDA:1,0,0,281
BRDA:1,1,0,638
BRDA:2,2,0,637
BRDA:2,3,0,636
BRDA:2,4,0,3
BRDA:3,5,0,635
BRDA:6,6,0,634
BRDA:6,7,0,1
BRF:8
BRH:8
end_of_record
TN:
SF:backend\src\models\conference-schedule-state.js
FN:1,toConferenceScheduleState
FNF:1
FNH:1
FNDA:1,toConferenceScheduleState
DA:1,1
DA:2,1
DA:3,1
DA:4,1
DA:5,1
DA:6,1
DA:7,1
DA:8,1
LF:8
LH:8
BRDA:1,0,0,1
BRDA:1,1,0,1
BRF:2
BRH:2
end_of_record
TN:
SF:backend\src\models\conflict-record.js
FN:1,createConflictRecord
FNF:1
FNH:1
FNDA:2,createConflictRecord
DA:1,278
DA:2,2
DA:3,2
LF:3
LH:3
BRDA:1,0,0,278
BRDA:1,1,0,2
BRF:2
BRH:2
end_of_record
TN:
SF:backend\src\models\conflict-validation-result.js
FN:1,asConflictValidationResult
FNF:1
FNH:1
FNDA:45,asConflictValidationResult
DA:1,279
DA:2,45
DA:3,45
LF:3
LH:3
BRDA:1,0,0,279
BRDA:1,1,0,45
BRF:2
BRH:2
end_of_record
TN:
SF:backend\src\models\credential_repository.js
FN:4,CredentialRepository
FN:9,getUserByEmail
FN:15,updatePasswordHash
FNF:3
FNH:3
FNDA:273,CredentialRepository
FNDA:30,getUserByEmail
FNDA:10,updatePasswordHash
DA:1,276
DA:2,276
DA:3,276
DA:4,276
DA:5,273
DA:6,273
DA:7,273
DA:8,276
DA:9,276
DA:10,30
DA:11,30
DA:12,30
DA:13,30
DA:14,276
DA:15,276
DA:16,10
DA:17,2
DA:18,2
DA:19,2
DA:20,8
DA:21,8
DA:22,7
DA:23,7
DA:24,7
DA:25,10
DA:26,276
LF:26
LH:26
BRDA:1,0,0,276
BRDA:4,1,0,273
BRDA:9,2,0,30
BRDA:15,3,0,10
BRDA:16,4,0,2
BRDA:20,5,0,8
BRDA:21,6,0,1
BRDA:22,7,0,7
BRF:8
BRH:8
end_of_record
TN:
SF:backend\src\models\credential_store_repository.js
FN:4,CredentialStoreRepository
FN:9,setUnavailable
FN:13,findByEmail
FNF:3
FNH:3
FNDA:272,CredentialStoreRepository
FNDA:2,setUnavailable
FNDA:41,findByEmail
DA:1,275
DA:2,275
DA:3,275
DA:4,275
DA:5,272
DA:6,272
DA:7,272
DA:8,275
DA:9,275
DA:10,2
DA:11,2
DA:12,275
DA:13,275
DA:14,41
DA:15,2
DA:16,2
DA:17,39
DA:18,39
DA:19,41
DA:20,275
LF:20
LH:20
BRDA:1,0,0,275
BRDA:4,1,0,272
BRDA:9,2,0,2
BRDA:13,3,0,41
BRDA:14,4,0,2
BRDA:17,5,0,39
BRF:6
BRH:6
end_of_record
TN:
SF:backend\src\models\decision-record.js
FN:4,PaperDecisionRepository
FN:11,seedPaper
FN:39,getPaper
FN:49,getDecision
FN:59,createDecision
FN:87,failNextDecisionSave
FN:91,failNextDecisionRead
FNF:7
FNH:7
FNDA:274,PaperDecisionRepository
FNDA:53,seedPaper
FNDA:211,getPaper
FNDA:75,getDecision
FNDA:46,createDecision
FNDA:1,failNextDecisionSave
FNDA:3,failNextDecisionRead
DA:1,277
DA:2,277
DA:3,277
DA:4,277
DA:5,274
DA:6,274
DA:7,274
DA:8,274
DA:9,274
DA:10,277
DA:11,277
DA:12,53
DA:13,53
DA:14,53
DA:15,53
DA:16,53
DA:17,53
DA:18,53
DA:19,53
DA:20,53
DA:21,53
DA:22,53
DA:23,53
DA:24,53
DA:25,53
DA:26,53
DA:27,53
DA:28,53
DA:29,53
DA:30,53
DA:31,53
DA:32,53
DA:33,53
DA:34,53
DA:35,53
DA:36,53
DA:37,53
DA:38,277
DA:39,277
DA:40,211
DA:41,2
DA:42,2
DA:43,2
DA:44,2
DA:45,2
DA:46,211
DA:47,211
DA:48,277
DA:49,277
DA:50,75
DA:51,1
DA:52,1
DA:53,1
DA:54,1
DA:55,1
DA:56,75
DA:57,75
DA:58,277
DA:59,277
DA:60,46
DA:61,1
DA:62,1
DA:63,1
DA:64,1
DA:65,1
DA:66,45
DA:67,45
DA:68,45
DA:69,1
DA:70,1
DA:71,1
DA:72,1
DA:73,44
DA:74,44
DA:75,44
DA:76,44
DA:77,44
DA:78,44
DA:79,44
DA:80,44
DA:81,44
DA:82,44
DA:83,46
DA:84,46
DA:85,46
DA:86,277
DA:87,277
DA:88,1
DA:89,1
DA:90,277
DA:91,277
DA:92,3
DA:93,3
DA:94,277
LF:94
LH:94
BRDA:1,0,0,277
BRDA:4,1,0,274
BRDA:11,2,0,53
BRDA:39,3,0,211
BRDA:40,4,0,210
BRDA:40,5,0,2
BRDA:46,6,0,209
BRDA:46,7,0,2
BRDA:49,8,0,75
BRDA:50,9,0,1
BRDA:56,10,0,74
BRDA:56,11,0,11
BRDA:59,12,0,46
BRDA:60,13,0,1
BRDA:66,14,0,45
BRDA:68,15,0,1
BRDA:73,16,0,44
BRDA:83,17,0,36
BRDA:83,18,0,8
BRDA:87,19,0,1
BRDA:91,20,0,3
BRF:21
BRH:21
end_of_record
TN:
SF:backend\src\models\decision-state.js
FN:7,isFinalDecision
FNF:1
FNH:1
FNDA:67,isFinalDecision
DA:1,278
DA:2,278
DA:3,278
DA:4,278
DA:5,278
DA:6,278
DA:7,278
DA:8,67
DA:9,67
LF:9
LH:9
BRDA:1,0,0,278
BRDA:7,1,0,67
BRDA:8,2,0,8
BRF:3
BRH:3
end_of_record
TN:
SF:backend\src\models\draft-field-state.js
FN:3,stableStringify
FN:14,computeEditableStateHash
FNF:2
FNH:2
FNDA:65,stableStringify
FNDA:29,computeEditableStateHash
DA:1,282
DA:2,282
DA:3,65
DA:4,65
DA:5,36
DA:6,36
DA:7,65
DA:8,1
DA:9,1
DA:10,28
DA:11,28
DA:12,65
DA:13,282
DA:14,282
DA:15,29
DA:16,29
LF:16
LH:16
BRDA:1,0,0,282
BRDA:3,1,0,65
BRDA:4,2,0,56
BRDA:4,3,0,36
BRDA:7,4,0,29
BRDA:7,5,0,1
BRDA:10,6,0,28
BRDA:8,7,0,2
BRDA:11,8,0,34
BRDA:14,9,0,29
BRDA:15,10,0,1
BRF:11
BRH:11
end_of_record
TN:
SF:backend\src\models\file-attachment-record.js
FN:2,FileAttachmentRecordRepository
FN:6,get
FN:10,setAttached
FN:23,setUnattached
FNF:4
FNH:4
FNDA:273,FileAttachmentRecordRepository
FNDA:7,get
FNDA:4,setAttached
FNDA:5,setUnattached
DA:1,276
DA:2,276
DA:3,273
DA:4,273
DA:5,276
DA:6,276
DA:7,7
DA:8,7
DA:9,276
DA:10,276
DA:11,4
DA:12,4
DA:13,4
DA:14,4
DA:15,4
DA:16,4
DA:17,4
DA:18,4
DA:19,4
DA:20,4
DA:21,4
DA:22,276
DA:23,276
DA:24,5
DA:25,5
DA:26,276
LF:26
LH:26
BRDA:1,0,0,276
BRDA:2,1,0,273
BRDA:6,2,0,7
BRDA:7,3,0,1
BRDA:10,4,0,4
BRDA:23,5,0,5
BRF:6
BRH:6
end_of_record
TN:
SF:backend\src\models\form_definition_repository.js
FN:8,email
FN:9,age
FN:16,validate
FN:23,getFormDefinition
FNF:4
FNH:4
FNDA:16,email
FNDA:16,age
FNDA:16,validate
FNDA:21,getFormDefinition
DA:1,288
DA:2,288
DA:3,288
DA:4,288
DA:5,288
DA:6,288
DA:7,288
DA:8,288
DA:9,288
DA:10,288
DA:11,288
DA:12,288
DA:13,288
DA:14,288
DA:15,288
DA:16,288
DA:17,288
DA:18,288
DA:19,288
DA:20,288
DA:21,288
DA:22,288
DA:23,288
DA:24,21
DA:25,21
LF:25
LH:25
BRDA:1,0,0,288
BRDA:8,1,0,16
BRDA:8,2,0,1
BRDA:9,3,0,16
BRDA:9,4,0,15
BRDA:16,5,0,16
BRDA:16,6,0,15
BRDA:23,7,0,21
BRDA:24,8,0,4
BRF:9
BRH:9
end_of_record
TN:
SF:backend\src\models\form_submission_repository.js
FN:4,FormSubmissionRepository
FN:9,recordValidationResult
FN:17,getRecord
FN:21,saveRecord
FNF:4
FNH:4
FNDA:279,FormSubmissionRepository
FNDA:12,recordValidationResult
FNDA:9,getRecord
FNDA:9,saveRecord
DA:1,283
DA:2,283
DA:3,283
DA:4,283
DA:5,279
DA:6,279
DA:7,279
DA:8,283
DA:9,283
DA:10,12
DA:11,12
DA:12,12
DA:13,12
DA:14,12
DA:15,12
DA:16,283
DA:17,283
DA:18,9
DA:19,9
DA:20,283
DA:21,283
DA:22,9
DA:23,9
DA:24,9
DA:25,9
DA:26,9
DA:27,9
DA:28,9
DA:29,283
LF:29
LH:29
BRDA:1,0,0,283
BRDA:4,1,0,279
BRDA:9,2,0,12
BRDA:17,3,0,9
BRDA:18,4,0,3
BRDA:21,5,0,9
BRF:6
BRH:6
end_of_record
TN:
SF:backend\src\models\gateway-confirmation-event.js
FN:5,asGatewayConfirmationEvent
FNF:1
FNH:1
FNDA:43,asGatewayConfirmationEvent
DA:1,278
DA:2,278
DA:3,278
DA:4,278
DA:5,278
DA:6,43
DA:7,2
DA:8,2
DA:9,41
DA:10,43
DA:11,43
DA:12,43
DA:13,43
DA:14,43
DA:15,43
DA:16,43
LF:16
LH:16
BRDA:1,0,0,278
BRDA:5,1,0,43
BRDA:6,2,0,42
BRDA:6,3,0,2
BRDA:9,4,0,41
BRDA:13,5,0,41
BRF:6
BRH:6
end_of_record
TN:
SF:backend\src\models\invitation-response.js
FN:4,InvitationResponseRepository
FN:8,add
FN:25,getByInvitation
FN:29,remove
FNF:4
FNH:4
FNDA:273,InvitationResponseRepository
FNDA:40,add
FNDA:2,getByInvitation
FNDA:1,remove
DA:1,276
DA:2,276
DA:3,276
DA:4,276
DA:5,273
DA:6,273
DA:7,276
DA:8,276
DA:9,40
DA:10,1
DA:11,1
DA:12,1
DA:13,1
DA:14,39
DA:15,39
DA:16,39
DA:17,39
DA:18,39
DA:19,39
DA:20,39
DA:21,39
DA:22,39
DA:23,40
DA:24,276
DA:25,276
DA:26,2
DA:27,2
DA:28,276
DA:29,276
DA:30,1
DA:31,1
DA:32,276
LF:32
LH:32
BRDA:1,0,0,276
BRDA:4,1,0,273
BRDA:8,2,0,40
BRDA:9,3,0,39
BRDA:9,4,0,1
BRDA:25,5,0,2
BRDA:26,6,0,1
BRDA:29,7,0,1
BRF:8
BRH:8
end_of_record
TN:
SF:backend\src\models\lockout_state_repository.js
FN:4,LockoutStateRepository
FN:8,getState
FN:13,setState
FNF:3
FNH:3
FNDA:274,LockoutStateRepository
FNDA:71,getState
FNDA:49,setState
DA:1,276
DA:2,276
DA:3,276
DA:4,276
DA:5,274
DA:6,274
DA:7,276
DA:8,276
DA:9,71
DA:10,71
DA:11,71
DA:12,276
DA:13,276
DA:14,49
DA:15,49
DA:16,49
DA:17,49
DA:18,276
LF:18
LH:18
BRDA:1,0,0,276
BRDA:4,1,0,274
BRDA:8,2,0,71
BRDA:10,3,0,35
BRDA:13,4,0,49
BRF:5
BRH:5
end_of_record
TN:
SF:backend\src\models\login_attempt_repository.js
FN:4,LoginAttemptRepository
FN:8,addAttempt
FNF:2
FNH:2
FNDA:272,LoginAttemptRepository
FNDA:40,addAttempt
DA:1,275
DA:2,275
DA:3,275
DA:4,275
DA:5,272
DA:6,272
DA:7,275
DA:8,275
DA:9,40
DA:10,40
DA:11,40
DA:12,40
DA:13,40
DA:14,40
DA:15,275
LF:15
LH:15
BRDA:1,0,0,275
BRDA:4,1,0,272
BRDA:8,2,0,40
BRF:3
BRH:3
end_of_record
TN:
SF:backend\src\models\manuscript-file.js
FN:11,validateManuscriptFile
FNF:1
FNH:1
FNDA:17,validateManuscriptFile
DA:1,280
DA:2,280
DA:3,280
DA:4,280
DA:5,280
DA:6,280
DA:7,280
DA:8,280
DA:9,280
DA:10,280
DA:11,280
DA:12,17
DA:13,17
DA:14,4
DA:15,4
DA:16,4
DA:17,17
DA:18,3
DA:19,3
DA:20,17
DA:21,1
DA:22,1
DA:23,13
DA:24,17
LF:24
LH:24
BRDA:1,0,0,280
BRDA:11,1,0,17
BRDA:13,2,0,15
BRDA:13,3,0,4
BRDA:17,4,0,13
BRDA:17,5,0,16
BRDA:17,6,0,3
BRDA:20,7,0,13
BRDA:20,8,0,1
BRDA:20,9,0,16
BRDA:20,10,0,1
BRDA:23,11,0,13
BRF:12
BRH:12
end_of_record
TN:
SF:backend\src\models\manuscript-view-resource.js
FN:1,asViewOnlyManuscript
FNF:1
FNH:1
FNDA:5,asViewOnlyManuscript
DA:1,278
DA:2,5
DA:3,4
DA:4,4
DA:5,4
DA:6,4
DA:7,4
DA:8,5
LF:8
LH:8
BRDA:1,0,0,278
BRDA:1,1,0,5
BRDA:2,2,0,4
BRDA:2,3,0,1
BRF:4
BRH:4
end_of_record
TN:
SF:backend\src\models\paper-assignment-attempt.js
FN:4,PaperAssignmentAttemptRepository
FN:8,add
FNF:2
FNH:2
FNDA:272,PaperAssignmentAttemptRepository
FNDA:42,add
DA:1,275
DA:2,275
DA:3,275
DA:4,275
DA:5,272
DA:6,272
DA:7,275
DA:8,275
DA:9,42
DA:10,42
DA:11,42
DA:12,42
DA:13,42
DA:14,42
DA:15,42
DA:16,42
DA:17,275
LF:17
LH:17
BRDA:1,0,0,275
BRDA:4,1,0,272
BRDA:8,2,0,42
BRF:3
BRH:3
end_of_record
TN:
SF:backend\src\models\paper-decision-eligibility.js
FN:1,evaluateDecisionEligibility
FNF:1
FNH:1
FNDA:20,evaluateDecisionEligibility
DA:1,279
DA:2,20
DA:3,20
DA:4,20
DA:5,20
DA:6,3
DA:7,3
DA:8,20
DA:9,1
DA:10,1
DA:11,13
DA:12,20
LF:12
LH:12
BRDA:1,0,0,279
BRDA:1,1,0,20
BRDA:2,2,0,1
BRDA:3,3,0,19
BRDA:3,4,0,18
BRDA:3,5,0,1
BRDA:4,6,0,19
BRDA:4,7,0,1
BRDA:5,8,0,17
BRDA:5,9,0,15
BRDA:5,10,0,18
BRDA:5,11,0,3
BRDA:8,12,0,16
BRDA:8,13,0,14
BRDA:8,14,0,11
BRDA:8,15,0,17
BRDA:8,16,0,1
BRDA:11,17,0,13
BRF:18
BRH:18
end_of_record
TN:
SF:backend\src\models\paper-decision-repository.js
FN:2,PaperDecisionViewRepository
FN:6,getPaperForAuthor
FN:13,getDecisionForPaper
FNF:3
FNH:3
FNDA:548,PaperDecisionViewRepository
FNDA:71,getPaperForAuthor
FNDA:66,getDecisionForPaper
DA:1,276
DA:2,276
DA:3,548
DA:4,548
DA:5,276
DA:6,276
DA:7,71
DA:8,71
DA:9,71
DA:10,71
DA:11,71
DA:12,276
DA:13,276
DA:14,66
DA:15,66
DA:16,276
LF:16
LH:16
BRDA:1,0,0,276
BRDA:2,1,0,548
BRDA:6,2,0,71
BRDA:8,3,0,70
BRDA:8,4,0,1
BRDA:9,5,0,68
BRDA:10,6,0,66
BRDA:10,7,0,2
BRDA:13,8,0,66
BRF:9
BRH:9
end_of_record
TN:
SF:backend\src\models\paper-metadata.js
FN:1,normalizePhone
FN:13,normalizeMetadata
FN:25,validateMetadata
FNF:3
FNH:3
FNDA:20,normalizePhone
FNDA:21,normalizeMetadata
FNDA:20,validateMetadata
DA:1,20
DA:2,20
DA:3,15
DA:4,1
DA:5,1
DA:6,12
DA:7,20
DA:8,1
DA:9,1
DA:10,11
DA:11,20
DA:12,279
DA:13,279
DA:14,21
DA:15,21
DA:16,21
DA:17,21
DA:18,21
DA:19,21
DA:20,21
DA:21,21
DA:22,21
DA:23,21
DA:24,279
DA:25,279
DA:26,20
DA:27,20
DA:28,20
DA:29,20
DA:30,3
DA:31,18
DA:32,2
DA:33,2
DA:34,20
DA:35,20
DA:36,5
DA:37,5
DA:38,20
DA:39,4
DA:40,4
DA:41,20
DA:42,20
DA:43,20
DA:44,2
DA:45,2
DA:46,20
DA:47,20
DA:48,20
DA:49,20
DA:50,20
DA:51,20
LF:51
LH:51
BRDA:1,0,0,279
BRDA:1,1,0,20
BRDA:2,2,0,7
BRDA:3,3,0,15
BRDA:3,4,0,13
BRDA:3,5,0,1
BRDA:6,6,0,12
BRDA:7,7,0,11
BRDA:7,8,0,11
BRDA:7,9,0,1
BRDA:13,10,0,21
BRDA:15,11,0,3
BRDA:16,12,0,3
BRDA:17,13,0,3
BRDA:18,14,0,7
BRDA:19,15,0,3
BRDA:20,16,0,3
BRDA:21,17,0,3
BRDA:25,18,0,20
BRDA:27,19,0,5
BRDA:28,20,0,4
BRDA:29,21,0,18
[...]
DA:335,6
DA:336,6
DA:337,6
DA:338,6
DA:339,6
DA:340,6
DA:341,6
DA:342,6
DA:343,6
DA:344,6
DA:345,6
DA:346,6
DA:347,6
DA:348,6
DA:349,6
DA:350,6
DA:351,6
DA:352,6
DA:353,6
DA:354,6
DA:355,6
DA:356,6
DA:357,6
DA:358,6
DA:359,6
DA:360,6
DA:361,6
DA:362,6
DA:363,6
DA:364,6
DA:365,6
DA:366,6
DA:367,6
DA:368,6
DA:369,6
DA:370,6
DA:371,6
DA:372,6
DA:373,6
DA:374,6
DA:375,6
DA:376,6
DA:377,6
DA:378,6
DA:379,6
DA:380,6
DA:381,6
DA:382,6
DA:383,6
DA:384,6
DA:385,6
DA:386,6
DA:387,6
DA:388,6
DA:389,6
DA:390,6
DA:391,6
DA:392,6
DA:393,6
DA:394,6
DA:395,6
DA:396,6
DA:397,6
DA:398,6
DA:399,6
DA:400,6
DA:401,6
DA:402,6
DA:403,6
DA:404,6
DA:405,6
DA:406,6
DA:407,6
DA:408,6
DA:409,6
DA:410,6
DA:411,6
DA:412,6
DA:413,6
DA:414,6
DA:415,6
DA:416,6
DA:417,6
DA:418,6
DA:419,6
DA:420,6
DA:421,6
DA:422,6
DA:423,6
DA:424,6
DA:425,6
DA:426,6
DA:427,6
DA:428,6
DA:429,6
DA:430,6
DA:431,6
DA:432,6
DA:433,6
DA:434,6
DA:435,6
DA:436,6
DA:437,6
DA:438,6
DA:439,6
DA:440,6
DA:441,6
DA:442,6
DA:443,6
DA:444,6
DA:445,6
DA:446,6
DA:447,6
DA:448,6
DA:449,6
DA:450,6
DA:451,6
DA:452,6
DA:453,6
DA:454,6
DA:455,6
DA:456,6
DA:457,6
DA:458,6
DA:459,6
DA:460,6
DA:461,6
DA:462,6
DA:463,6
DA:464,6
DA:465,6
DA:466,6
DA:467,6
DA:468,6
DA:469,6
DA:470,6
DA:471,6
DA:472,6
DA:473,6
DA:474,6
DA:475,6
DA:476,6
DA:477,6
DA:478,6
DA:479,6
DA:480,6
DA:481,6
DA:482,6
DA:483,6
DA:484,6
DA:485,6
DA:486,6
DA:487,6
DA:488,6
DA:489,6
DA:490,6
DA:491,6
DA:492,6
DA:493,6
DA:494,6
DA:495,6
DA:496,6
DA:497,6
DA:498,6
DA:499,6
DA:500,6
DA:501,6
DA:502,6
DA:503,6
DA:504,6
DA:505,6
DA:506,6
DA:507,6
DA:508,6
DA:509,6
DA:510,6
DA:511,6
DA:512,6
DA:513,6
DA:514,6
DA:515,6
DA:516,6
DA:517,6
DA:518,6
DA:519,6
DA:520,6
DA:521,6
DA:522,6
DA:523,6
DA:524,6
DA:525,6
DA:526,6
DA:527,6
DA:528,6
DA:529,6
DA:530,6
DA:531,6
DA:532,6
DA:533,6
DA:534,6
DA:535,6
DA:536,6
DA:537,6
DA:538,6
DA:539,6
DA:540,6
DA:541,6
DA:542,6
DA:543,6
DA:544,6
DA:545,6
DA:546,6
DA:547,6
DA:548,6
DA:549,6
DA:550,6
DA:551,6
DA:552,6
DA:553,6
DA:554,6
DA:555,6
DA:556,6
DA:557,6
DA:558,6
DA:559,6
DA:560,6
DA:561,6
DA:562,6
DA:563,6
DA:564,6
DA:565,6
DA:566,6
DA:567,6
DA:568,6
DA:569,6
DA:570,6
DA:571,6
DA:572,6
DA:573,6
DA:574,6
DA:575,6
DA:576,6
DA:577,6
DA:578,6
DA:579,6
DA:580,6
DA:581,6
DA:582,6
DA:583,6
DA:584,6
DA:585,6
DA:586,6
DA:587,6
DA:588,6
DA:589,6
DA:590,6
DA:591,6
DA:592,6
DA:593,6
DA:594,6
DA:595,6
DA:596,6
DA:597,6
DA:598,6
DA:599,6
DA:600,6
DA:601,6
DA:602,6
DA:603,6
DA:604,6
DA:605,6
DA:606,6
DA:607,6
DA:608,6
DA:609,6
DA:610,6
DA:611,6
DA:612,6
DA:613,6
DA:614,6
DA:615,6
DA:616,6
DA:617,6
DA:618,6
DA:619,6
DA:620,6
DA:621,6
DA:622,6
DA:623,6
DA:624,6
DA:625,6
DA:626,6
DA:627,6
DA:628,6
DA:629,6
DA:630,6
DA:631,6
DA:632,6
DA:633,6
DA:634,6
DA:635,6
DA:636,6
DA:637,6
DA:638,6
DA:639,6
DA:640,6
DA:641,6
DA:642,6
DA:643,6
DA:644,6
DA:645,6
DA:646,6
DA:647,6
DA:648,6
DA:649,6
DA:650,6
DA:651,6
DA:652,6
DA:653,6
DA:654,6
DA:655,6
DA:656,6
DA:657,6
DA:658,6
DA:659,6
DA:660,6
DA:661,6
DA:662,6
DA:663,6
DA:664,6
DA:665,6
DA:666,6
DA:667,6
DA:668,6
DA:669,6
DA:670,6
DA:671,6
DA:672,6
DA:673,6
DA:674,6
DA:675,6
DA:676,6
DA:677,6
DA:678,6
DA:679,6
DA:680,6
DA:681,6
DA:682,6
DA:683,6
DA:684,6
DA:685,6
DA:686,6
DA:687,6
DA:688,6
DA:689,6
DA:690,6
DA:691,6
DA:692,6
DA:693,6
DA:694,6
DA:695,6
DA:696,6
DA:697,6
DA:698,6
DA:699,6
DA:700,6
DA:701,6
DA:702,6
DA:703,6
DA:704,6
DA:705,6
DA:706,6
DA:707,6
DA:708,6
DA:709,6
DA:710,6
DA:711,6
DA:712,6
DA:713,6
DA:714,6
DA:715,6
DA:716,6
DA:717,6
DA:718,6
DA:719,6
DA:720,6
DA:721,6
DA:722,6
DA:723,6
DA:724,6
DA:725,6
DA:726,6
DA:727,6
DA:728,6
DA:729,6
DA:730,6
DA:731,6
DA:732,6
DA:733,6
DA:734,6
DA:735,6
DA:736,6
DA:737,6
DA:738,6
DA:739,6
DA:740,6
DA:741,6
DA:742,6
DA:743,6
DA:744,6
DA:745,6
DA:746,6
DA:747,6
DA:748,6
DA:749,6
DA:750,6
DA:751,6
DA:752,6
DA:753,6
DA:754,6
DA:755,6
DA:756,6
DA:757,6
DA:758,6
DA:759,6
DA:760,6
DA:761,6
DA:762,6
DA:763,6
DA:764,6
DA:765,6
DA:766,6
DA:767,6
DA:768,6
DA:769,6
DA:770,6
DA:771,6
DA:772,6
DA:773,6
DA:774,6
DA:775,6
DA:776,6
DA:777,6
DA:778,6
DA:779,6
DA:780,6
DA:781,6
DA:782,6
DA:783,6
DA:784,6
DA:785,6
DA:786,6
DA:787,6
DA:788,6
DA:789,6
DA:790,6
DA:791,6
DA:792,6
DA:793,6
DA:794,6
DA:795,6
DA:796,6
DA:797,6
DA:798,6
DA:799,6
DA:800,6
DA:801,6
DA:802,6
DA:803,6
DA:804,6
DA:805,6
DA:806,6
DA:807,6
DA:808,6
DA:809,6
DA:810,6
DA:811,6
DA:812,6
DA:813,6
DA:814,6
DA:815,6
DA:816,6
DA:817,6
DA:818,6
DA:819,6
DA:820,6
DA:821,6
DA:822,6
DA:823,6
DA:824,6
DA:825,6
DA:826,6
DA:827,6
DA:828,6
DA:829,6
DA:830,6
DA:831,6
DA:832,6
DA:833,6
DA:834,6
DA:835,6
DA:836,6
DA:837,6
DA:838,6
DA:839,6
DA:840,6
DA:841,6
DA:842,6
DA:843,6
DA:844,6
DA:845,6
DA:846,6
DA:847,6
DA:848,6
DA:849,6
DA:850,6
DA:851,6
DA:852,6
DA:853,6
DA:854,6
DA:855,6
DA:856,6
DA:857,6
DA:858,6
DA:859,6
DA:860,6
DA:861,6
DA:862,6
DA:863,6
DA:864,6
DA:865,6
DA:866,6
DA:867,6
DA:868,6
DA:869,6
DA:870,6
DA:871,6
DA:872,6
DA:873,6
DA:874,6
DA:875,6
DA:876,6
DA:877,6
DA:878,6
DA:879,6
DA:880,6
DA:881,6
DA:882,6
DA:883,6
DA:884,6
DA:885,6
DA:886,6
DA:887,6
DA:888,6
DA:889,6
DA:890,6
DA:891,6
DA:892,6
DA:893,6
DA:894,6
DA:895,6
DA:896,6
DA:897,6
DA:898,6
DA:899,6
DA:900,6
DA:901,6
DA:902,6
DA:903,6
DA:904,6
DA:905,6
DA:906,6
DA:907,6
DA:908,6
DA:909,6
DA:910,6
DA:911,6
DA:912,6
DA:913,6
DA:914,6
DA:915,6
DA:916,6
DA:917,6
DA:918,6
DA:919,6
DA:920,6
DA:921,6
DA:922,6
DA:923,6
DA:924,6
DA:925,6
DA:926,6
DA:927,6
DA:928,6
DA:929,6
DA:930,6
DA:931,6
DA:932,6
DA:933,6
DA:934,6
DA:935,6
DA:936,6
DA:937,6
DA:938,6
DA:939,6
DA:940,6
DA:941,6
DA:942,6
DA:943,6
DA:944,6
DA:945,6
DA:946,6
DA:947,6
DA:948,6
DA:949,6
DA:950,6
DA:951,6
DA:952,6
DA:953,6
DA:954,6
DA:955,6
DA:956,6
DA:957,6
DA:958,6
DA:959,6
DA:960,6
DA:961,6
DA:962,6
DA:963,6
DA:964,6
DA:965,6
DA:966,6
DA:967,6
DA:968,6
DA:969,6
DA:970,6
DA:971,6
DA:972,6
DA:973,6
DA:974,6
DA:975,6
DA:976,6
DA:977,6
DA:978,6
DA:979,6
DA:980,6
DA:981,6
DA:982,6
DA:983,6
DA:984,6
DA:985,6
DA:986,6
DA:987,6
DA:988,6
DA:989,6
DA:990,6
DA:991,6
DA:992,6
DA:993,6
DA:994,6
DA:995,6
DA:996,6
DA:997,6
DA:998,6
DA:999,6
DA:1000,6
DA:1001,6
DA:1002,6
DA:1003,6
DA:1004,6
DA:1005,6
DA:1006,6
DA:1007,6
DA:1008,6
DA:1009,6
DA:1010,6
DA:1011,6
DA:1012,6
DA:1013,6
DA:1014,6
DA:1015,6
DA:1016,6
DA:1017,6
DA:1018,6
DA:1019,6
DA:1020,6
DA:1021,6
DA:1022,6
DA:1023,6
DA:1024,6
DA:1025,6
DA:1026,6
DA:1027,6
DA:1028,6
DA:1029,6
DA:1030,6
DA:1031,6
DA:1032,6
DA:1033,6
DA:1034,6
DA:1035,6
DA:1036,6
DA:1037,6
DA:1038,6
DA:1039,6
DA:1040,6
DA:1041,6
DA:1042,6
DA:1043,6
DA:1044,6
DA:1045,6
DA:1046,6
DA:1047,6
DA:1048,6
DA:1049,6
DA:1050,6
DA:1051,6
DA:1052,6
DA:1053,6
DA:1054,6
DA:1055,6
DA:1056,6
DA:1057,6
DA:1058,6
DA:1059,6
DA:1060,6
DA:1061,6
DA:1062,6
DA:1063,6
DA:1064,6
DA:1065,6
DA:1066,6
DA:1067,6
DA:1068,6
DA:1069,6
DA:1070,6
DA:1071,6
DA:1072,6
DA:1073,6
DA:1074,6
DA:1075,6
DA:1076,6
DA:1077,6
DA:1078,6
DA:1079,6
DA:1080,6
DA:1081,6
DA:1082,6
DA:1083,6
DA:1084,6
DA:1085,6
DA:1086,6
DA:1087,6
DA:1088,6
DA:1089,6
DA:1090,6
DA:1091,6
DA:1092,6
DA:1093,6
DA:1094,6
DA:1095,6
DA:1096,6
DA:1097,6
DA:1098,6
DA:1099,6
DA:1100,6
DA:1101,6
DA:1102,6
DA:1103,6
DA:1104,6
DA:1105,6
DA:1106,6
DA:1107,6
DA:1108,6
DA:1109,6
DA:1110,6
DA:1111,6
DA:1112,6
DA:1113,6
DA:1114,6
DA:1115,6
DA:1116,6
DA:1117,6
DA:1118,6
DA:1119,6
DA:1120,6
DA:1121,6
DA:1122,6
DA:1123,6
DA:1124,6
DA:1125,6
DA:1126,6
DA:1127,6
DA:1128,6
DA:1129,6
DA:1130,6
DA:1131,6
DA:1132,6
DA:1133,6
DA:1134,6
DA:1135,6
DA:1136,6
DA:1137,6
DA:1138,6
DA:1139,6
DA:1140,6
DA:1141,6
DA:1142,6
DA:1143,6
DA:1144,6
DA:1145,6
DA:1146,6
DA:1147,6
DA:1148,6
DA:1149,6
DA:1150,6
DA:1151,6
DA:1152,6
DA:1153,6
DA:1154,6
DA:1155,6
DA:1156,6
DA:1157,6
DA:1158,6
DA:1159,6
DA:1160,6
DA:1161,6
DA:1162,6
DA:1163,6
DA:1164,6
DA:1165,6
DA:1166,6
DA:1167,6
DA:1168,6
DA:1169,6
DA:1170,6
DA:1171,6
DA:1172,6
DA:1173,6
DA:1174,6
DA:1175,6
DA:1176,6
DA:1177,6
DA:1178,6
DA:1179,6
DA:1180,6
DA:1181,6
DA:1182,6
DA:1183,6
DA:1184,6
DA:1185,6
DA:1186,6
DA:1187,6
DA:1188,6
DA:1189,6
DA:1190,6
DA:1191,6
DA:1192,6
DA:1193,6
DA:1194,6
DA:1195,6
DA:1196,6
DA:1197,6
DA:1198,6
DA:1199,6
DA:1200,6
DA:1201,6
DA:1202,6
DA:1203,6
DA:1204,6
DA:1205,6
DA:1206,6
DA:1207,6
DA:1208,6
DA:1209,6
DA:1210,6
DA:1211,6
DA:1212,6
DA:1213,6
DA:1214,6
DA:1215,6
DA:1216,6
DA:1217,6
DA:1218,6
DA:1219,6
DA:1220,6
DA:1221,6
DA:1222,6
DA:1223,6
DA:1224,6
DA:1225,6
DA:1226,6
DA:1227,6
DA:1228,6
DA:1229,6
DA:1230,6
DA:1231,6
DA:1232,6
DA:1233,6
DA:1234,6
DA:1235,6
DA:1236,6
DA:1237,6
DA:1238,6
DA:1239,6
DA:1240,6
DA:1241,6
DA:1242,6
DA:1243,6
DA:1244,6
DA:1245,6
DA:1246,6
DA:1247,6
DA:1248,6
DA:1249,6
DA:1250,6
DA:1251,6
DA:1252,6
DA:1253,6
DA:1254,6
DA:1255,6
DA:1256,6
DA:1257,6
DA:1258,6
DA:1259,6
DA:1260,6
DA:1261,6
DA:1262,6
DA:1263,6
DA:1264,6
DA:1265,6
DA:1266,6
DA:1267,6
DA:1268,6
DA:1269,6
DA:1270,6
DA:1271,6
DA:1272,6
DA:1273,6
DA:1274,6
DA:1275,6
DA:1276,6
DA:1277,6
DA:1278,6
DA:1279,6
DA:1280,6
DA:1281,6
DA:1282,6
DA:1283,6
DA:1284,6
DA:1285,6
DA:1286,6
DA:1287,6
DA:1288,6
DA:1289,6
DA:1290,6
DA:1291,6
DA:1292,6
DA:1293,6
DA:1294,6
DA:1295,6
DA:1296,6
DA:1297,6
DA:1298,6
DA:1299,6
DA:1300,6
DA:1301,6
DA:1302,6
DA:1303,6
DA:1304,6
DA:1305,6
DA:1306,6
DA:1307,6
DA:1308,6
DA:1309,6
DA:1310,6
DA:1311,6
DA:1312,6
DA:1313,6
DA:1314,6
DA:1315,6
DA:1316,6
DA:1317,6
DA:1318,6
DA:1319,6
DA:1320,6
DA:1321,6
DA:1322,6
DA:1323,6
DA:1324,6
DA:1325,6
DA:1326,6
DA:1327,6
DA:1328,6
DA:1329,6
DA:1330,6
DA:1331,6
DA:1332,6
DA:1333,6
DA:1334,6
DA:1335,6
DA:1336,6
DA:1337,6
DA:1338,6
DA:1339,6
DA:1340,6
DA:1341,6
DA:1342,6
DA:1343,6
DA:1344,6
DA:1345,6
DA:1346,6
DA:1347,6
DA:1348,6
DA:1349,6
DA:1350,6
DA:1351,6
DA:1352,6
DA:1353,6
DA:1354,6
DA:1355,6
DA:1356,6
DA:1357,6
DA:1358,6
DA:1359,6
DA:1360,6
DA:1361,6
DA:1362,6
DA:1363,6
DA:1364,6
DA:1365,6
DA:1366,6
DA:1367,6
DA:1368,6
DA:1369,6
DA:1370,6
DA:1371,6
DA:1372,6
DA:1373,6
DA:1374,6
DA:1375,6
DA:1376,6
DA:1377,6
DA:1378,6
DA:1379,6
DA:1380,6
DA:1381,6
DA:1382,6
DA:1383,6
DA:1384,6
DA:1385,6
DA:1386,6
DA:1387,6
DA:1388,6
DA:1389,6
DA:1390,6
DA:1391,6
DA:1392,6
DA:1393,6
DA:1394,6
DA:1395,6
DA:1396,6
DA:1397,6
DA:1398,6
DA:1399,6
DA:1400,6
DA:1401,6
DA:1402,6
DA:1403,6
DA:1404,6
DA:1405,6
DA:1406,6
DA:1407,6
DA:1408,6
DA:1409,6
DA:1410,6
DA:1411,6
DA:1412,6
DA:1413,6
DA:1414,6
DA:1415,6
DA:1416,6
DA:1417,6
DA:1418,6
DA:1419,6
DA:1420,6
DA:1421,6
DA:1422,6
DA:1423,6
DA:1424,6
DA:1425,6
DA:1426,6
DA:1427,6
DA:1428,6
DA:1429,6
DA:1430,6
DA:1431,6
DA:1432,6
DA:1433,6
DA:1434,6
DA:1435,6
DA:1436,6
DA:1437,6
DA:1438,6
DA:1439,6
DA:1440,6
DA:1441,6
DA:1442,6
DA:1443,6
DA:1444,6
DA:1445,6
DA:1446,6
DA:1447,6
DA:1448,6
DA:1449,6
DA:1450,6
DA:1451,6
DA:1452,6
DA:1453,6
DA:1454,6
DA:1455,6
DA:1456,6
DA:1457,6
DA:1458,6
DA:1459,6
DA:1460,6
DA:1461,6
DA:1462,6
DA:1463,6
DA:1464,6
DA:1465,6
DA:1466,6
DA:1467,6
DA:1468,6
DA:1469,6
DA:1470,6
DA:1471,6
DA:1472,6
DA:1473,6
DA:1474,6
DA:1475,6
DA:1476,6
DA:1477,6
DA:1478,6
DA:1479,6
DA:1480,6
DA:1481,6
DA:1482,6
DA:1483,6
DA:1484,6
DA:1485,6
DA:1486,6
DA:1487,6
DA:1488,6
DA:1489,6
DA:1490,6
DA:1491,6
DA:1492,6
DA:1493,6
DA:1494,6
DA:1495,6
DA:1496,6
DA:1497,6
DA:1498,6
DA:1499,6
DA:1500,6
DA:1501,5
DA:1502,5
DA:1503,5
DA:1504,5
DA:1505,1
DA:1506,1
DA:1507,5
DA:1508,6
DA:1509,1364
DA:1510,1364
DA:1511,1364
DA:1512,1364
DA:1513,1364
DA:1514,1364
DA:1515,1364
DA:1516,1364
DA:1517,1364
DA:1518,6
DA:1519,7
DA:1520,7
DA:1521,7
DA:1522,3
DA:1523,7
DA:1524,7
DA:1525,7
DA:1526,7
DA:1527,7
DA:1528,6
DA:1529,1365
DA:1530,1365
DA:1531,1365
DA:1532,1364
DA:1533,1364
DA:1534,1364
DA:1535,1365
DA:1536,6
DA:1537,1364
DA:1538,1364
DA:1539,1364
DA:1540,1364
DA:1541,1364
DA:1542,1364
DA:1543,1364
DA:1544,1364
DA:1545,1364
DA:1546,6
DA:1547,1364
DA:1548,1364
DA:1549,1364
DA:1550,495
DA:1551,1364
DA:1552,1364
DA:1553,1364
DA:1554,6
DA:1555,604
DA:1556,604
DA:1557,604
DA:1558,421
DA:1559,604
DA:1560,6
DA:1561,1
DA:1562,1
DA:1563,1
DA:1564,1
DA:1565,6
DA:1566,1364
DA:1567,1364
DA:1568,1364
DA:1569,1364
DA:1570,1364
DA:1571,1364
DA:1572,84
DA:1573,1364
DA:1574,1364
DA:1575,1364
DA:1576,1364
DA:1577,1364
DA:1578,1364
DA:1579,1364
DA:1580,1364
DA:1581,1364
DA:1582,1362
DA:1583,1362
DA:1584,1362
DA:1585,1362
DA:1586,1362
DA:1587,1363
DA:1588,4
DA:1589,4
DA:1590,1362
DA:1591,1364
DA:1592,6
DA:1593,72
DA:1594,72
DA:1595,72
DA:1596,6
DA:1597,23
DA:1598,23
DA:1599,22
DA:1600,23
DA:1601,23
DA:1602,6
DA:1603,2
DA:1604,2
DA:1605,5
DA:1606,5
DA:1607,1
DA:1608,2
DA:1609,6
DA:1610,2
DA:1611,2
DA:1612,2
DA:1613,6
DA:1614,14
DA:1615,14
DA:1616,13
DA:1617,13
DA:1618,1
DA:1619,14
DA:1620,6
DA:1621,3
DA:1622,3
DA:1623,3
DA:1624,6
DA:1625,1
DA:1626,1
DA:1627,1
DA:1628,6
DA:1629,1288
DA:1630,1288
DA:1631,1288
DA:1632,1288
DA:1633,1288
DA:1634,6
DA:1635,5524
DA:1636,5524
DA:1637,506
DA:1638,506
DA:1639,506
DA:1640,1012
DA:1641,169
DA:1642,1012
DA:1643,337
DA:1644,337
DA:1645,5522
DA:1646,5524
DA:1647,1728
DA:1648,1728
DA:1649,4835
DA:1650,1728
DA:1651,1728
DA:1652,1728
DA:1653,3200
DA:1654,5524
DA:1655,6
DA:1656,6
DA:1657,6
DA:1658,5
DA:1659,5
DA:1660,5
DA:1661,6
DA:1662,6
DA:1663,1103
DA:1664,1103
DA:1665,1103
DA:1666,1103
DA:1667,287
DA:1668,287
DA:1669,287
DA:1670,1103
DA:1671,52
DA:1672,52
DA:1673,52
DA:1674,1103
DA:1675,180
DA:1676,180
DA:1677,180
DA:1678,1103
DA:1679,1
DA:1680,1
DA:1681,1
DA:1682,1103
DA:1683,33
DA:1684,33
DA:1685,33
DA:1686,1103
DA:1687,4
DA:1688,4
DA:1689,4
DA:1690,4
DA:1691,4
DA:1692,4
DA:1693,1103
DA:1694,4
DA:1695,4
DA:1696,3
DA:1697,3
DA:1698,3
DA:1699,4
DA:1700,1
DA:1701,1
DA:1702,1
DA:1703,4
DA:1704,1103
DA:1705,1103
DA:1706,6
DA:1707,516
DA:1708,516
DA:1709,516
DA:1710,516
DA:1711,516
DA:1712,516
DA:1713,513
DA:1714,513
DA:1715,513
DA:1716,513
DA:1717,513
DA:1718,513
DA:1719,513
DA:1720,514
DA:1721,516
DA:1722,588
DA:1723,588
DA:1724,588
DA:1725,588
DA:1726,588
DA:1727,588
DA:1728,588
DA:1729,588
DA:1730,588
DA:1731,588
DA:1732,588
DA:1733,588
DA:1734,588
DA:1735,514
DA:1736,516
DA:1737,390
DA:1738,390
DA:1739,514
DA:1740,514
DA:1741,516
DA:1742,6
DA:1743,919
DA:1744,919
DA:1745,919
DA:1746,6
DA:1747,943
DA:1748,943
DA:1749,943
DA:1750,943
DA:1751,6
DA:1752,943
DA:1753,943
DA:1754,943
DA:1755,943
DA:1756,701
DA:1757,943
DA:1758,6
DA:1759,161
DA:1760,161
DA:1761,161
DA:1762,161
DA:1763,144
DA:1764,144
DA:1765,161
DA:1766,161
DA:1767,161
DA:1768,161
DA:1769,161
DA:1770,1223
DA:1771,1223
DA:1772,283
DA:1773,283
DA:1774,283
DA:1775,940
DA:1776,940
DA:1777,940
DA:1778,1223
DA:1779,1223
DA:1780,1223
DA:1781,22
DA:1782,22
DA:1783,22
DA:1784,22
DA:1785,22
DA:1786,22
DA:1787,22
DA:1788,22
DA:1789,918
DA:1790,918
DA:1791,1223
DA:1792,1223
DA:1793,1223
DA:1794,1223
DA:1795,1223
DA:1796,1223
DA:1797,1223
DA:1798,1223
DA:1799,1223
DA:1800,144
DA:1801,144
DA:1802,161
DA:1803,286
DA:1804,286
DA:1805,144
DA:1806,161
DA:1807,6
DA:1808,157
DA:1809,157
DA:1810,157
DA:1811,157
DA:1812,157
DA:1813,157
DA:1814,157
DA:1815,6
DA:1816,6
DA:1817,6
DA:1818,604
DA:1819,604
DA:1820,52
DA:1821,48
DA:1822,48
DA:1823,48
DA:1824,604
DA:1825,30
DA:1826,24
DA:1827,24
DA:1828,24
DA:1829,604
DA:1830,512
DA:1831,510
DA:1832,510
DA:1833,510
DA:1834,10
DA:1835,10
DA:1836,604
DA:1837,604
DA:1838,604
DA:1839,6
DA:1840,157
DA:1841,157
DA:1842,157
DA:1843,157
DA:1844,157
DA:1845,157
DA:1846,157
DA:1847,157
DA:1848,157
DA:1849,157
DA:1850,157
DA:1851,157
DA:1852,157
DA:1853,157
DA:1854,157
DA:1855,157
DA:1856,157
DA:1857,157
DA:1858,157
DA:1859,157
DA:1860,157
DA:1861,157
DA:1862,1392
DA:1863,1392
DA:1864,1392
DA:1865,1392
DA:1866,1392
DA:1867,603
DA:1868,603
DA:1869,603
DA:1870,603
DA:1871,12
DA:1872,603
DA:1873,603
DA:1874,603
DA:1875,1392
DA:1876,1392
DA:1877,1392
DA:1878,157
DA:1879,157
DA:1880,157
DA:1881,157
DA:1882,157
DA:1883,6
DA:1884,8
DA:1885,8
DA:1886,8
DA:1887,8
DA:1888,8
DA:1889,177
DA:1890,177
DA:1891,177
DA:1892,156
DA:1893,156
DA:1894,8
DA:1895,6
DA:1896,6
DA:1897,6
DA:1898,6
DA:1899,6
DA:1900,6
DA:1901,6
DA:1902,6
DA:1903,6
DA:1904,6
DA:1905,6
DA:1906,6
DA:1907,6
DA:1908,6
DA:1909,6
DA:1910,6
DA:1911,6
DA:1912,6
DA:1913,6
DA:1914,6
DA:1915,6
DA:1916,6
DA:1917,6
DA:1918,6
DA:1919,6
DA:1920,6
DA:1921,6
DA:1922,6
DA:1923,6
DA:1924,6
DA:1925,6
DA:1926,6
DA:1927,6
DA:1928,6
DA:1929,6
DA:1930,6
DA:1931,6
DA:1932,6
LF:1932
LH:1932
BRDA:1,0,0,6
BRDA:1501,1,0,5
BRDA:1503,2,0,4
BRDA:1503,3,0,1
BRDA:1504,4,0,1
BRDA:1509,5,0,1364
BRDA:1519,6,0,7
BRDA:1521,7,0,4
BRDA:1522,8,0,3
BRDA:1523,9,0,2
BRDA:1524,10,0,2
BRDA:1525,11,0,2
BRDA:1526,12,0,2
BRDA:1529,13,0,1365
BRDA:1531,14,0,1
BRDA:1532,15,0,1364
BRDA:1537,16,0,1364
BRDA:1539,17,0,1158
BRDA:1543,18,0,869
BRDA:1547,19,0,1364
BRDA:1549,20,0,495
BRDA:1555,21,0,604
BRDA:1557,22,0,183
BRDA:1558,23,0,421
BRDA:1561,24,0,1
BRDA:1566,25,0,1364
BRDA:1574,26,0,76
BRDA:1574,27,0,1288
BRDA:1580,28,0,1158
BRDA:1580,29,0,1
BRDA:1580,30,0,206
BRDA:1582,31,0,1363
BRDA:1582,32,0,1362
BRDA:1587,33,0,4
BRDA:1590,34,0,1362
BRDA:1571,35,0,84
BRDA:1572,36,0,76
BRDA:1572,37,0,76
BRDA:1572,38,0,76
BRDA:1593,39,0,72
BRDA:1594,40,0,71
BRDA:1594,41,0,1
BRDA:1597,42,0,23
BRDA:1598,43,0,1
BRDA:1599,44,0,22
BRDA:1600,45,0,13
BRDA:1600,46,0,9
BRDA:1603,47,0,2
BRDA:1604,48,0,5
BRDA:1605,49,0,3
BRDA:1605,50,0,1
BRDA:1607,51,0,1
BRDA:1610,52,0,2
BRDA:1611,53,0,5
BRDA:1614,54,0,14
BRDA:1615,55,0,13
BRDA:1615,56,0,13
BRDA:1615,57,0,13
BRDA:1615,58,0,13
BRDA:1618,59,0,1
BRDA:1621,60,0,3
BRDA:1622,61,0,1
BRDA:1622,62,0,2
BRDA:1625,63,0,1
BRDA:1629,64,0,1288
BRDA:1630,65,0,624
BRDA:1630,66,0,664
BRDA:1631,67,0,709
BRDA:1631,68,0,579
BRDA:1632,69,0,4
BRDA:1632,70,0,1284
BRDA:1635,71,0,5524
BRDA:1636,72,0,3421
BRDA:1636,73,0,506
BRDA:1639,74,0,1012
BRDA:1640,75,0,844
BRDA:1640,76,0,843
BRDA:1641,77,0,169
BRDA:1643,78,0,337
BRDA:1645,79,0,5522
BRDA:1645,80,0,5018
BRDA:1645,81,0,90
BRDA:1646,82,0,4928
BRDA:1646,83,0,4784
BRDA:1646,84,0,5520
BRDA:1646,85,0,1728
BRDA:1653,86,0,3200
BRDA:1645,87,0,99
BRDA:1648,88,0,4835
BRDA:1656,89,0,6
BRDA:1657,90,0,5
BRDA:1657,91,0,1
BRDA:1660,92,0,6
BRDA:1660,93,0,5
BRDA:1660,94,0,4
BRDA:1660,95,0,2
BRDA:1663,96,0,1103
BRDA:1666,97,0,675
BRDA:1666,98,0,287
BRDA:1670,99,0,154
BRDA:1670,100,0,52
BRDA:1674,101,0,270
BRDA:1674,102,0,180
BRDA:1678,103,0,1
BRDA:1678,104,0,1
BRDA:1682,105,0,33
BRDA:1682,106,0,33
BRDA:1686,107,0,4
BRDA:1687,108,0,3
BRDA:1687,109,0,1
BRDA:1693,110,0,4
BRDA:1695,111,0,3
BRDA:1695,112,0,3
BRDA:1699,113,0,1
BRDA:1699,114,0,1
BRDA:1699,115,0,1
BRDA:1707,116,0,516
BRDA:1712,117,0,513
BRDA:1714,118,0,511
BRDA:1714,119,0,510
BRDA:1714,120,0,1
BRDA:1714,121,0,170
BRDA:1715,122,0,511
BRDA:1715,123,0,510
BRDA:1715,124,0,1
BRDA:1715,125,0,170
BRDA:1720,126,0,514
BRDA:1721,127,0,1
BRDA:1721,128,0,514
BRDA:1721,129,0,588
BRDA:1722,130,0,1
BRDA:1724,131,0,1
BRDA:1725,132,0,1
BRDA:1726,133,0,93
BRDA:1727,134,0,552
BRDA:1729,135,0,2
BRDA:1731,136,0,1
BRDA:1732,137,0,2
BRDA:1736,138,0,514
BRDA:1736,139,0,390
BRDA:1743,140,0,919
BRDA:1744,141,0,918
BRDA:1744,142,0,1
BRDA:1747,143,0,943
BRDA:1748,144,0,1
BRDA:1749,145,0,2
BRDA:1752,146,0,943
BRDA:1754,147,0,23
BRDA:1755,148,0,920
BRDA:1755,149,0,709
BRDA:1755,150,0,219
BRDA:1756,151,0,701
BRDA:1759,152,0,161
BRDA:1760,153,0,142
BRDA:1760,154,0,20
BRDA:1761,155,0,17
BRDA:1762,156,0,17
BRDA:1763,157,0,144
BRDA:1765,158,0,1
BRDA:1766,159,0,1
BRDA:1769,160,0,1223
BRDA:1771,161,0,283
BRDA:1775,162,0,940
BRDA:1778,163,0,218
BRDA:1778,164,0,722
BRDA:1780,165,0,940
BRDA:1780,166,0,940
BRDA:1780,167,0,22
BRDA:1789,168,0,918
BRDA:1791,169,0,1
BRDA:1791,170,0,917
BRDA:1800,171,0,144
BRDA:1802,172,0,286
BRDA:1803,173,0,3
BRDA:1805,174,0,144
BRDA:1764,175,0,286
BRDA:1765,176,0,144
BRDA:1765,177,0,1
BRDA:1766,178,0,286
BRDA:1801,179,0,1223
BRDA:1808,180,0,157
BRDA:1818,181,0,604
BRDA:1819,182,0,52
BRDA:1821,183,0,48
BRDA:1824,184,0,552
BRDA:1824,185,0,30
BRDA:1826,186,0,24
BRDA:1829,187,0,522
BRDA:1829,188,0,512
BRDA:1831,189,0,510
BRDA:1834,190,0,602
BRDA:1834,191,0,10
BRDA:1836,192,0,1
BRDA:1840,193,0,157
BRDA:1844,194,0,156
BRDA:1844,195,0,1
BRDA:1861,196,0,1392
BRDA:1864,197,0,387
BRDA:1864,198,0,1005
BRDA:1864,199,0,36
BRDA:1864,200,0,969
BRDA:1866,201,0,603
BRDA:1870,202,0,591
BRDA:1870,203,0,12
BRDA:1884,204,0,8
BRDA:1888,205,0,177
BRDA:1889,206,0,176
BRDA:1889,207,0,1
BRDA:1891,208,0,22
BRDA:1891,209,0,21
BRDA:1892,210,0,156
BRDA:1896,211,0,1
BRF:212
BRH:212
end_of_record
